This file contains any messages produced by compilers while
running configure, to aid debugging if configure makes a mistake.

It was created by Raven Core configure 2.5.1, which was
generated by GNU Autoconf 2.69.  Invocation command line was

  $ ./configure --prefix=/home/ravenpi/Ravencoin-2.5.1/depends/arm-linux-gnueabihf --enable-glibc-back-compat --enable-reduce-exports LDFLAGS=-static-libstdc++

## --------- ##
## Platform. ##
## --------- ##

hostname = terminalserver
uname -m = x86_64
uname -r = 4.4.0-150-generic
uname -s = Linux
uname -v = #176-Ubuntu SMP Wed May 29 18:56:26 UTC 2019

/usr/bin/uname -p = unknown
/bin/uname -X     = unknown

/bin/arch              = unknown
/usr/bin/arch -k       = unknown
/usr/convex/getsysinfo = unknown
/usr/bin/hostinfo      = unknown
/bin/machine           = unknown
/usr/bin/oslevel       = unknown
/bin/universe          = unknown

PATH: /usr/local/sbin
PATH: /usr/local/bin
PATH: /usr/sbin
PATH: /usr/bin
PATH: /sbin
PATH: /bin
PATH: /snap/bin


## ----------- ##
## Core tests. ##
## ----------- ##

configure:2877: loading site script /home/ravenpi/Ravencoin-2.5.1/depends/arm-linux-gnueabihf/share/config.site
| depends_prefix="`dirname ${ac_site_file}`/.."
| 
| cross_compiling=maybe
| host_alias=arm-linux-gnueabihf
| ac_tool_prefix=${host_alias}-
| 
| if test -z $with_boost; then
|   with_boost=$depends_prefix
| fi
| if test -z $with_qt_plugindir; then
|   with_qt_plugindir=$depends_prefix/plugins
| fi
| if test -z $with_qt_translationdir; then
|   with_qt_translationdir=$depends_prefix/translations
| fi
| if test -z $with_qt_bindir && test -z "1"; then
|   with_qt_bindir=$depends_prefix/native/bin
| fi
| if test -z $with_protoc_bindir && test -z "1"; then
|   with_protoc_bindir=$depends_prefix/native/bin
| fi
| 
| 
| if test -z $enable_wallet && test -n ""; then
|   enable_wallet=no
| fi
| 
| if test -z $with_miniupnpc && test -n ""; then
|   with_miniupnpc=no
| fi
| 
| if test -z $with_gui && test -n "1"; then
|   with_gui=no
| fi
| 
| if test xlinux = xdarwin; then
|   BREW=no
|   PORT=no
| fi
| 
| if test xlinux = xmingw32; then
|   if test -z $with_qt_incdir; then
|     with_qt_incdir=$depends_prefix/include
|   fi
|   if test -z $with_qt_libdir; then
|     with_qt_libdir=$depends_prefix/lib
|   fi
| fi
| 
| PATH=$depends_prefix/native/bin:$PATH
| PKG_CONFIG="`which pkg-config` --static"
| 
| # These two need to remain exported because pkg-config does not see them
| # otherwise. That means they must be unexported at the end of configure.ac to
| # avoid ruining the cache. Sigh.
| export PKG_CONFIG_PATH=$depends_prefix/share/pkgconfig:$depends_prefix/lib/pkgconfig
| if test -z ""; then
|   export PKGCONFIG_LIBDIR=
| fi
| 
| CPPFLAGS="-I$depends_prefix/include/ $CPPFLAGS"
| LDFLAGS="-L$depends_prefix/lib $LDFLAGS"
| 
| CC="arm-linux-gnueabihf-gcc"
| CXX="arm-linux-gnueabihf-g++"
| OBJC="${CC}"
| CCACHE=$depends_prefix/native/bin/ccache
| PYTHONPATH=$depends_prefix/native/lib/python/dist-packages:$PYTHONPATH
| 
| if test -n "arm-linux-gnueabihf-ar"; then
|   AR=arm-linux-gnueabihf-ar
|   ac_cv_path_ac_pt_AR=${AR}
| fi
| 
| if test -n "arm-linux-gnueabihf-ranlib"; then
|   RANLIB=arm-linux-gnueabihf-ranlib
|   ac_cv_path_ac_pt_RANLIB=${RANLIB}
| fi
| 
| if test -n "arm-linux-gnueabihf-nm"; then
|   NM=arm-linux-gnueabihf-nm
|   ac_cv_path_ac_pt_NM=${NM}
| fi
| 
| if test -n ""; then
|   enable_reduce_exports=no
| fi
| 
| if test -n "-pipe -O2"; then
|   CFLAGS="-pipe -O2 $CFLAGS"
| fi
| if test -n "-pipe -O2"; then
|   CXXFLAGS="-pipe -O2 $CXXFLAGS"
| fi
| if test -n ""; then
|   CPPFLAGS=" $CPPFLAGS"
| fi
| if test -n ""; then
|   LDFLAGS=" $LDFLAGS"
| fi
configure:3021: checking build system type
configure:3035: result: x86_64-pc-linux-gnu
configure:3055: checking host system type
configure:3068: result: arm-unknown-linux-gnueabihf
configure:3111: checking for a BSD-compatible install
configure:3179: result: /usr/bin/install -c
configure:3190: checking whether build environment is sane
configure:3245: result: yes
configure:3304: checking for arm-linux-gnueabihf-strip
configure:3320: found /usr/bin/arm-linux-gnueabihf-strip
configure:3331: result: arm-linux-gnueabihf-strip
configure:3396: checking for a thread-safe mkdir -p
configure:3435: result: /bin/mkdir -p
configure:3442: checking for gawk
configure:3458: found /usr/bin/gawk
configure:3469: result: gawk
configure:3480: checking whether make sets $(MAKE)
configure:3502: result: yes
configure:3531: checking whether make supports nested variables
configure:3548: result: yes
configure:3667: checking whether to enable maintainer-specific portions of Makefiles
configure:3676: result: yes
configure:3701: checking whether make supports nested variables
configure:3718: result: yes
configure:3847: checking for C++ compiler version
configure:3856: arm-linux-gnueabihf-g++ --version >&5
arm-linux-gnueabihf-g++ (Ubuntu/Linaro 5.4.0-6ubuntu1~16.04.9) 5.4.0 20160609
Copyright (C) 2015 Free Software Foundation, Inc.
This is free software; see the source for copying conditions.  There is NO
warranty; not even for MERCHANTABILITY or FITNESS FOR A PARTICULAR PURPOSE.

configure:3867: $? = 0
configure:3856: arm-linux-gnueabihf-g++ -v >&5
Using built-in specs.
COLLECT_GCC=arm-linux-gnueabihf-g++
COLLECT_LTO_WRAPPER=/usr/lib/gcc-cross/arm-linux-gnueabihf/5/lto-wrapper
Target: arm-linux-gnueabihf
Configured with: ../src/configure -v --with-pkgversion='Ubuntu/Linaro 5.4.0-6ubuntu1~16.04.9' --with-bugurl=file:///usr/share/doc/gcc-5/README.Bugs --enable-languages=c,ada,c++,java,go,d,fortran,objc,obj-c++ --prefix=/usr --program-suffix=-5 --enable-shared --enable-linker-build-id --libexecdir=/usr/lib --without-included-gettext --enable-threads=posix --libdir=/usr/lib --enable-nls --with-sysroot=/ --enable-clocale=gnu --enable-libstdcxx-debug --enable-libstdcxx-time=yes --with-default-libstdcxx-abi=new --enable-gnu-unique-object --disable-libitm --disable-libquadmath --enable-plugin --with-system-zlib --disable-browser-plugin --enable-java-awt=gtk --enable-gtk-cairo --with-java-home=/usr/lib/jvm/java-1.5.0-gcj-5-armhf-cross/jre --enable-java-home --with-jvm-root-dir=/usr/lib/jvm/java-1.5.0-gcj-5-armhf-cross --with-jvm-jar-dir=/usr/lib/jvm-exports/java-1.5.0-gcj-5-armhf-cross --with-arch-directory=arm --with-ecj-jar=/usr/share/java/eclipse-ecj.jar --disable-libgcj --enable-objc-gc --enable-multiarch --enable-multilib --disable-sjlj-exceptions --with-arch=armv7-a --with-fpu=vfpv3-d16 --with-float=hard --with-mode=thumb --disable-werror --enable-multilib --enable-checking=release --build=x86_64-linux-gnu --host=x86_64-linux-gnu --target=arm-linux-gnueabihf --program-prefix=arm-linux-gnueabihf- --includedir=/usr/arm-linux-gnueabihf/include
Thread model: posix
gcc version 5.4.0 20160609 (Ubuntu/Linaro 5.4.0-6ubuntu1~16.04.9) 
configure:3867: $? = 0
configure:3856: arm-linux-gnueabihf-g++ -V >&5
arm-linux-gnueabihf-g++: error: unrecognized command line option '-V'
arm-linux-gnueabihf-g++: fatal error: no input files
compilation terminated.
configure:3867: $? = 1
configure:3856: arm-linux-gnueabihf-g++ -qversion >&5
arm-linux-gnueabihf-g++: error: unrecognized command line option '-qversion'
arm-linux-gnueabihf-g++: fatal error: no input files
compilation terminated.
configure:3867: $? = 1
configure:3887: checking whether the C++ compiler works
configure:3909: arm-linux-gnueabihf-g++ -pipe -O2  -I/home/ravenpi/Ravencoin-2.5.1/depends/arm-linux-gnueabihf/share/../include/  -L/home/ravenpi/Ravencoin-2.5.1/depends/arm-linux-gnueabihf/share/../lib -static-libstdc++ conftest.cpp  >&5
configure:3913: $? = 0
configure:3961: result: yes
configure:3964: checking for C++ compiler default output file name
configure:3966: result: a.out
configure:3972: checking for suffix of executables
configure:3979: arm-linux-gnueabihf-g++ -o conftest -pipe -O2  -I/home/ravenpi/Ravencoin-2.5.1/depends/arm-linux-gnueabihf/share/../include/  -L/home/ravenpi/Ravencoin-2.5.1/depends/arm-linux-gnueabihf/share/../lib -static-libstdc++ conftest.cpp  >&5
configure:3983: $? = 0
configure:4005: result: 
configure:4027: checking whether we are cross compiling
configure:4035: arm-linux-gnueabihf-g++ -o conftest -pipe -O2  -I/home/ravenpi/Ravencoin-2.5.1/depends/arm-linux-gnueabihf/share/../include/  -L/home/ravenpi/Ravencoin-2.5.1/depends/arm-linux-gnueabihf/share/../lib -static-libstdc++ conftest.cpp  >&5
configure:4039: $? = 0
configure:4046: ./conftest
./configure: line 4048: ./conftest: cannot execute binary file: Exec format error
configure:4050: $? = 126
configure:4065: result: yes
configure:4070: checking for suffix of object files
configure:4092: arm-linux-gnueabihf-g++ -c -pipe -O2  -I/home/ravenpi/Ravencoin-2.5.1/depends/arm-linux-gnueabihf/share/../include/  conftest.cpp >&5
configure:4096: $? = 0
configure:4117: result: o
configure:4121: checking whether we are using the GNU C++ compiler
configure:4140: arm-linux-gnueabihf-g++ -c -pipe -O2  -I/home/ravenpi/Ravencoin-2.5.1/depends/arm-linux-gnueabihf/share/../include/  conftest.cpp >&5
configure:4140: $? = 0
configure:4149: result: yes
configure:4158: checking whether arm-linux-gnueabihf-g++ accepts -g
configure:4178: arm-linux-gnueabihf-g++ -c -g -I/home/ravenpi/Ravencoin-2.5.1/depends/arm-linux-gnueabihf/share/../include/  conftest.cpp >&5
configure:4178: $? = 0
configure:4219: result: yes
configure:4253: checking for style of include used by make
configure:4281: result: GNU
configure:4307: checking dependency style of arm-linux-gnueabihf-g++
configure:4418: result: gcc3
configure:4456: checking whether arm-linux-gnueabihf-g++ supports C++11 features with -std=c++11
configure:4752: arm-linux-gnueabihf-g++ -std=c++11 -c -pipe -O2  -I/home/ravenpi/Ravencoin-2.5.1/depends/arm-linux-gnueabihf/share/../include/  conftest.cpp >&5
configure:4752: $? = 0
configure:4761: result: yes
configure:4805: checking whether std::atomic can be used without link library
configure:4823: arm-linux-gnueabihf-g++ -std=c++11 -o conftest -pipe -O2  -I/home/ravenpi/Ravencoin-2.5.1/depends/arm-linux-gnueabihf/share/../include/  -L/home/ravenpi/Ravencoin-2.5.1/depends/arm-linux-gnueabihf/share/../lib -static-libstdc++ conftest.cpp  >&5
configure:4823: $? = 0
configure:4825: result: yes
configure:4894: checking for arm-linux-gnueabihf-g++
configure:4921: result: arm-linux-gnueabihf-g++ -std=c++11
configure:4990: checking for Objective C++ compiler version
configure:4999: arm-linux-gnueabihf-g++ -std=c++11 --version >&5
arm-linux-gnueabihf-g++ (Ubuntu/Linaro 5.4.0-6ubuntu1~16.04.9) 5.4.0 20160609
Copyright (C) 2015 Free Software Foundation, Inc.
This is free software; see the source for copying conditions.  There is NO
warranty; not even for MERCHANTABILITY or FITNESS FOR A PARTICULAR PURPOSE.

configure:5010: $? = 0
configure:4999: arm-linux-gnueabihf-g++ -std=c++11 -v >&5
Using built-in specs.
COLLECT_GCC=arm-linux-gnueabihf-g++
COLLECT_LTO_WRAPPER=/usr/lib/gcc-cross/arm-linux-gnueabihf/5/lto-wrapper
Target: arm-linux-gnueabihf
Configured with: ../src/configure -v --with-pkgversion='Ubuntu/Linaro 5.4.0-6ubuntu1~16.04.9' --with-bugurl=file:///usr/share/doc/gcc-5/README.Bugs --enable-languages=c,ada,c++,java,go,d,fortran,objc,obj-c++ --prefix=/usr --program-suffix=-5 --enable-shared --enable-linker-build-id --libexecdir=/usr/lib --without-included-gettext --enable-threads=posix --libdir=/usr/lib --enable-nls --with-sysroot=/ --enable-clocale=gnu --enable-libstdcxx-debug --enable-libstdcxx-time=yes --with-default-libstdcxx-abi=new --enable-gnu-unique-object --disable-libitm --disable-libquadmath --enable-plugin --with-system-zlib --disable-browser-plugin --enable-java-awt=gtk --enable-gtk-cairo --with-java-home=/usr/lib/jvm/java-1.5.0-gcj-5-armhf-cross/jre --enable-java-home --with-jvm-root-dir=/usr/lib/jvm/java-1.5.0-gcj-5-armhf-cross --with-jvm-jar-dir=/usr/lib/jvm-exports/java-1.5.0-gcj-5-armhf-cross --with-arch-directory=arm --with-ecj-jar=/usr/share/java/eclipse-ecj.jar --disable-libgcj --enable-objc-gc --enable-multiarch --enable-multilib --disable-sjlj-exceptions --with-arch=armv7-a --with-fpu=vfpv3-d16 --with-float=hard --with-mode=thumb --disable-werror --enable-multilib --enable-checking=release --build=x86_64-linux-gnu --host=x86_64-linux-gnu --target=arm-linux-gnueabihf --program-prefix=arm-linux-gnueabihf- --includedir=/usr/arm-linux-gnueabihf/include
Thread model: posix
gcc version 5.4.0 20160609 (Ubuntu/Linaro 5.4.0-6ubuntu1~16.04.9) 
configure:5010: $? = 0
configure:4999: arm-linux-gnueabihf-g++ -std=c++11 -V >&5
arm-linux-gnueabihf-g++: error: unrecognized command line option '-V'
arm-linux-gnueabihf-g++: fatal error: no input files
compilation terminated.
configure:5010: $? = 1
configure:4999: arm-linux-gnueabihf-g++ -std=c++11 -qversion >&5
arm-linux-gnueabihf-g++: error: unrecognized command line option '-qversion'
arm-linux-gnueabihf-g++: fatal error: no input files
compilation terminated.
configure:5010: $? = 1
configure:5014: checking whether we are using the GNU Objective C++ compiler
configure:5033: arm-linux-gnueabihf-g++ -std=c++11 -c  -I/home/ravenpi/Ravencoin-2.5.1/depends/arm-linux-gnueabihf/share/../include/  conftest.mm >&5
arm-linux-gnueabihf-g++: error trying to exec 'cc1objplus': execvp: No such file or directory
configure:5033: $? = 1
configure: failed program was:
| /* confdefs.h */
| #define PACKAGE_NAME "Raven Core"
| #define PACKAGE_TARNAME "raven"
| #define PACKAGE_VERSION "2.5.1"
| #define PACKAGE_STRING "Raven Core 2.5.1"
| #define PACKAGE_BUGREPORT "https://github.com/RavenProject/Ravencoin/issues"
| #define PACKAGE_URL "https://ravencoin.org/"
| #define HAVE_CXX11 1
| /* end confdefs.h.  */
| 
| int
| main ()
| {
| #ifndef __GNUC__
|        choke me
| #endif
| 
|   ;
|   return 0;
| }
configure:5042: result: no
configure:5051: checking whether arm-linux-gnueabihf-g++ -std=c++11 accepts -g
configure:5071: arm-linux-gnueabihf-g++ -std=c++11 -c -g -I/home/ravenpi/Ravencoin-2.5.1/depends/arm-linux-gnueabihf/share/../include/  conftest.mm >&5
arm-linux-gnueabihf-g++: error trying to exec 'cc1objplus': execvp: No such file or directory
configure:5071: $? = 1
configure: failed program was:
| /* confdefs.h */
| #define PACKAGE_NAME "Raven Core"
| #define PACKAGE_TARNAME "raven"
| #define PACKAGE_VERSION "2.5.1"
| #define PACKAGE_STRING "Raven Core 2.5.1"
| #define PACKAGE_BUGREPORT "https://github.com/RavenProject/Ravencoin/issues"
| #define PACKAGE_URL "https://ravencoin.org/"
| #define HAVE_CXX11 1
| /* end confdefs.h.  */
| 
| int
| main ()
| {
| 
|   ;
|   return 0;
| }
configure:5086: arm-linux-gnueabihf-g++ -std=c++11 -c  -I/home/ravenpi/Ravencoin-2.5.1/depends/arm-linux-gnueabihf/share/../include/  conftest.mm >&5
arm-linux-gnueabihf-g++: error trying to exec 'cc1objplus': execvp: No such file or directory
configure:5086: $? = 1
configure: failed program was:
| /* confdefs.h */
| #define PACKAGE_NAME "Raven Core"
| #define PACKAGE_TARNAME "raven"
| #define PACKAGE_VERSION "2.5.1"
| #define PACKAGE_STRING "Raven Core 2.5.1"
| #define PACKAGE_BUGREPORT "https://github.com/RavenProject/Ravencoin/issues"
| #define PACKAGE_URL "https://ravencoin.org/"
| #define HAVE_CXX11 1
| /* end confdefs.h.  */
| 
| int
| main ()
| {
| 
|   ;
|   return 0;
| }
configure:5102: arm-linux-gnueabihf-g++ -std=c++11 -c -g -I/home/ravenpi/Ravencoin-2.5.1/depends/arm-linux-gnueabihf/share/../include/  conftest.mm >&5
arm-linux-gnueabihf-g++: error trying to exec 'cc1objplus': execvp: No such file or directory
configure:5102: $? = 1
configure: failed program was:
| /* confdefs.h */
| #define PACKAGE_NAME "Raven Core"
| #define PACKAGE_TARNAME "raven"
| #define PACKAGE_VERSION "2.5.1"
| #define PACKAGE_STRING "Raven Core 2.5.1"
| #define PACKAGE_BUGREPORT "https://github.com/RavenProject/Ravencoin/issues"
| #define PACKAGE_URL "https://ravencoin.org/"
| #define HAVE_CXX11 1
| /* end confdefs.h.  */
| 
| int
| main ()
| {
| 
|   ;
|   return 0;
| }
configure:5112: result: no
configure:5137: checking dependency style of arm-linux-gnueabihf-g++ -std=c++11
configure:5246: result: gcc3
configure:5309: checking how to print strings
configure:5336: result: printf
configure:5365: checking for arm-linux-gnueabihf-gcc
configure:5392: result: arm-linux-gnueabihf-gcc
configure:5661: checking for C compiler version
configure:5670: arm-linux-gnueabihf-gcc --version >&5
arm-linux-gnueabihf-gcc (Ubuntu/Linaro 5.4.0-6ubuntu1~16.04.9) 5.4.0 20160609
Copyright (C) 2015 Free Software Foundation, Inc.
This is free software; see the source for copying conditions.  There is NO
warranty; not even for MERCHANTABILITY or FITNESS FOR A PARTICULAR PURPOSE.

configure:5681: $? = 0
configure:5670: arm-linux-gnueabihf-gcc -v >&5
Using built-in specs.
COLLECT_GCC=arm-linux-gnueabihf-gcc
COLLECT_LTO_WRAPPER=/usr/lib/gcc-cross/arm-linux-gnueabihf/5/lto-wrapper
Target: arm-linux-gnueabihf
Configured with: ../src/configure -v --with-pkgversion='Ubuntu/Linaro 5.4.0-6ubuntu1~16.04.9' --with-bugurl=file:///usr/share/doc/gcc-5/README.Bugs --enable-languages=c,ada,c++,java,go,d,fortran,objc,obj-c++ --prefix=/usr --program-suffix=-5 --enable-shared --enable-linker-build-id --libexecdir=/usr/lib --without-included-gettext --enable-threads=posix --libdir=/usr/lib --enable-nls --with-sysroot=/ --enable-clocale=gnu --enable-libstdcxx-debug --enable-libstdcxx-time=yes --with-default-libstdcxx-abi=new --enable-gnu-unique-object --disable-libitm --disable-libquadmath --enable-plugin --with-system-zlib --disable-browser-plugin --enable-java-awt=gtk --enable-gtk-cairo --with-java-home=/usr/lib/jvm/java-1.5.0-gcj-5-armhf-cross/jre --enable-java-home --with-jvm-root-dir=/usr/lib/jvm/java-1.5.0-gcj-5-armhf-cross --with-jvm-jar-dir=/usr/lib/jvm-exports/java-1.5.0-gcj-5-armhf-cross --with-arch-directory=arm --with-ecj-jar=/usr/share/java/eclipse-ecj.jar --disable-libgcj --enable-objc-gc --enable-multiarch --enable-multilib --disable-sjlj-exceptions --with-arch=armv7-a --with-fpu=vfpv3-d16 --with-float=hard --with-mode=thumb --disable-werror --enable-multilib --enable-checking=release --build=x86_64-linux-gnu --host=x86_64-linux-gnu --target=arm-linux-gnueabihf --program-prefix=arm-linux-gnueabihf- --includedir=/usr/arm-linux-gnueabihf/include
Thread model: posix
gcc version 5.4.0 20160609 (Ubuntu/Linaro 5.4.0-6ubuntu1~16.04.9) 
configure:5681: $? = 0
configure:5670: arm-linux-gnueabihf-gcc -V >&5
arm-linux-gnueabihf-gcc: error: unrecognized command line option '-V'
arm-linux-gnueabihf-gcc: fatal error: no input files
compilation terminated.
configure:5681: $? = 1
configure:5670: arm-linux-gnueabihf-gcc -qversion >&5
arm-linux-gnueabihf-gcc: error: unrecognized command line option '-qversion'
arm-linux-gnueabihf-gcc: fatal error: no input files
compilation terminated.
configure:5681: $? = 1
configure:5685: checking whether we are using the GNU C compiler
configure:5704: arm-linux-gnueabihf-gcc -c -pipe -O2  -I/home/ravenpi/Ravencoin-2.5.1/depends/arm-linux-gnueabihf/share/../include/  conftest.c >&5
configure:5704: $? = 0
configure:5713: result: yes
configure:5722: checking whether arm-linux-gnueabihf-gcc accepts -g
configure:5742: arm-linux-gnueabihf-gcc -c -g -I/home/ravenpi/Ravencoin-2.5.1/depends/arm-linux-gnueabihf/share/../include/  conftest.c >&5
configure:5742: $? = 0
configure:5783: result: yes
configure:5800: checking for arm-linux-gnueabihf-gcc option to accept ISO C89
configure:5863: arm-linux-gnueabihf-gcc  -c -pipe -O2  -I/home/ravenpi/Ravencoin-2.5.1/depends/arm-linux-gnueabihf/share/../include/  conftest.c >&5
configure:5863: $? = 0
configure:5876: result: none needed
configure:5901: checking whether arm-linux-gnueabihf-gcc understands -c and -o together
configure:5923: arm-linux-gnueabihf-gcc -c conftest.c -o conftest2.o
configure:5926: $? = 0
configure:5923: arm-linux-gnueabihf-gcc -c conftest.c -o conftest2.o
configure:5926: $? = 0
configure:5938: result: yes
configure:5957: checking dependency style of arm-linux-gnueabihf-gcc
configure:6068: result: gcc3
configure:6083: checking for a sed that does not truncate output
configure:6147: result: /bin/sed
configure:6165: checking for grep that handles long lines and -e
configure:6223: result: /bin/grep
configure:6228: checking for egrep
configure:6290: result: /bin/grep -E
configure:6295: checking for fgrep
configure:6357: result: /bin/grep -F
configure:6392: checking for ld used by arm-linux-gnueabihf-gcc
configure:6459: result: /usr/arm-linux-gnueabihf/bin/ld
configure:6466: checking if the linker (/usr/arm-linux-gnueabihf/bin/ld) is GNU ld
configure:6481: result: yes
configure:6493: checking for BSD- or MS-compatible name lister (nm)
configure:6547: result: arm-linux-gnueabihf-nm
configure:6677: checking the name lister (arm-linux-gnueabihf-nm) interface
configure:6684: arm-linux-gnueabihf-gcc -c -pipe -O2  -I/home/ravenpi/Ravencoin-2.5.1/depends/arm-linux-gnueabihf/share/../include/  conftest.c >&5
configure:6687: arm-linux-gnueabihf-nm "conftest.o"
configure:6690: output
00000000 B some_variable
configure:6697: result: BSD nm
configure:6700: checking whether ln -s works
configure:6704: result: yes
configure:6712: checking the maximum length of command line arguments
configure:6843: result: 1572864
configure:6891: checking how to convert x86_64-pc-linux-gnu file names to arm-unknown-linux-gnueabihf format
configure:6931: result: func_convert_file_noop
configure:6938: checking how to convert x86_64-pc-linux-gnu file names to toolchain format
configure:6958: result: func_convert_file_noop
configure:6965: checking for /usr/arm-linux-gnueabihf/bin/ld option to reload object files
configure:6972: result: -r
configure:7006: checking for arm-linux-gnueabihf-objdump
configure:7022: found /usr/bin/arm-linux-gnueabihf-objdump
configure:7033: result: arm-linux-gnueabihf-objdump
configure:7105: checking how to recognize dependent libraries
configure:7305: result: pass_all
configure:7350: checking for arm-linux-gnueabihf-dlltool
configure:7380: result: no
configure:7390: checking for dlltool
configure:7420: result: no
configure:7450: checking how to associate runtime and link libraries
configure:7477: result: printf %s\n
configure:7494: checking for arm-linux-gnueabihf-ar
configure:7521: result: arm-linux-gnueabihf-ar
configure:7602: checking for archiver @FILE support
configure:7619: arm-linux-gnueabihf-gcc -c -pipe -O2  -I/home/ravenpi/Ravencoin-2.5.1/depends/arm-linux-gnueabihf/share/../include/  conftest.c >&5
configure:7619: $? = 0
configure:7622: arm-linux-gnueabihf-ar cru libconftest.a @conftest.lst >&5
arm-linux-gnueabihf-ar: `u' modifier ignored since `D' is the default (see `U')
configure:7625: $? = 0
configure:7630: arm-linux-gnueabihf-ar cru libconftest.a @conftest.lst >&5
arm-linux-gnueabihf-ar: `u' modifier ignored since `D' is the default (see `U')
arm-linux-gnueabihf-ar: conftest.o: No such file or directory
configure:7633: $? = 1
configure:7645: result: @
configure:7663: checking for arm-linux-gnueabihf-strip
configure:7690: result: arm-linux-gnueabihf-strip
configure:7762: checking for arm-linux-gnueabihf-ranlib
configure:7789: result: arm-linux-gnueabihf-ranlib
configure:7931: checking command to parse arm-linux-gnueabihf-nm output from arm-linux-gnueabihf-gcc object
configure:8084: arm-linux-gnueabihf-gcc -c -pipe -O2  -I/home/ravenpi/Ravencoin-2.5.1/depends/arm-linux-gnueabihf/share/../include/  conftest.c >&5
configure:8087: $? = 0
configure:8091: arm-linux-gnueabihf-nm conftest.o \| sed -n -e 's/^.*[ ]\([ABCDGIRSTW][ABCDGIRSTW]*\)[ ][ ]*\([_A-Za-z][_A-Za-z0-9]*\)$/\1 \2 \2/p' | sed '/ __gnu_lto/d' \> conftest.nm
configure:8094: $? = 0
configure:8160: arm-linux-gnueabihf-gcc -o conftest -pipe -O2  -I/home/ravenpi/Ravencoin-2.5.1/depends/arm-linux-gnueabihf/share/../include/  -L/home/ravenpi/Ravencoin-2.5.1/depends/arm-linux-gnueabihf/share/../lib -static-libstdc++ conftest.c conftstm.o >&5
configure:8163: $? = 0
configure:8201: result: ok
configure:8248: checking for sysroot
configure:8278: result: no
configure:8285: checking for a working dd
configure:8323: result: /bin/dd
configure:8327: checking how to truncate binary pipes
configure:8342: result: /bin/dd bs=4096 count=1
configure:8631: checking for arm-linux-gnueabihf-mt
configure:8661: result: no
configure:8671: checking for mt
configure:8687: found /bin/mt
configure:8698: result: mt
configure:8710: WARNING: using cross tools not prefixed with host triplet
configure:8721: checking if mt is a manifest tool
configure:8727: mt '-?'
configure:8735: result: no
configure:9412: checking how to run the C preprocessor
configure:9443: arm-linux-gnueabihf-gcc -E -I/home/ravenpi/Ravencoin-2.5.1/depends/arm-linux-gnueabihf/share/../include/  conftest.c
configure:9443: $? = 0
configure:9457: arm-linux-gnueabihf-gcc -E -I/home/ravenpi/Ravencoin-2.5.1/depends/arm-linux-gnueabihf/share/../include/  conftest.c
conftest.c:10:28: fatal error: ac_nonexistent.h: No such file or directory
compilation terminated.
configure:9457: $? = 1
configure: failed program was:
| /* confdefs.h */
| #define PACKAGE_NAME "Raven Core"
| #define PACKAGE_TARNAME "raven"
| #define PACKAGE_VERSION "2.5.1"
| #define PACKAGE_STRING "Raven Core 2.5.1"
| #define PACKAGE_BUGREPORT "https://github.com/RavenProject/Ravencoin/issues"
| #define PACKAGE_URL "https://ravencoin.org/"
| #define HAVE_CXX11 1
| /* end confdefs.h.  */
| #include <ac_nonexistent.h>
configure:9482: result: arm-linux-gnueabihf-gcc -E
configure:9502: arm-linux-gnueabihf-gcc -E -I/home/ravenpi/Ravencoin-2.5.1/depends/arm-linux-gnueabihf/share/../include/  conftest.c
configure:9502: $? = 0
configure:9516: arm-linux-gnueabihf-gcc -E -I/home/ravenpi/Ravencoin-2.5.1/depends/arm-linux-gnueabihf/share/../include/  conftest.c
conftest.c:10:28: fatal error: ac_nonexistent.h: No such file or directory
compilation terminated.
configure:9516: $? = 1
configure: failed program was:
| /* confdefs.h */
| #define PACKAGE_NAME "Raven Core"
| #define PACKAGE_TARNAME "raven"
| #define PACKAGE_VERSION "2.5.1"
| #define PACKAGE_STRING "Raven Core 2.5.1"
| #define PACKAGE_BUGREPORT "https://github.com/RavenProject/Ravencoin/issues"
| #define PACKAGE_URL "https://ravencoin.org/"
| #define HAVE_CXX11 1
| /* end confdefs.h.  */
| #include <ac_nonexistent.h>
configure:9545: checking for ANSI C header files
configure:9565: arm-linux-gnueabihf-gcc -c -pipe -O2  -I/home/ravenpi/Ravencoin-2.5.1/depends/arm-linux-gnueabihf/share/../include/  conftest.c >&5
configure:9565: $? = 0
configure:9649: result: yes
configure:9662: checking for sys/types.h
configure:9662: arm-linux-gnueabihf-gcc -c -pipe -O2  -I/home/ravenpi/Ravencoin-2.5.1/depends/arm-linux-gnueabihf/share/../include/  conftest.c >&5
configure:9662: $? = 0
configure:9662: result: yes
configure:9662: checking for sys/stat.h
configure:9662: arm-linux-gnueabihf-gcc -c -pipe -O2  -I/home/ravenpi/Ravencoin-2.5.1/depends/arm-linux-gnueabihf/share/../include/  conftest.c >&5
configure:9662: $? = 0
configure:9662: result: yes
configure:9662: checking for stdlib.h
configure:9662: arm-linux-gnueabihf-gcc -c -pipe -O2  -I/home/ravenpi/Ravencoin-2.5.1/depends/arm-linux-gnueabihf/share/../include/  conftest.c >&5
configure:9662: $? = 0
configure:9662: result: yes
configure:9662: checking for string.h
configure:9662: arm-linux-gnueabihf-gcc -c -pipe -O2  -I/home/ravenpi/Ravencoin-2.5.1/depends/arm-linux-gnueabihf/share/../include/  conftest.c >&5
configure:9662: $? = 0
configure:9662: result: yes
configure:9662: checking for memory.h
configure:9662: arm-linux-gnueabihf-gcc -c -pipe -O2  -I/home/ravenpi/Ravencoin-2.5.1/depends/arm-linux-gnueabihf/share/../include/  conftest.c >&5
configure:9662: $? = 0
configure:9662: result: yes
configure:9662: checking for strings.h
configure:9662: arm-linux-gnueabihf-gcc -c -pipe -O2  -I/home/ravenpi/Ravencoin-2.5.1/depends/arm-linux-gnueabihf/share/../include/  conftest.c >&5
configure:9662: $? = 0
configure:9662: result: yes
configure:9662: checking for inttypes.h
configure:9662: arm-linux-gnueabihf-gcc -c -pipe -O2  -I/home/ravenpi/Ravencoin-2.5.1/depends/arm-linux-gnueabihf/share/../include/  conftest.c >&5
configure:9662: $? = 0
configure:9662: result: yes
configure:9662: checking for stdint.h
configure:9662: arm-linux-gnueabihf-gcc -c -pipe -O2  -I/home/ravenpi/Ravencoin-2.5.1/depends/arm-linux-gnueabihf/share/../include/  conftest.c >&5
configure:9662: $? = 0
configure:9662: result: yes
configure:9662: checking for unistd.h
configure:9662: arm-linux-gnueabihf-gcc -c -pipe -O2  -I/home/ravenpi/Ravencoin-2.5.1/depends/arm-linux-gnueabihf/share/../include/  conftest.c >&5
configure:9662: $? = 0
configure:9662: result: yes
configure:9676: checking for dlfcn.h
configure:9676: arm-linux-gnueabihf-gcc -c -pipe -O2  -I/home/ravenpi/Ravencoin-2.5.1/depends/arm-linux-gnueabihf/share/../include/  conftest.c >&5
configure:9676: $? = 0
configure:9676: result: yes
configure:9941: checking for objdir
configure:9956: result: .libs
configure:10220: checking if arm-linux-gnueabihf-gcc supports -fno-rtti -fno-exceptions
configure:10238: arm-linux-gnueabihf-gcc -c -pipe -O2  -I/home/ravenpi/Ravencoin-2.5.1/depends/arm-linux-gnueabihf/share/../include/  -fno-rtti -fno-exceptions conftest.c >&5
cc1: warning: command line option '-fno-rtti' is valid for C++/ObjC++ but not for C
configure:10242: $? = 0
configure:10255: result: no
configure:10613: checking for arm-linux-gnueabihf-gcc option to produce PIC
configure:10620: result: -fPIC -DPIC
configure:10628: checking if arm-linux-gnueabihf-gcc PIC flag -fPIC -DPIC works
configure:10646: arm-linux-gnueabihf-gcc -c -pipe -O2  -I/home/ravenpi/Ravencoin-2.5.1/depends/arm-linux-gnueabihf/share/../include/  -fPIC -DPIC -DPIC conftest.c >&5
configure:10650: $? = 0
configure:10663: result: yes
configure:10692: checking if arm-linux-gnueabihf-gcc static flag -static works
configure:10720: result: yes
configure:10735: checking if arm-linux-gnueabihf-gcc supports -c -o file.o
configure:10756: arm-linux-gnueabihf-gcc -c -pipe -O2  -I/home/ravenpi/Ravencoin-2.5.1/depends/arm-linux-gnueabihf/share/../include/  -o out/conftest2.o conftest.c >&5
configure:10760: $? = 0
configure:10782: result: yes
configure:10790: checking if arm-linux-gnueabihf-gcc supports -c -o file.o
configure:10837: result: yes
configure:10870: checking whether the arm-linux-gnueabihf-gcc linker (/usr/arm-linux-gnueabihf/bin/ld) supports shared libraries
configure:12133: result: yes
configure:12170: checking whether -lc should be explicitly linked in
configure:12178: arm-linux-gnueabihf-gcc -c -pipe -O2  -I/home/ravenpi/Ravencoin-2.5.1/depends/arm-linux-gnueabihf/share/../include/  conftest.c >&5
configure:12181: $? = 0
configure:12196: arm-linux-gnueabihf-gcc -shared  -fPIC -DPIC conftest.o  -v -Wl,-soname -Wl,conftest -o conftest 2\>\&1 \| /bin/grep  -lc  \>/dev/null 2\>\&1
configure:12199: $? = 0
configure:12213: result: no
configure:12373: checking dynamic linker characteristics
configure:12954: arm-linux-gnueabihf-gcc -o conftest -pipe -O2  -I/home/ravenpi/Ravencoin-2.5.1/depends/arm-linux-gnueabihf/share/../include/  -L/home/ravenpi/Ravencoin-2.5.1/depends/arm-linux-gnueabihf/share/../lib -static-libstdc++ -Wl,-rpath -Wl,/foo conftest.c  >&5
configure:12954: $? = 0
configure:13203: result: GNU/Linux ld.so
configure:13325: checking how to hardcode library paths into programs
configure:13350: result: immediate
configure:13898: checking whether stripping libraries is possible
configure:13903: result: yes
configure:13938: checking if libtool supports shared libraries
configure:13940: result: yes
configure:13943: checking whether to build shared libraries
configure:13968: result: yes
configure:13971: checking whether to build static libraries
configure:13975: result: yes
configure:13998: checking how to run the C++ preprocessor
configure:14025: arm-linux-gnueabihf-g++ -std=c++11 -E -I/home/ravenpi/Ravencoin-2.5.1/depends/arm-linux-gnueabihf/share/../include/  conftest.cpp
configure:14025: $? = 0
configure:14039: arm-linux-gnueabihf-g++ -std=c++11 -E -I/home/ravenpi/Ravencoin-2.5.1/depends/arm-linux-gnueabihf/share/../include/  conftest.cpp
conftest.cpp:22:28: fatal error: ac_nonexistent.h: No such file or directory
compilation terminated.
configure:14039: $? = 1
configure: failed program was:
| /* confdefs.h */
| #define PACKAGE_NAME "Raven Core"
| #define PACKAGE_TARNAME "raven"
| #define PACKAGE_VERSION "2.5.1"
| #define PACKAGE_STRING "Raven Core 2.5.1"
| #define PACKAGE_BUGREPORT "https://github.com/RavenProject/Ravencoin/issues"
| #define PACKAGE_URL "https://ravencoin.org/"
| #define HAVE_CXX11 1
| #define STDC_HEADERS 1
| #define HAVE_SYS_TYPES_H 1
| #define HAVE_SYS_STAT_H 1
| #define HAVE_STDLIB_H 1
| #define HAVE_STRING_H 1
| #define HAVE_MEMORY_H 1
| #define HAVE_STRINGS_H 1
| #define HAVE_INTTYPES_H 1
| #define HAVE_STDINT_H 1
| #define HAVE_UNISTD_H 1
| #define HAVE_DLFCN_H 1
| #define LT_OBJDIR ".libs/"
| /* end confdefs.h.  */
| #include <ac_nonexistent.h>
configure:14064: result: arm-linux-gnueabihf-g++ -std=c++11 -E
configure:14084: arm-linux-gnueabihf-g++ -std=c++11 -E -I/home/ravenpi/Ravencoin-2.5.1/depends/arm-linux-gnueabihf/share/../include/  conftest.cpp
configure:14084: $? = 0
configure:14098: arm-linux-gnueabihf-g++ -std=c++11 -E -I/home/ravenpi/Ravencoin-2.5.1/depends/arm-linux-gnueabihf/share/../include/  conftest.cpp
conftest.cpp:22:28: fatal error: ac_nonexistent.h: No such file or directory
compilation terminated.
configure:14098: $? = 1
configure: failed program was:
| /* confdefs.h */
| #define PACKAGE_NAME "Raven Core"
| #define PACKAGE_TARNAME "raven"
| #define PACKAGE_VERSION "2.5.1"
| #define PACKAGE_STRING "Raven Core 2.5.1"
| #define PACKAGE_BUGREPORT "https://github.com/RavenProject/Ravencoin/issues"
| #define PACKAGE_URL "https://ravencoin.org/"
| #define HAVE_CXX11 1
| #define STDC_HEADERS 1
| #define HAVE_SYS_TYPES_H 1
| #define HAVE_SYS_STAT_H 1
| #define HAVE_STDLIB_H 1
| #define HAVE_STRING_H 1
| #define HAVE_MEMORY_H 1
| #define HAVE_STRINGS_H 1
| #define HAVE_INTTYPES_H 1
| #define HAVE_STDINT_H 1
| #define HAVE_UNISTD_H 1
| #define HAVE_DLFCN_H 1
| #define LT_OBJDIR ".libs/"
| /* end confdefs.h.  */
| #include <ac_nonexistent.h>
configure:14260: checking for ld used by arm-linux-gnueabihf-g++ -std=c++11
configure:14327: result: /usr/arm-linux-gnueabihf/bin/ld
configure:14334: checking if the linker (/usr/arm-linux-gnueabihf/bin/ld) is GNU ld
configure:14349: result: yes
configure:14404: checking whether the arm-linux-gnueabihf-g++ -std=c++11 linker (/usr/arm-linux-gnueabihf/bin/ld) supports shared libraries
configure:15477: result: yes
configure:15513: arm-linux-gnueabihf-g++ -std=c++11 -c -pipe -O2  -I/home/ravenpi/Ravencoin-2.5.1/depends/arm-linux-gnueabihf/share/../include/  conftest.cpp >&5
configure:15516: $? = 0
configure:15997: checking for arm-linux-gnueabihf-g++ -std=c++11 option to produce PIC
configure:16004: result: -fPIC -DPIC
configure:16012: checking if arm-linux-gnueabihf-g++ -std=c++11 PIC flag -fPIC -DPIC works
configure:16030: arm-linux-gnueabihf-g++ -std=c++11 -c -pipe -O2  -I/home/ravenpi/Ravencoin-2.5.1/depends/arm-linux-gnueabihf/share/../include/  -fPIC -DPIC -DPIC conftest.cpp >&5
configure:16034: $? = 0
configure:16047: result: yes
configure:16070: checking if arm-linux-gnueabihf-g++ -std=c++11 static flag -static works
configure:16098: result: yes
configure:16110: checking if arm-linux-gnueabihf-g++ -std=c++11 supports -c -o file.o
configure:16131: arm-linux-gnueabihf-g++ -std=c++11 -c -pipe -O2  -I/home/ravenpi/Ravencoin-2.5.1/depends/arm-linux-gnueabihf/share/../include/  -o out/conftest2.o conftest.cpp >&5
configure:16135: $? = 0
configure:16157: result: yes
configure:16162: checking if arm-linux-gnueabihf-g++ -std=c++11 supports -c -o file.o
configure:16209: result: yes
configure:16239: checking whether the arm-linux-gnueabihf-g++ -std=c++11 linker (/usr/arm-linux-gnueabihf/bin/ld) supports shared libraries
configure:16282: result: yes
configure:16423: checking dynamic linker characteristics
configure:17180: result: GNU/Linux ld.so
configure:17245: checking how to hardcode library paths into programs
configure:17270: result: immediate
configure:17335: checking for arm-linux-gnueabihf-ar
configure:17353: found /usr/bin/arm-linux-gnueabihf-ar
configure:17365: result: /usr/bin/arm-linux-gnueabihf-ar
configure:17433: checking for arm-linux-gnueabihf-ranlib
configure:17451: found /usr/bin/arm-linux-gnueabihf-ranlib
configure:17463: result: /usr/bin/arm-linux-gnueabihf-ranlib
configure:17531: checking for arm-linux-gnueabihf-strip
configure:17549: found /usr/bin/arm-linux-gnueabihf-strip
configure:17561: result: /usr/bin/arm-linux-gnueabihf-strip
configure:17629: checking for arm-linux-gnueabihf-gcov
configure:17647: found /usr/bin/arm-linux-gnueabihf-gcov
configure:17659: result: /usr/bin/arm-linux-gnueabihf-gcov
configure:17726: checking for lcov
configure:17759: result: no
configure:17768: checking for python3.6
configure:17801: result: no
configure:17768: checking for python3.5
configure:17786: found /usr/bin/python3.5
configure:17798: result: /usr/bin/python3.5
configure:17811: checking for genhtml
configure:17844: result: no
configure:17851: checking for git
configure:17869: found /usr/bin/git
configure:17881: result: /usr/bin/git
configure:17891: checking for ccache
configure:17921: result: /home/ravenpi/Ravencoin-2.5.1/depends/arm-linux-gnueabihf/share/../native/bin/ccache
configure:17931: checking for xgettext
configure:17964: result: no
configure:17971: checking for hexdump
configure:17989: found /usr/bin/hexdump
configure:18001: result: /usr/bin/hexdump
configure:18012: checking for arm-linux-gnueabihf-readelf
configure:18030: found /usr/bin/arm-linux-gnueabihf-readelf
configure:18042: result: /usr/bin/arm-linux-gnueabihf-readelf
configure:18110: checking for arm-linux-gnueabihf-c++filt
configure:18128: found /usr/bin/arm-linux-gnueabihf-c++filt
configure:18140: result: /usr/bin/arm-linux-gnueabihf-c++filt
configure:18208: checking for arm-linux-gnueabihf-objcopy
configure:18226: found /usr/bin/arm-linux-gnueabihf-objcopy
configure:18238: result: /usr/bin/arm-linux-gnueabihf-objcopy
configure:18499: checking whether C++ compiler accepts -Werror
configure:18518: arm-linux-gnueabihf-g++ -std=c++11 -c -pipe -O2   -Werror -I/home/ravenpi/Ravencoin-2.5.1/depends/arm-linux-gnueabihf/share/../include/  conftest.cpp >&5
configure:18518: $? = 0
configure:18526: result: yes
configure:18971: checking whether C++ compiler accepts -msse4.2
configure:18990: arm-linux-gnueabihf-g++ -std=c++11 -c -pipe -O2  -Werror -msse4.2 -I/home/ravenpi/Ravencoin-2.5.1/depends/arm-linux-gnueabihf/share/../include/  conftest.cpp >&5
arm-linux-gnueabihf-g++: error: unrecognized command line option '-msse4.2'
configure:18990: $? = 1
configure: failed program was:
| /* confdefs.h */
| #define PACKAGE_NAME "Raven Core"
| #define PACKAGE_TARNAME "raven"
| #define PACKAGE_VERSION "2.5.1"
| #define PACKAGE_STRING "Raven Core 2.5.1"
| #define PACKAGE_BUGREPORT "https://github.com/RavenProject/Ravencoin/issues"
| #define PACKAGE_URL "https://ravencoin.org/"
| #define HAVE_CXX11 1
| #define STDC_HEADERS 1
| #define HAVE_SYS_TYPES_H 1
| #define HAVE_SYS_STAT_H 1
| #define HAVE_STDLIB_H 1
| #define HAVE_STRING_H 1
| #define HAVE_MEMORY_H 1
| #define HAVE_STRINGS_H 1
| #define HAVE_INTTYPES_H 1
| #define HAVE_STDINT_H 1
| #define HAVE_UNISTD_H 1
| #define HAVE_DLFCN_H 1
| #define LT_OBJDIR ".libs/"
| #define USE_ASM 1
| /* end confdefs.h.  */
| 
| int
| main ()
| {
| 
|   ;
|   return 0;
| }
configure:18999: result: no
configure:19010: checking for assembler crc32 support
configure:19036: arm-linux-gnueabihf-g++ -std=c++11 -c -pipe -O2   -I/home/ravenpi/Ravencoin-2.5.1/depends/arm-linux-gnueabihf/share/../include/  conftest.cpp >&5
conftest.cpp: In function 'int main()':
conftest.cpp:36:26: error: '_mm_crc32_u8' was not declared in this scope
     l = _mm_crc32_u8(l, 0);
                          ^
conftest.cpp:37:27: error: '_mm_crc32_u32' was not declared in this scope
     l = _mm_crc32_u32(l, 0);
                           ^
conftest.cpp:38:27: error: '_mm_crc32_u64' was not declared in this scope
     l = _mm_crc32_u64(l, 0);
                           ^
configure:19036: $? = 1
configure: failed program was:
| /* confdefs.h */
| #define PACKAGE_NAME "Raven Core"
| #define PACKAGE_TARNAME "raven"
| #define PACKAGE_VERSION "2.5.1"
| #define PACKAGE_STRING "Raven Core 2.5.1"
| #define PACKAGE_BUGREPORT "https://github.com/RavenProject/Ravencoin/issues"
| #define PACKAGE_URL "https://ravencoin.org/"
| #define HAVE_CXX11 1
| #define STDC_HEADERS 1
| #define HAVE_SYS_TYPES_H 1
| #define HAVE_SYS_STAT_H 1
| #define HAVE_STDLIB_H 1
| #define HAVE_STRING_H 1
| #define HAVE_MEMORY_H 1
| #define HAVE_STRINGS_H 1
| #define HAVE_INTTYPES_H 1
| #define HAVE_STDINT_H 1
| #define HAVE_UNISTD_H 1
| #define HAVE_DLFCN_H 1
| #define LT_OBJDIR ".libs/"
| #define USE_ASM 1
| /* end confdefs.h.  */
| 
|     #include <stdint.h>
|     #if defined(_MSC_VER)
|     #include <intrin.h>
|     #elif defined(__GNUC__) && defined(__SSE4_2__)
|     #include <nmmintrin.h>
|     #endif
| 
| int
| main ()
| {
| 
|     uint64_t l = 0;
|     l = _mm_crc32_u8(l, 0);
|     l = _mm_crc32_u32(l, 0);
|     l = _mm_crc32_u64(l, 0);
|     return l;
| 
|   ;
|   return 0;
| }
configure:19040: result: no
configure:20693: checking for arm-linux-gnueabihf-pkg-config
configure:20723: result: /usr/bin/pkg-config --static
configure:20791: checking pkg-config is at least version 0.9.0
configure:20794: result: yes
configure:20909: checking whether byte ordering is bigendian
configure:20924: arm-linux-gnueabihf-g++ -std=c++11 -c -pipe -O2  -fPIC -I/home/ravenpi/Ravencoin-2.5.1/depends/arm-linux-gnueabihf/share/../include/  -DHAVE_BUILD_INFO -D__STDC_FORMAT_MACROS -fPIC conftest.cpp >&5
conftest.cpp:24:9: error: expected unqualified-id before 'not' token
         not a universal capable compiler
         ^
configure:20924: $? = 1
configure: failed program was:
| /* confdefs.h */
| #define PACKAGE_NAME "Raven Core"
| #define PACKAGE_TARNAME "raven"
| #define PACKAGE_VERSION "2.5.1"
| #define PACKAGE_STRING "Raven Core 2.5.1"
| #define PACKAGE_BUGREPORT "https://github.com/RavenProject/Ravencoin/issues"
| #define PACKAGE_URL "https://ravencoin.org/"
| #define HAVE_CXX11 1
| #define STDC_HEADERS 1
| #define HAVE_SYS_TYPES_H 1
| #define HAVE_SYS_STAT_H 1
| #define HAVE_STDLIB_H 1
| #define HAVE_STRING_H 1
| #define HAVE_MEMORY_H 1
| #define HAVE_STRINGS_H 1
| #define HAVE_INTTYPES_H 1
| #define HAVE_STDINT_H 1
| #define HAVE_UNISTD_H 1
| #define HAVE_DLFCN_H 1
| #define LT_OBJDIR ".libs/"
| #define USE_ASM 1
| /* end confdefs.h.  */
| #ifndef __APPLE_CC__
| 	       not a universal capable compiler
| 	     #endif
| 	     typedef int dummy;
| 
configure:20969: arm-linux-gnueabihf-g++ -std=c++11 -c -pipe -O2  -fPIC -I/home/ravenpi/Ravencoin-2.5.1/depends/arm-linux-gnueabihf/share/../include/  -DHAVE_BUILD_INFO -D__STDC_FORMAT_MACROS -fPIC conftest.cpp >&5
configure:20969: $? = 0
configure:20987: arm-linux-gnueabihf-g++ -std=c++11 -c -pipe -O2  -fPIC -I/home/ravenpi/Ravencoin-2.5.1/depends/arm-linux-gnueabihf/share/../include/  -DHAVE_BUILD_INFO -D__STDC_FORMAT_MACROS -fPIC conftest.cpp >&5
conftest.cpp: In function 'int main()':
conftest.cpp:30:8: error: 'big' was not declared in this scope
    not big endian
        ^
configure:20987: $? = 1
configure: failed program was:
| /* confdefs.h */
| #define PACKAGE_NAME "Raven Core"
| #define PACKAGE_TARNAME "raven"
| #define PACKAGE_VERSION "2.5.1"
| #define PACKAGE_STRING "Raven Core 2.5.1"
| #define PACKAGE_BUGREPORT "https://github.com/RavenProject/Ravencoin/issues"
| #define PACKAGE_URL "https://ravencoin.org/"
| #define HAVE_CXX11 1
| #define STDC_HEADERS 1
| #define HAVE_SYS_TYPES_H 1
| #define HAVE_SYS_STAT_H 1
| #define HAVE_STDLIB_H 1
| #define HAVE_STRING_H 1
| #define HAVE_MEMORY_H 1
| #define HAVE_STRINGS_H 1
| #define HAVE_INTTYPES_H 1
| #define HAVE_STDINT_H 1
| #define HAVE_UNISTD_H 1
| #define HAVE_DLFCN_H 1
| #define LT_OBJDIR ".libs/"
| #define USE_ASM 1
| /* end confdefs.h.  */
| #include <sys/types.h>
| 		#include <sys/param.h>
| 
| int
| main ()
| {
| #if BYTE_ORDER != BIG_ENDIAN
| 		 not big endian
| 		#endif
| 
|   ;
|   return 0;
| }
configure:21115: result: no
configure:21317: checking whether arm-linux-gnueabihf-gcc is Clang
configure:21342: result: no
configure:21465: checking whether pthreads work with -pthread
configure:21559: arm-linux-gnueabihf-gcc -o conftest -pipe -O2  -pthread -I/home/ravenpi/Ravencoin-2.5.1/depends/arm-linux-gnueabihf/share/../include/  -DHAVE_BUILD_INFO -D__STDC_FORMAT_MACROS -fPIC -L/home/ravenpi/Ravencoin-2.5.1/depends/arm-linux-gnueabihf/share/../lib -static-libstdc++ conftest.c   >&5
configure:21559: $? = 0
configure:21568: result: yes
configure:21587: checking for joinable pthread attribute
configure:21605: arm-linux-gnueabihf-gcc -o conftest -pipe -O2  -pthread -I/home/ravenpi/Ravencoin-2.5.1/depends/arm-linux-gnueabihf/share/../include/  -DHAVE_BUILD_INFO -D__STDC_FORMAT_MACROS -fPIC -L/home/ravenpi/Ravencoin-2.5.1/depends/arm-linux-gnueabihf/share/../lib -static-libstdc++ conftest.c   >&5
configure:21605: $? = 0
configure:21613: result: PTHREAD_CREATE_JOINABLE
configure:21627: checking whether more special flags are required for pthreads
configure:21640: result: no
configure:21648: checking for PTHREAD_PRIO_INHERIT
configure:21664: arm-linux-gnueabihf-gcc -o conftest -pipe -O2  -pthread -I/home/ravenpi/Ravencoin-2.5.1/depends/arm-linux-gnueabihf/share/../include/  -DHAVE_BUILD_INFO -D__STDC_FORMAT_MACROS -fPIC -L/home/ravenpi/Ravencoin-2.5.1/depends/arm-linux-gnueabihf/share/../lib -static-libstdc++ conftest.c   >&5
configure:21664: $? = 0
configure:21673: result: yes
configure:21786: checking for special C compiler options needed for large files
configure:21831: result: no
configure:21837: checking for _FILE_OFFSET_BITS value needed for large files
configure:21862: arm-linux-gnueabihf-g++ -std=c++11 -c -pipe -O2  -fPIC -I/home/ravenpi/Ravencoin-2.5.1/depends/arm-linux-gnueabihf/share/../include/  -DHAVE_BUILD_INFO -D__STDC_FORMAT_MACROS -fPIC conftest.cpp >&5
conftest.cpp:33:17: error: size of array 'off_t_is_large' is negative
         ? 1 : -1];
                 ^
configure:21862: $? = 1
configure: failed program was:
| /* confdefs.h */
| #define PACKAGE_NAME "Raven Core"
| #define PACKAGE_TARNAME "raven"
| #define PACKAGE_VERSION "2.5.1"
| #define PACKAGE_STRING "Raven Core 2.5.1"
| #define PACKAGE_BUGREPORT "https://github.com/RavenProject/Ravencoin/issues"
| #define PACKAGE_URL "https://ravencoin.org/"
| #define HAVE_CXX11 1
| #define STDC_HEADERS 1
| #define HAVE_SYS_TYPES_H 1
| #define HAVE_SYS_STAT_H 1
| #define HAVE_STDLIB_H 1
| #define HAVE_STRING_H 1
| #define HAVE_MEMORY_H 1
| #define HAVE_STRINGS_H 1
| #define HAVE_INTTYPES_H 1
| #define HAVE_STDINT_H 1
| #define HAVE_UNISTD_H 1
| #define HAVE_DLFCN_H 1
| #define LT_OBJDIR ".libs/"
| #define USE_ASM 1
| #define HAVE_PTHREAD_PRIO_INHERIT 1
| #define HAVE_PTHREAD 1
| /* end confdefs.h.  */
| #include <sys/types.h>
|  /* Check that off_t can represent 2**63 - 1 correctly.
|     We can't simply define LARGE_OFF_T to be 9223372036854775807,
|     since some C++ compilers masquerading as C compilers
|     incorrectly reject 9223372036854775807.  */
| #define LARGE_OFF_T ((((off_t) 1 << 31) << 31) - 1 + (((off_t) 1 << 31) << 31))
|   int off_t_is_large[(LARGE_OFF_T % 2147483629 == 721
| 		       && LARGE_OFF_T % 2147483647 == 1)
| 		      ? 1 : -1];
| int
| main ()
| {
| 
|   ;
|   return 0;
| }
configure:21886: arm-linux-gnueabihf-g++ -std=c++11 -c -pipe -O2  -fPIC -I/home/ravenpi/Ravencoin-2.5.1/depends/arm-linux-gnueabihf/share/../include/  -DHAVE_BUILD_INFO -D__STDC_FORMAT_MACROS -fPIC conftest.cpp >&5
configure:21886: $? = 0
configure:21894: result: 64
configure:21980: checking whether strerror_r is declared
configure:21980: arm-linux-gnueabihf-g++ -std=c++11 -c -pipe -O2  -fPIC -I/home/ravenpi/Ravencoin-2.5.1/depends/arm-linux-gnueabihf/share/../include/  -DHAVE_BUILD_INFO -D__STDC_FORMAT_MACROS -fPIC conftest.cpp >&5
configure:21980: $? = 0
configure:21980: result: yes
configure:21993: checking for strerror_r
configure:21993: arm-linux-gnueabihf-g++ -std=c++11 -o conftest -pipe -O2  -fPIC -I/home/ravenpi/Ravencoin-2.5.1/depends/arm-linux-gnueabihf/share/../include/  -DHAVE_BUILD_INFO -D__STDC_FORMAT_MACROS -fPIC -L/home/ravenpi/Ravencoin-2.5.1/depends/arm-linux-gnueabihf/share/../lib -static-libstdc++ conftest.cpp  >&5
configure:21993: $? = 0
configure:21993: result: yes
configure:22002: checking whether strerror_r returns char *
configure:22026: arm-linux-gnueabihf-g++ -std=c++11 -c -pipe -O2  -fPIC -I/home/ravenpi/Ravencoin-2.5.1/depends/arm-linux-gnueabihf/share/../include/  -DHAVE_BUILD_INFO -D__STDC_FORMAT_MACROS -fPIC conftest.cpp >&5
configure:22026: $? = 0
configure:22064: result: yes
configure:22085: checking whether the linker accepts -Wl,--large-address-aware
configure:22104: arm-linux-gnueabihf-g++ -std=c++11 -o conftest -pipe -O2  -fPIC -I/home/ravenpi/Ravencoin-2.5.1/depends/arm-linux-gnueabihf/share/../include/  -DHAVE_BUILD_INFO -D__STDC_FORMAT_MACROS -fPIC -D_FILE_OFFSET_BITS=64 -L/home/ravenpi/Ravencoin-2.5.1/depends/arm-linux-gnueabihf/share/../lib -static-libstdc++  -Wl,--large-address-aware conftest.cpp  >&5
/usr/lib/gcc-cross/arm-linux-gnueabihf/5/../../../../arm-linux-gnueabihf/bin/ld: unrecognized option '--large-address-aware'
/usr/lib/gcc-cross/arm-linux-gnueabihf/5/../../../../arm-linux-gnueabihf/bin/ld: use the --help option for usage information
collect2: error: ld returned 1 exit status
configure:22104: $? = 1
configure: failed program was:
| /* confdefs.h */
| #define PACKAGE_NAME "Raven Core"
| #define PACKAGE_TARNAME "raven"
| #define PACKAGE_VERSION "2.5.1"
| #define PACKAGE_STRING "Raven Core 2.5.1"
| #define PACKAGE_BUGREPORT "https://github.com/RavenProject/Ravencoin/issues"
| #define PACKAGE_URL "https://ravencoin.org/"
| #define HAVE_CXX11 1
| #define STDC_HEADERS 1
| #define HAVE_SYS_TYPES_H 1
| #define HAVE_SYS_STAT_H 1
| #define HAVE_STDLIB_H 1
| #define HAVE_STRING_H 1
| #define HAVE_MEMORY_H 1
| #define HAVE_STRINGS_H 1
| #define HAVE_INTTYPES_H 1
| #define HAVE_STDINT_H 1
| #define HAVE_UNISTD_H 1
| #define HAVE_DLFCN_H 1
| #define LT_OBJDIR ".libs/"
| #define USE_ASM 1
| #define HAVE_PTHREAD_PRIO_INHERIT 1
| #define HAVE_PTHREAD 1
| #define _FILE_OFFSET_BITS 64
| #define HAVE_DECL_STRERROR_R 1
| #define HAVE_STRERROR_R 1
| #define STRERROR_R_CHAR_P 1
| /* end confdefs.h.  */
| 
| int
| main ()
| {
| 
|   ;
|   return 0;
| }
configure:22113: result: no
configure:22125: checking for __attribute__((visibility))
configure:22149: arm-linux-gnueabihf-g++ -std=c++11 -o conftest -pipe -O2  -fPIC -I/home/ravenpi/Ravencoin-2.5.1/depends/arm-linux-gnueabihf/share/../include/  -DHAVE_BUILD_INFO -D__STDC_FORMAT_MACROS -fPIC -D_FILE_OFFSET_BITS=64 -L/home/ravenpi/Ravencoin-2.5.1/depends/arm-linux-gnueabihf/share/../lib -static-libstdc++ conftest.cpp  >&5
configure:22149: $? = 0
configure:22162: result: yes
configure:22178: checking for __attribute__((dllexport))
configure:22199: arm-linux-gnueabihf-g++ -std=c++11 -o conftest -pipe -O2  -fPIC -I/home/ravenpi/Ravencoin-2.5.1/depends/arm-linux-gnueabihf/share/../include/  -DHAVE_BUILD_INFO -D__STDC_FORMAT_MACROS -fPIC -D_FILE_OFFSET_BITS=64 -L/home/ravenpi/Ravencoin-2.5.1/depends/arm-linux-gnueabihf/share/../lib -static-libstdc++ conftest.cpp  >&5
conftest.cpp:32:62: warning: 'dllexport' attribute directive ignored [-Wattributes]
                     __attribute__((dllexport)) int foo( void ) { return 0; }
                                                              ^
configure:22199: $? = 0
configure:22212: result: no
configure:22228: checking for __attribute__((dllimport))
configure:22249: arm-linux-gnueabihf-g++ -std=c++11 -o conftest -pipe -O2  -fPIC -I/home/ravenpi/Ravencoin-2.5.1/depends/arm-linux-gnueabihf/share/../include/  -DHAVE_BUILD_INFO -D__STDC_FORMAT_MACROS -fPIC -D_FILE_OFFSET_BITS=64 -L/home/ravenpi/Ravencoin-2.5.1/depends/arm-linux-gnueabihf/share/../lib -static-libstdc++ conftest.cpp  >&5
conftest.cpp:32:62: warning: 'dllimport' attribute directive ignored [-Wattributes]
                     int foo( void ) __attribute__((dllimport));
                                                              ^
configure:22249: $? = 0
configure:22262: result: no
configure:22280: checking for clock_gettime in -lrt
configure:22305: arm-linux-gnueabihf-g++ -std=c++11 -o conftest -pipe -O2  -fPIC -I/home/ravenpi/Ravencoin-2.5.1/depends/arm-linux-gnueabihf/share/../include/  -DHAVE_BUILD_INFO -D__STDC_FORMAT_MACROS -fPIC -D_FILE_OFFSET_BITS=64 -L/home/ravenpi/Ravencoin-2.5.1/depends/arm-linux-gnueabihf/share/../lib -static-libstdc++ conftest.cpp -lrt   >&5
configure:22305: $? = 0
configure:22314: result: yes
configure:22330: checking __fdelt_chk type
configure:22348: arm-linux-gnueabihf-g++ -std=c++11 -c -pipe -O2  -fPIC -I/home/ravenpi/Ravencoin-2.5.1/depends/arm-linux-gnueabihf/share/../include/  -DHAVE_BUILD_INFO -D__STDC_FORMAT_MACROS -fPIC -D_FILE_OFFSET_BITS=64 conftest.cpp >&5
conftest.cpp:36:65: error: conflicting declaration of C function 'long unsigned int __fdelt_warn(long unsigned int)'
      extern "C" long unsigned int __fdelt_warn(long unsigned int);
                                                                 ^
In file included from /usr/arm-linux-gnueabihf/include/sys/select.h:128:0,
                 from conftest.cpp:35:
/usr/arm-linux-gnueabihf/include/bits/select2.h:25:17: note: previous declaration 'long int __fdelt_warn(long int)'
 extern long int __fdelt_warn (long int __d)
                 ^
configure:22348: $? = 1
configure: failed program was:
| /* confdefs.h */
| #define PACKAGE_NAME "Raven Core"
| #define PACKAGE_TARNAME "raven"
| #define PACKAGE_VERSION "2.5.1"
| #define PACKAGE_STRING "Raven Core 2.5.1"
| #define PACKAGE_BUGREPORT "https://github.com/RavenProject/Ravencoin/issues"
| #define PACKAGE_URL "https://ravencoin.org/"
| #define HAVE_CXX11 1
| #define STDC_HEADERS 1
| #define HAVE_SYS_TYPES_H 1
| #define HAVE_SYS_STAT_H 1
| #define HAVE_STDLIB_H 1
| #define HAVE_STRING_H 1
| #define HAVE_MEMORY_H 1
| #define HAVE_STRINGS_H 1
| #define HAVE_INTTYPES_H 1
| #define HAVE_STDINT_H 1
| #define HAVE_UNISTD_H 1
| #define HAVE_DLFCN_H 1
| #define LT_OBJDIR ".libs/"
| #define USE_ASM 1
| #define HAVE_PTHREAD_PRIO_INHERIT 1
| #define HAVE_PTHREAD 1
| #define _FILE_OFFSET_BITS 64
| #define HAVE_DECL_STRERROR_R 1
| #define HAVE_STRERROR_R 1
| #define STRERROR_R_CHAR_P 1
| #define HAVE_FUNC_ATTRIBUTE_VISIBILITY 1
| #define HAVE_LIBRT 1
| /* end confdefs.h.  */
| #ifdef _FORTIFY_SOURCE
|                     #undef _FORTIFY_SOURCE
|                   #endif
|                   #define _FORTIFY_SOURCE 2
|                   #include <sys/select.h>
|      extern "C" long unsigned int __fdelt_warn(long unsigned int);
| int
| main ()
| {
| 
|   ;
|   return 0;
| }
configure:22354: result: long int
configure:22361: checking whether the linker accepts -Wl,--wrap=__divmoddi4
configure:22380: arm-linux-gnueabihf-g++ -std=c++11 -o conftest -pipe -O2  -fPIC -I/home/ravenpi/Ravencoin-2.5.1/depends/arm-linux-gnueabihf/share/../include/  -DHAVE_BUILD_INFO -D__STDC_FORMAT_MACROS -fPIC -D_FILE_OFFSET_BITS=64 -L/home/ravenpi/Ravencoin-2.5.1/depends/arm-linux-gnueabihf/share/../lib -static-libstdc++  -Wl,--wrap=__divmoddi4 conftest.cpp -lrt  >&5
configure:22380: $? = 0
configure:22389: result: yes
configure:22397: checking whether the linker accepts -Wl,--wrap=log2f
configure:22416: arm-linux-gnueabihf-g++ -std=c++11 -o conftest -pipe -O2  -fPIC -I/home/ravenpi/Ravencoin-2.5.1/depends/arm-linux-gnueabihf/share/../include/  -DHAVE_BUILD_INFO -D__STDC_FORMAT_MACROS -fPIC -D_FILE_OFFSET_BITS=64 -L/home/ravenpi/Ravencoin-2.5.1/depends/arm-linux-gnueabihf/share/../lib -static-libstdc++  -Wl,--wrap=log2f conftest.cpp -lrt  >&5
configure:22416: $? = 0
configure:22425: result: yes
configure:22494: checking whether C++ compiler accepts -fPIC
configure:22513: arm-linux-gnueabihf-g++ -std=c++11 -c -pipe -O2  -fPIC  -fPIC -I/home/ravenpi/Ravencoin-2.5.1/depends/arm-linux-gnueabihf/share/../include/  -DHAVE_BUILD_INFO -D__STDC_FORMAT_MACROS -fPIC -D_FILE_OFFSET_BITS=64 conftest.cpp >&5
configure:22513: $? = 0
configure:22521: result: yes
configure:22532: checking whether C++ compiler accepts -Wstack-protector
configure:22551: arm-linux-gnueabihf-g++ -std=c++11 -c -pipe -O2  -fPIC  -Wstack-protector -I/home/ravenpi/Ravencoin-2.5.1/depends/arm-linux-gnueabihf/share/../include/  -DHAVE_BUILD_INFO -D__STDC_FORMAT_MACROS -fPIC -D_FILE_OFFSET_BITS=64 conftest.cpp >&5
configure:22551: $? = 0
configure:22559: result: yes
configure:22567: checking whether C++ compiler accepts -fstack-protector-all
configure:22586: arm-linux-gnueabihf-g++ -std=c++11 -c -pipe -O2  -fPIC  -fstack-protector-all -I/home/ravenpi/Ravencoin-2.5.1/depends/arm-linux-gnueabihf/share/../include/  -DHAVE_BUILD_INFO -D__STDC_FORMAT_MACROS -fPIC -D_FILE_OFFSET_BITS=64 conftest.cpp >&5
configure:22586: $? = 0
configure:22594: result: yes
configure:22604: checking whether C++ preprocessor accepts -D_FORTIFY_SOURCE=2
configure:22623: arm-linux-gnueabihf-g++ -std=c++11 -E -I/home/ravenpi/Ravencoin-2.5.1/depends/arm-linux-gnueabihf/share/../include/  -DHAVE_BUILD_INFO -D__STDC_FORMAT_MACROS -fPIC -D_FILE_OFFSET_BITS=64  -D_FORTIFY_SOURCE=2 conftest.cpp
configure:22623: $? = 0
configure:22631: result: yes
configure:22635: checking whether C++ preprocessor accepts -U_FORTIFY_SOURCE
configure:22654: arm-linux-gnueabihf-g++ -std=c++11 -E -I/home/ravenpi/Ravencoin-2.5.1/depends/arm-linux-gnueabihf/share/../include/  -DHAVE_BUILD_INFO -D__STDC_FORMAT_MACROS -fPIC -D_FILE_OFFSET_BITS=64  -U_FORTIFY_SOURCE conftest.cpp
configure:22654: $? = 0
configure:22662: result: yes
configure:22679: checking whether the linker accepts -Wl,--dynamicbase
configure:22698: arm-linux-gnueabihf-g++ -std=c++11 -o conftest -pipe -O2  -fPIC -I/home/ravenpi/Ravencoin-2.5.1/depends/arm-linux-gnueabihf/share/../include/  -DHAVE_BUILD_INFO -D__STDC_FORMAT_MACROS -fPIC -D_FILE_OFFSET_BITS=64 -L/home/ravenpi/Ravencoin-2.5.1/depends/arm-linux-gnueabihf/share/../lib -static-libstdc++  -Wl,--dynamicbase conftest.cpp -lrt  >&5
/usr/lib/gcc-cross/arm-linux-gnueabihf/5/../../../../arm-linux-gnueabihf/bin/ld: unrecognized option '--dynamicbase'
/usr/lib/gcc-cross/arm-linux-gnueabihf/5/../../../../arm-linux-gnueabihf/bin/ld: use the --help option for usage information
collect2: error: ld returned 1 exit status
configure:22698: $? = 1
configure: failed program was:
| /* confdefs.h */
| #define PACKAGE_NAME "Raven Core"
| #define PACKAGE_TARNAME "raven"
| #define PACKAGE_VERSION "2.5.1"
| #define PACKAGE_STRING "Raven Core 2.5.1"
| #define PACKAGE_BUGREPORT "https://github.com/RavenProject/Ravencoin/issues"
| #define PACKAGE_URL "https://ravencoin.org/"
| #define HAVE_CXX11 1
| #define STDC_HEADERS 1
| #define HAVE_SYS_TYPES_H 1
| #define HAVE_SYS_STAT_H 1
| #define HAVE_STDLIB_H 1
| #define HAVE_STRING_H 1
| #define HAVE_MEMORY_H 1
| #define HAVE_STRINGS_H 1
| #define HAVE_INTTYPES_H 1
| #define HAVE_STDINT_H 1
| #define HAVE_UNISTD_H 1
| #define HAVE_DLFCN_H 1
| #define LT_OBJDIR ".libs/"
| #define USE_ASM 1
| #define HAVE_PTHREAD_PRIO_INHERIT 1
| #define HAVE_PTHREAD 1
| #define _FILE_OFFSET_BITS 64
| #define HAVE_DECL_STRERROR_R 1
| #define HAVE_STRERROR_R 1
| #define STRERROR_R_CHAR_P 1
| #define HAVE_FUNC_ATTRIBUTE_VISIBILITY 1
| #define HAVE_LIBRT 1
| #define FDELT_TYPE long int
| /* end confdefs.h.  */
| 
| int
| main ()
| {
| 
|   ;
|   return 0;
| }
configure:22707: result: no
configure:22715: checking whether the linker accepts -Wl,--nxcompat
configure:22734: arm-linux-gnueabihf-g++ -std=c++11 -o conftest -pipe -O2  -fPIC -I/home/ravenpi/Ravencoin-2.5.1/depends/arm-linux-gnueabihf/share/../include/  -DHAVE_BUILD_INFO -D__STDC_FORMAT_MACROS -fPIC -D_FILE_OFFSET_BITS=64 -L/home/ravenpi/Ravencoin-2.5.1/depends/arm-linux-gnueabihf/share/../lib -static-libstdc++  -Wl,--nxcompat conftest.cpp -lrt  >&5
/usr/lib/gcc-cross/arm-linux-gnueabihf/5/../../../../arm-linux-gnueabihf/bin/ld: unrecognized option '--nxcompat'
/usr/lib/gcc-cross/arm-linux-gnueabihf/5/../../../../arm-linux-gnueabihf/bin/ld: use the --help option for usage information
collect2: error: ld returned 1 exit status
configure:22734: $? = 1
configure: failed program was:
| /* confdefs.h */
| #define PACKAGE_NAME "Raven Core"
| #define PACKAGE_TARNAME "raven"
| #define PACKAGE_VERSION "2.5.1"
| #define PACKAGE_STRING "Raven Core 2.5.1"
| #define PACKAGE_BUGREPORT "https://github.com/RavenProject/Ravencoin/issues"
| #define PACKAGE_URL "https://ravencoin.org/"
| #define HAVE_CXX11 1
| #define STDC_HEADERS 1
| #define HAVE_SYS_TYPES_H 1
| #define HAVE_SYS_STAT_H 1
| #define HAVE_STDLIB_H 1
| #define HAVE_STRING_H 1
| #define HAVE_MEMORY_H 1
| #define HAVE_STRINGS_H 1
| #define HAVE_INTTYPES_H 1
| #define HAVE_STDINT_H 1
| #define HAVE_UNISTD_H 1
| #define HAVE_DLFCN_H 1
| #define LT_OBJDIR ".libs/"
| #define USE_ASM 1
| #define HAVE_PTHREAD_PRIO_INHERIT 1
| #define HAVE_PTHREAD 1
| #define _FILE_OFFSET_BITS 64
| #define HAVE_DECL_STRERROR_R 1
| #define HAVE_STRERROR_R 1
| #define STRERROR_R_CHAR_P 1
| #define HAVE_FUNC_ATTRIBUTE_VISIBILITY 1
| #define HAVE_LIBRT 1
| #define FDELT_TYPE long int
| /* end confdefs.h.  */
| 
| int
| main ()
| {
| 
|   ;
|   return 0;
| }
configure:22743: result: no
configure:22751: checking whether the linker accepts -Wl,--high-entropy-va
configure:22770: arm-linux-gnueabihf-g++ -std=c++11 -o conftest -pipe -O2  -fPIC -I/home/ravenpi/Ravencoin-2.5.1/depends/arm-linux-gnueabihf/share/../include/  -DHAVE_BUILD_INFO -D__STDC_FORMAT_MACROS -fPIC -D_FILE_OFFSET_BITS=64 -L/home/ravenpi/Ravencoin-2.5.1/depends/arm-linux-gnueabihf/share/../lib -static-libstdc++  -Wl,--high-entropy-va conftest.cpp -lrt  >&5
/usr/lib/gcc-cross/arm-linux-gnueabihf/5/../../../../arm-linux-gnueabihf/bin/ld: unrecognized option '--high-entropy-va'
/usr/lib/gcc-cross/arm-linux-gnueabihf/5/../../../../arm-linux-gnueabihf/bin/ld: use the --help option for usage information
collect2: error: ld returned 1 exit status
configure:22770: $? = 1
configure: failed program was:
| /* confdefs.h */
| #define PACKAGE_NAME "Raven Core"
| #define PACKAGE_TARNAME "raven"
| #define PACKAGE_VERSION "2.5.1"
| #define PACKAGE_STRING "Raven Core 2.5.1"
| #define PACKAGE_BUGREPORT "https://github.com/RavenProject/Ravencoin/issues"
| #define PACKAGE_URL "https://ravencoin.org/"
| #define HAVE_CXX11 1
| #define STDC_HEADERS 1
| #define HAVE_SYS_TYPES_H 1
| #define HAVE_SYS_STAT_H 1
| #define HAVE_STDLIB_H 1
| #define HAVE_STRING_H 1
| #define HAVE_MEMORY_H 1
| #define HAVE_STRINGS_H 1
| #define HAVE_INTTYPES_H 1
| #define HAVE_STDINT_H 1
| #define HAVE_UNISTD_H 1
| #define HAVE_DLFCN_H 1
| #define LT_OBJDIR ".libs/"
| #define USE_ASM 1
| #define HAVE_PTHREAD_PRIO_INHERIT 1
| #define HAVE_PTHREAD 1
| #define _FILE_OFFSET_BITS 64
| #define HAVE_DECL_STRERROR_R 1
| #define HAVE_STRERROR_R 1
| #define STRERROR_R_CHAR_P 1
| #define HAVE_FUNC_ATTRIBUTE_VISIBILITY 1
| #define HAVE_LIBRT 1
| #define FDELT_TYPE long int
| /* end confdefs.h.  */
| 
| int
| main ()
| {
| 
|   ;
|   return 0;
| }
configure:22779: result: no
configure:22787: checking whether the linker accepts -Wl,-z,relro
configure:22806: arm-linux-gnueabihf-g++ -std=c++11 -o conftest -pipe -O2  -fPIC -I/home/ravenpi/Ravencoin-2.5.1/depends/arm-linux-gnueabihf/share/../include/  -DHAVE_BUILD_INFO -D__STDC_FORMAT_MACROS -fPIC -D_FILE_OFFSET_BITS=64 -L/home/ravenpi/Ravencoin-2.5.1/depends/arm-linux-gnueabihf/share/../lib -static-libstdc++  -Wl,-z,relro conftest.cpp -lrt  >&5
configure:22806: $? = 0
configure:22815: result: yes
configure:22823: checking whether the linker accepts -Wl,-z,now
configure:22842: arm-linux-gnueabihf-g++ -std=c++11 -o conftest -pipe -O2  -fPIC -I/home/ravenpi/Ravencoin-2.5.1/depends/arm-linux-gnueabihf/share/../include/  -DHAVE_BUILD_INFO -D__STDC_FORMAT_MACROS -fPIC -D_FILE_OFFSET_BITS=64 -L/home/ravenpi/Ravencoin-2.5.1/depends/arm-linux-gnueabihf/share/../lib -static-libstdc++  -Wl,-z,now conftest.cpp -lrt  >&5
configure:22842: $? = 0
configure:22851: result: yes
configure:22861: checking whether C++ compiler accepts -fPIE
configure:22880: arm-linux-gnueabihf-g++ -std=c++11 -c -pipe -O2  -fPIC  -fPIE -I/home/ravenpi/Ravencoin-2.5.1/depends/arm-linux-gnueabihf/share/../include/  -DHAVE_BUILD_INFO -D__STDC_FORMAT_MACROS -fPIC -D_FILE_OFFSET_BITS=64 conftest.cpp >&5
configure:22880: $? = 0
configure:22888: result: yes
configure:22896: checking whether the linker accepts -pie
configure:22915: arm-linux-gnueabihf-g++ -std=c++11 -o conftest -pipe -O2  -fPIC -I/home/ravenpi/Ravencoin-2.5.1/depends/arm-linux-gnueabihf/share/../include/  -DHAVE_BUILD_INFO -D__STDC_FORMAT_MACROS -fPIC -D_FILE_OFFSET_BITS=64 -L/home/ravenpi/Ravencoin-2.5.1/depends/arm-linux-gnueabihf/share/../lib -static-libstdc++  -pie conftest.cpp -lrt  >&5
configure:22915: $? = 0
configure:22924: result: yes
configure:23023: checking endian.h usability
configure:23023: arm-linux-gnueabihf-g++ -std=c++11 -c -pipe -O2  -fPIC -I/home/ravenpi/Ravencoin-2.5.1/depends/arm-linux-gnueabihf/share/../include/  -DHAVE_BUILD_INFO -D__STDC_FORMAT_MACROS -fPIC -D_FILE_OFFSET_BITS=64 conftest.cpp >&5
configure:23023: $? = 0
configure:23023: result: yes
configure:23023: checking endian.h presence
configure:23023: arm-linux-gnueabihf-g++ -std=c++11 -E -I/home/ravenpi/Ravencoin-2.5.1/depends/arm-linux-gnueabihf/share/../include/  -DHAVE_BUILD_INFO -D__STDC_FORMAT_MACROS -fPIC -D_FILE_OFFSET_BITS=64 conftest.cpp
configure:23023: $? = 0
configure:23023: result: yes
configure:23023: checking for endian.h
configure:23023: result: yes
configure:23023: checking sys/endian.h usability
configure:23023: arm-linux-gnueabihf-g++ -std=c++11 -c -pipe -O2  -fPIC -I/home/ravenpi/Ravencoin-2.5.1/depends/arm-linux-gnueabihf/share/../include/  -DHAVE_BUILD_INFO -D__STDC_FORMAT_MACROS -fPIC -D_FILE_OFFSET_BITS=64 conftest.cpp >&5
conftest.cpp:66:24: fatal error: sys/endian.h: No such file or directory
compilation terminated.
configure:23023: $? = 1
configure: failed program was:
| /* confdefs.h */
| #define PACKAGE_NAME "Raven Core"
| #define PACKAGE_TARNAME "raven"
| #define PACKAGE_VERSION "2.5.1"
| #define PACKAGE_STRING "Raven Core 2.5.1"
| #define PACKAGE_BUGREPORT "https://github.com/RavenProject/Ravencoin/issues"
| #define PACKAGE_URL "https://ravencoin.org/"
| #define HAVE_CXX11 1
| #define STDC_HEADERS 1
| #define HAVE_SYS_TYPES_H 1
| #define HAVE_SYS_STAT_H 1
| #define HAVE_STDLIB_H 1
| #define HAVE_STRING_H 1
| #define HAVE_MEMORY_H 1
| #define HAVE_STRINGS_H 1
| #define HAVE_INTTYPES_H 1
| #define HAVE_STDINT_H 1
| #define HAVE_UNISTD_H 1
| #define HAVE_DLFCN_H 1
| #define LT_OBJDIR ".libs/"
| #define USE_ASM 1
| #define HAVE_PTHREAD_PRIO_INHERIT 1
| #define HAVE_PTHREAD 1
| #define _FILE_OFFSET_BITS 64
| #define HAVE_DECL_STRERROR_R 1
| #define HAVE_STRERROR_R 1
| #define STRERROR_R_CHAR_P 1
| #define HAVE_FUNC_ATTRIBUTE_VISIBILITY 1
| #define HAVE_LIBRT 1
| #define FDELT_TYPE long int
| #define HAVE_ENDIAN_H 1
| /* end confdefs.h.  */
| #include <stdio.h>
| #ifdef HAVE_SYS_TYPES_H
| # include <sys/types.h>
| #endif
| #ifdef HAVE_SYS_STAT_H
| # include <sys/stat.h>
| #endif
| #ifdef STDC_HEADERS
| # include <stdlib.h>
| # include <stddef.h>
| #else
| # ifdef HAVE_STDLIB_H
| #  include <stdlib.h>
| # endif
| #endif
| #ifdef HAVE_STRING_H
| # if !defined STDC_HEADERS && defined HAVE_MEMORY_H
| #  include <memory.h>
| # endif
| # include <string.h>
| #endif
| #ifdef HAVE_STRINGS_H
| # include <strings.h>
| #endif
| #ifdef HAVE_INTTYPES_H
| # include <inttypes.h>
| #endif
| #ifdef HAVE_STDINT_H
| # include <stdint.h>
| #endif
| #ifdef HAVE_UNISTD_H
| # include <unistd.h>
| #endif
| #include <sys/endian.h>
configure:23023: result: no
configure:23023: checking sys/endian.h presence
configure:23023: arm-linux-gnueabihf-g++ -std=c++11 -E -I/home/ravenpi/Ravencoin-2.5.1/depends/arm-linux-gnueabihf/share/../include/  -DHAVE_BUILD_INFO -D__STDC_FORMAT_MACROS -fPIC -D_FILE_OFFSET_BITS=64 conftest.cpp
conftest.cpp:33:24: fatal error: sys/endian.h: No such file or directory
compilation terminated.
configure:23023: $? = 1
configure: failed program was:
| /* confdefs.h */
| #define PACKAGE_NAME "Raven Core"
| #define PACKAGE_TARNAME "raven"
| #define PACKAGE_VERSION "2.5.1"
| #define PACKAGE_STRING "Raven Core 2.5.1"
| #define PACKAGE_BUGREPORT "https://github.com/RavenProject/Ravencoin/issues"
| #define PACKAGE_URL "https://ravencoin.org/"
| #define HAVE_CXX11 1
| #define STDC_HEADERS 1
| #define HAVE_SYS_TYPES_H 1
| #define HAVE_SYS_STAT_H 1
| #define HAVE_STDLIB_H 1
| #define HAVE_STRING_H 1
| #define HAVE_MEMORY_H 1
| #define HAVE_STRINGS_H 1
| #define HAVE_INTTYPES_H 1
| #define HAVE_STDINT_H 1
| #define HAVE_UNISTD_H 1
| #define HAVE_DLFCN_H 1
| #define LT_OBJDIR ".libs/"
| #define USE_ASM 1
| #define HAVE_PTHREAD_PRIO_INHERIT 1
| #define HAVE_PTHREAD 1
| #define _FILE_OFFSET_BITS 64
| #define HAVE_DECL_STRERROR_R 1
| #define HAVE_STRERROR_R 1
| #define STRERROR_R_CHAR_P 1
| #define HAVE_FUNC_ATTRIBUTE_VISIBILITY 1
| #define HAVE_LIBRT 1
| #define FDELT_TYPE long int
| #define HAVE_ENDIAN_H 1
| /* end confdefs.h.  */
| #include <sys/endian.h>
configure:23023: result: no
configure:23023: checking for sys/endian.h
configure:23023: result: no
configure:23023: checking byteswap.h usability
configure:23023: arm-linux-gnueabihf-g++ -std=c++11 -c -pipe -O2  -fPIC -I/home/ravenpi/Ravencoin-2.5.1/depends/arm-linux-gnueabihf/share/../include/  -DHAVE_BUILD_INFO -D__STDC_FORMAT_MACROS -fPIC -D_FILE_OFFSET_BITS=64 conftest.cpp >&5
configure:23023: $? = 0
configure:23023: result: yes
configure:23023: checking byteswap.h presence
configure:23023: arm-linux-gnueabihf-g++ -std=c++11 -E -I/home/ravenpi/Ravencoin-2.5.1/depends/arm-linux-gnueabihf/share/../include/  -DHAVE_BUILD_INFO -D__STDC_FORMAT_MACROS -fPIC -D_FILE_OFFSET_BITS=64 conftest.cpp
configure:23023: $? = 0
configure:23023: result: yes
configure:23023: checking for byteswap.h
configure:23023: result: yes
configure:23023: checking stdio.h usability
configure:23023: arm-linux-gnueabihf-g++ -std=c++11 -c -pipe -O2  -fPIC -I/home/ravenpi/Ravencoin-2.5.1/depends/arm-linux-gnueabihf/share/../include/  -DHAVE_BUILD_INFO -D__STDC_FORMAT_MACROS -fPIC -D_FILE_OFFSET_BITS=64 conftest.cpp >&5
configure:23023: $? = 0
configure:23023: result: yes
configure:23023: checking stdio.h presence
configure:23023: arm-linux-gnueabihf-g++ -std=c++11 -E -I/home/ravenpi/Ravencoin-2.5.1/depends/arm-linux-gnueabihf/share/../include/  -DHAVE_BUILD_INFO -D__STDC_FORMAT_MACROS -fPIC -D_FILE_OFFSET_BITS=64 conftest.cpp
configure:23023: $? = 0
configure:23023: result: yes
configure:23023: checking for stdio.h
configure:23023: result: yes
configure:23023: checking for stdlib.h
configure:23023: result: yes
configure:23023: checking for unistd.h
configure:23023: result: yes
configure:23023: checking for strings.h
configure:23023: result: yes
configure:23023: checking for sys/types.h
configure:23023: result: yes
configure:23023: checking for sys/stat.h
configure:23023: result: yes
configure:23023: checking sys/select.h usability
configure:23023: arm-linux-gnueabihf-g++ -std=c++11 -c -pipe -O2  -fPIC -I/home/ravenpi/Ravencoin-2.5.1/depends/arm-linux-gnueabihf/share/../include/  -DHAVE_BUILD_INFO -D__STDC_FORMAT_MACROS -fPIC -D_FILE_OFFSET_BITS=64 conftest.cpp >&5
configure:23023: $? = 0
configure:23023: result: yes
configure:23023: checking sys/select.h presence
configure:23023: arm-linux-gnueabihf-g++ -std=c++11 -E -I/home/ravenpi/Ravencoin-2.5.1/depends/arm-linux-gnueabihf/share/../include/  -DHAVE_BUILD_INFO -D__STDC_FORMAT_MACROS -fPIC -D_FILE_OFFSET_BITS=64 conftest.cpp
configure:23023: $? = 0
configure:23023: result: yes
configure:23023: checking for sys/select.h
configure:23023: result: yes
configure:23023: checking sys/prctl.h usability
configure:23023: arm-linux-gnueabihf-g++ -std=c++11 -c -pipe -O2  -fPIC -I/home/ravenpi/Ravencoin-2.5.1/depends/arm-linux-gnueabihf/share/../include/  -DHAVE_BUILD_INFO -D__STDC_FORMAT_MACROS -fPIC -D_FILE_OFFSET_BITS=64 conftest.cpp >&5
configure:23023: $? = 0
configure:23023: result: yes
configure:23023: checking sys/prctl.h presence
configure:23023: arm-linux-gnueabihf-g++ -std=c++11 -E -I/home/ravenpi/Ravencoin-2.5.1/depends/arm-linux-gnueabihf/share/../include/  -DHAVE_BUILD_INFO -D__STDC_FORMAT_MACROS -fPIC -D_FILE_OFFSET_BITS=64 conftest.cpp
configure:23023: $? = 0
configure:23023: result: yes
configure:23023: checking for sys/prctl.h
configure:23023: result: yes
configure:23034: checking whether strnlen is declared
configure:23034: arm-linux-gnueabihf-g++ -std=c++11 -c -pipe -O2  -fPIC -I/home/ravenpi/Ravencoin-2.5.1/depends/arm-linux-gnueabihf/share/../include/  -DHAVE_BUILD_INFO -D__STDC_FORMAT_MACROS -fPIC -D_FILE_OFFSET_BITS=64 conftest.cpp >&5
configure:23034: $? = 0
configure:23034: result: yes
configure:23047: checking whether daemon is declared
configure:23047: arm-linux-gnueabihf-g++ -std=c++11 -c -pipe -O2  -fPIC -I/home/ravenpi/Ravencoin-2.5.1/depends/arm-linux-gnueabihf/share/../include/  -DHAVE_BUILD_INFO -D__STDC_FORMAT_MACROS -fPIC -D_FILE_OFFSET_BITS=64 conftest.cpp >&5
configure:23047: $? = 0
configure:23047: result: yes
configure:23059: checking whether le16toh is declared
configure:23059: arm-linux-gnueabihf-g++ -std=c++11 -c -pipe -O2  -fPIC -I/home/ravenpi/Ravencoin-2.5.1/depends/arm-linux-gnueabihf/share/../include/  -DHAVE_BUILD_INFO -D__STDC_FORMAT_MACROS -fPIC -D_FILE_OFFSET_BITS=64 conftest.cpp >&5
configure:23059: $? = 0
configure:23059: result: yes
configure:23074: checking whether le32toh is declared
configure:23074: arm-linux-gnueabihf-g++ -std=c++11 -c -pipe -O2  -fPIC -I/home/ravenpi/Ravencoin-2.5.1/depends/arm-linux-gnueabihf/share/../include/  -DHAVE_BUILD_INFO -D__STDC_FORMAT_MACROS -fPIC -D_FILE_OFFSET_BITS=64 conftest.cpp >&5
configure:23074: $? = 0
configure:23074: result: yes
configure:23089: checking whether le64toh is declared
configure:23089: arm-linux-gnueabihf-g++ -std=c++11 -c -pipe -O2  -fPIC -I/home/ravenpi/Ravencoin-2.5.1/depends/arm-linux-gnueabihf/share/../include/  -DHAVE_BUILD_INFO -D__STDC_FORMAT_MACROS -fPIC -D_FILE_OFFSET_BITS=64 conftest.cpp >&5
configure:23089: $? = 0
configure:23089: result: yes
configure:23104: checking whether htole16 is declared
configure:23104: arm-linux-gnueabihf-g++ -std=c++11 -c -pipe -O2  -fPIC -I/home/ravenpi/Ravencoin-2.5.1/depends/arm-linux-gnueabihf/share/../include/  -DHAVE_BUILD_INFO -D__STDC_FORMAT_MACROS -fPIC -D_FILE_OFFSET_BITS=64 conftest.cpp >&5
configure:23104: $? = 0
configure:23104: result: yes
configure:23119: checking whether htole32 is declared
configure:23119: arm-linux-gnueabihf-g++ -std=c++11 -c -pipe -O2  -fPIC -I/home/ravenpi/Ravencoin-2.5.1/depends/arm-linux-gnueabihf/share/../include/  -DHAVE_BUILD_INFO -D__STDC_FORMAT_MACROS -fPIC -D_FILE_OFFSET_BITS=64 conftest.cpp >&5
configure:23119: $? = 0
configure:23119: result: yes
configure:23134: checking whether htole64 is declared
configure:23134: arm-linux-gnueabihf-g++ -std=c++11 -c -pipe -O2  -fPIC -I/home/ravenpi/Ravencoin-2.5.1/depends/arm-linux-gnueabihf/share/../include/  -DHAVE_BUILD_INFO -D__STDC_FORMAT_MACROS -fPIC -D_FILE_OFFSET_BITS=64 conftest.cpp >&5
configure:23134: $? = 0
configure:23134: result: yes
configure:23149: checking whether be16toh is declared
configure:23149: arm-linux-gnueabihf-g++ -std=c++11 -c -pipe -O2  -fPIC -I/home/ravenpi/Ravencoin-2.5.1/depends/arm-linux-gnueabihf/share/../include/  -DHAVE_BUILD_INFO -D__STDC_FORMAT_MACROS -fPIC -D_FILE_OFFSET_BITS=64 conftest.cpp >&5
configure:23149: $? = 0
configure:23149: result: yes
configure:23164: checking whether be32toh is declared
configure:23164: arm-linux-gnueabihf-g++ -std=c++11 -c -pipe -O2  -fPIC -I/home/ravenpi/Ravencoin-2.5.1/depends/arm-linux-gnueabihf/share/../include/  -DHAVE_BUILD_INFO -D__STDC_FORMAT_MACROS -fPIC -D_FILE_OFFSET_BITS=64 conftest.cpp >&5
configure:23164: $? = 0
configure:23164: result: yes
configure:23179: checking whether be64toh is declared
configure:23179: arm-linux-gnueabihf-g++ -std=c++11 -c -pipe -O2  -fPIC -I/home/ravenpi/Ravencoin-2.5.1/depends/arm-linux-gnueabihf/share/../include/  -DHAVE_BUILD_INFO -D__STDC_FORMAT_MACROS -fPIC -D_FILE_OFFSET_BITS=64 conftest.cpp >&5
configure:23179: $? = 0
configure:23179: result: yes
configure:23194: checking whether htobe16 is declared
configure:23194: arm-linux-gnueabihf-g++ -std=c++11 -c -pipe -O2  -fPIC -I/home/ravenpi/Ravencoin-2.5.1/depends/arm-linux-gnueabihf/share/../include/  -DHAVE_BUILD_INFO -D__STDC_FORMAT_MACROS -fPIC -D_FILE_OFFSET_BITS=64 conftest.cpp >&5
configure:23194: $? = 0
configure:23194: result: yes
configure:23209: checking whether htobe32 is declared
configure:23209: arm-linux-gnueabihf-g++ -std=c++11 -c -pipe -O2  -fPIC -I/home/ravenpi/Ravencoin-2.5.1/depends/arm-linux-gnueabihf/share/../include/  -DHAVE_BUILD_INFO -D__STDC_FORMAT_MACROS -fPIC -D_FILE_OFFSET_BITS=64 conftest.cpp >&5
configure:23209: $? = 0
configure:23209: result: yes
configure:23224: checking whether htobe64 is declared
configure:23224: arm-linux-gnueabihf-g++ -std=c++11 -c -pipe -O2  -fPIC -I/home/ravenpi/Ravencoin-2.5.1/depends/arm-linux-gnueabihf/share/../include/  -DHAVE_BUILD_INFO -D__STDC_FORMAT_MACROS -fPIC -D_FILE_OFFSET_BITS=64 conftest.cpp >&5
configure:23224: $? = 0
configure:23224: result: yes
configure:23241: checking whether bswap_16 is declared
configure:23241: arm-linux-gnueabihf-g++ -std=c++11 -c -pipe -O2  -fPIC -I/home/ravenpi/Ravencoin-2.5.1/depends/arm-linux-gnueabihf/share/../include/  -DHAVE_BUILD_INFO -D__STDC_FORMAT_MACROS -fPIC -D_FILE_OFFSET_BITS=64 conftest.cpp >&5
configure:23241: $? = 0
configure:23241: result: yes
configure:23254: checking whether bswap_32 is declared
configure:23254: arm-linux-gnueabihf-g++ -std=c++11 -c -pipe -O2  -fPIC -I/home/ravenpi/Ravencoin-2.5.1/depends/arm-linux-gnueabihf/share/../include/  -DHAVE_BUILD_INFO -D__STDC_FORMAT_MACROS -fPIC -D_FILE_OFFSET_BITS=64 conftest.cpp >&5
configure:23254: $? = 0
configure:23254: result: yes
configure:23267: checking whether bswap_64 is declared
configure:23267: arm-linux-gnueabihf-g++ -std=c++11 -c -pipe -O2  -fPIC -I/home/ravenpi/Ravencoin-2.5.1/depends/arm-linux-gnueabihf/share/../include/  -DHAVE_BUILD_INFO -D__STDC_FORMAT_MACROS -fPIC -D_FILE_OFFSET_BITS=64 conftest.cpp >&5
configure:23267: $? = 0
configure:23267: result: yes
configure:23282: checking whether __builtin_clz is declared
configure:23282: arm-linux-gnueabihf-g++ -std=c++11 -c -pipe -O2  -fPIC -I/home/ravenpi/Ravencoin-2.5.1/depends/arm-linux-gnueabihf/share/../include/  -DHAVE_BUILD_INFO -D__STDC_FORMAT_MACROS -fPIC -D_FILE_OFFSET_BITS=64 conftest.cpp >&5
configure:23282: $? = 0
configure:23282: result: yes
configure:23292: checking whether __builtin_clzl is declared
configure:23292: arm-linux-gnueabihf-g++ -std=c++11 -c -pipe -O2  -fPIC -I/home/ravenpi/Ravencoin-2.5.1/depends/arm-linux-gnueabihf/share/../include/  -DHAVE_BUILD_INFO -D__STDC_FORMAT_MACROS -fPIC -D_FILE_OFFSET_BITS=64 conftest.cpp >&5
configure:23292: $? = 0
configure:23292: result: yes
configure:23302: checking whether __builtin_clzll is declared
configure:23302: arm-linux-gnueabihf-g++ -std=c++11 -c -pipe -O2  -fPIC -I/home/ravenpi/Ravencoin-2.5.1/depends/arm-linux-gnueabihf/share/../include/  -DHAVE_BUILD_INFO -D__STDC_FORMAT_MACROS -fPIC -D_FILE_OFFSET_BITS=64 conftest.cpp >&5
configure:23302: $? = 0
configure:23302: result: yes
configure:23314: checking for MSG_NOSIGNAL
configure:23327: arm-linux-gnueabihf-g++ -std=c++11 -c -pipe -O2  -fPIC -I/home/ravenpi/Ravencoin-2.5.1/depends/arm-linux-gnueabihf/share/../include/  -DHAVE_BUILD_INFO -D__STDC_FORMAT_MACROS -fPIC -D_FILE_OFFSET_BITS=64 conftest.cpp >&5
configure:23327: $? = 0
configure:23328: result: yes
configure:23339: checking for MSG_DONTWAIT
configure:23352: arm-linux-gnueabihf-g++ -std=c++11 -c -pipe -O2  -fPIC -I/home/ravenpi/Ravencoin-2.5.1/depends/arm-linux-gnueabihf/share/../include/  -DHAVE_BUILD_INFO -D__STDC_FORMAT_MACROS -fPIC -D_FILE_OFFSET_BITS=64 conftest.cpp >&5
configure:23352: $? = 0
configure:23353: result: yes
configure:23364: checking for getmemoryinfo
configure:23377: arm-linux-gnueabihf-g++ -std=c++11 -c -pipe -O2  -fPIC -I/home/ravenpi/Ravencoin-2.5.1/depends/arm-linux-gnueabihf/share/../include/  -DHAVE_BUILD_INFO -D__STDC_FORMAT_MACROS -fPIC -D_FILE_OFFSET_BITS=64 conftest.cpp >&5
configure:23377: $? = 0
configure:23378: result: yes
configure:23389: checking for mallopt M_ARENA_MAX
configure:23402: arm-linux-gnueabihf-g++ -std=c++11 -c -pipe -O2  -fPIC -I/home/ravenpi/Ravencoin-2.5.1/depends/arm-linux-gnueabihf/share/../include/  -DHAVE_BUILD_INFO -D__STDC_FORMAT_MACROS -fPIC -D_FILE_OFFSET_BITS=64 conftest.cpp >&5
configure:23402: $? = 0
configure:23403: result: yes
configure:23414: checking for visibility attribute
configure:23423: arm-linux-gnueabihf-g++ -std=c++11 -o conftest -pipe -O2  -fPIC -I/home/ravenpi/Ravencoin-2.5.1/depends/arm-linux-gnueabihf/share/../include/  -DHAVE_BUILD_INFO -D__STDC_FORMAT_MACROS -fPIC -D_FILE_OFFSET_BITS=64 -L/home/ravenpi/Ravencoin-2.5.1/depends/arm-linux-gnueabihf/share/../lib -static-libstdc++ conftest.cpp -lrt  >&5
configure:23423: $? = 0
configure:23428: result: yes
configure:23445: checking for Linux getrandom syscall
configure:23460: arm-linux-gnueabihf-g++ -std=c++11 -c -pipe -O2  -fPIC -I/home/ravenpi/Ravencoin-2.5.1/depends/arm-linux-gnueabihf/share/../include/  -DHAVE_BUILD_INFO -D__STDC_FORMAT_MACROS -fPIC -D_FILE_OFFSET_BITS=64 conftest.cpp >&5
configure:23460: $? = 0
configure:23461: result: yes
configure:23472: checking for getentropy
configure:23485: arm-linux-gnueabihf-g++ -std=c++11 -c -pipe -O2  -fPIC -I/home/ravenpi/Ravencoin-2.5.1/depends/arm-linux-gnueabihf/share/../include/  -DHAVE_BUILD_INFO -D__STDC_FORMAT_MACROS -fPIC -D_FILE_OFFSET_BITS=64 conftest.cpp >&5
conftest.cpp: In function 'int main()':
conftest.cpp:72:24: error: 'getentropy' was not declared in this scope
  getentropy(nullptr, 32)
                        ^
configure:23485: $? = 1
configure: failed program was:
| /* confdefs.h */
| #define PACKAGE_NAME "Raven Core"
| #define PACKAGE_TARNAME "raven"
| #define PACKAGE_VERSION "2.5.1"
| #define PACKAGE_STRING "Raven Core 2.5.1"
| #define PACKAGE_BUGREPORT "https://github.com/RavenProject/Ravencoin/issues"
| #define PACKAGE_URL "https://ravencoin.org/"
| #define HAVE_CXX11 1
| #define STDC_HEADERS 1
| #define HAVE_SYS_TYPES_H 1
| #define HAVE_SYS_STAT_H 1
| #define HAVE_STDLIB_H 1
| #define HAVE_STRING_H 1
| #define HAVE_MEMORY_H 1
| #define HAVE_STRINGS_H 1
| #define HAVE_INTTYPES_H 1
| #define HAVE_STDINT_H 1
| #define HAVE_UNISTD_H 1
| #define HAVE_DLFCN_H 1
| #define LT_OBJDIR ".libs/"
| #define USE_ASM 1
| #define HAVE_PTHREAD_PRIO_INHERIT 1
| #define HAVE_PTHREAD 1
| #define _FILE_OFFSET_BITS 64
| #define HAVE_DECL_STRERROR_R 1
| #define HAVE_STRERROR_R 1
| #define STRERROR_R_CHAR_P 1
| #define HAVE_FUNC_ATTRIBUTE_VISIBILITY 1
| #define HAVE_LIBRT 1
| #define FDELT_TYPE long int
| #define HAVE_ENDIAN_H 1
| #define HAVE_BYTESWAP_H 1
| #define HAVE_STDIO_H 1
| #define HAVE_STDLIB_H 1
| #define HAVE_UNISTD_H 1
| #define HAVE_STRINGS_H 1
| #define HAVE_SYS_TYPES_H 1
| #define HAVE_SYS_STAT_H 1
| #define HAVE_SYS_SELECT_H 1
| #define HAVE_SYS_PRCTL_H 1
| #define HAVE_DECL_STRNLEN 1
| #define HAVE_DECL_DAEMON 1
| #define HAVE_DECL_LE16TOH 1
| #define HAVE_DECL_LE32TOH 1
| #define HAVE_DECL_LE64TOH 1
| #define HAVE_DECL_HTOLE16 1
| #define HAVE_DECL_HTOLE32 1
| #define HAVE_DECL_HTOLE64 1
| #define HAVE_DECL_BE16TOH 1
| #define HAVE_DECL_BE32TOH 1
| #define HAVE_DECL_BE64TOH 1
| #define HAVE_DECL_HTOBE16 1
| #define HAVE_DECL_HTOBE32 1
| #define HAVE_DECL_HTOBE64 1
| #define HAVE_DECL_BSWAP_16 1
| #define HAVE_DECL_BSWAP_32 1
| #define HAVE_DECL_BSWAP_64 1
| #define HAVE_DECL___BUILTIN_CLZ 1
| #define HAVE_DECL___BUILTIN_CLZL 1
| #define HAVE_DECL___BUILTIN_CLZLL 1
| #define HAVE_MSG_NOSIGNAL 1
| #define HAVE_MSG_DONTWAIT 1
| #define HAVE_MALLOC_INFO 1
| #define HAVE_MALLOPT_ARENA_MAX 1
| #define HAVE_VISIBILITY_ATTRIBUTE 1
| #define HAVE_SYS_GETRANDOM 1
| /* end confdefs.h.  */
| #include <unistd.h>
| int
| main ()
| {
|  getentropy(nullptr, 32)
|   ;
|   return 0;
| }
configure:23491: result: no
configure:23497: checking for getentropy via random.h
configure:23511: arm-linux-gnueabihf-g++ -std=c++11 -c -pipe -O2  -fPIC -I/home/ravenpi/Ravencoin-2.5.1/depends/arm-linux-gnueabihf/share/../include/  -DHAVE_BUILD_INFO -D__STDC_FORMAT_MACROS -fPIC -D_FILE_OFFSET_BITS=64 conftest.cpp >&5
conftest.cpp:69:25: fatal error: sys/random.h: No such file or directory
compilation terminated.
configure:23511: $? = 1
configure: failed program was:
| /* confdefs.h */
| #define PACKAGE_NAME "Raven Core"
| #define PACKAGE_TARNAME "raven"
| #define PACKAGE_VERSION "2.5.1"
| #define PACKAGE_STRING "Raven Core 2.5.1"
| #define PACKAGE_BUGREPORT "https://github.com/RavenProject/Ravencoin/issues"
| #define PACKAGE_URL "https://ravencoin.org/"
| #define HAVE_CXX11 1
| #define STDC_HEADERS 1
| #define HAVE_SYS_TYPES_H 1
| #define HAVE_SYS_STAT_H 1
| #define HAVE_STDLIB_H 1
| #define HAVE_STRING_H 1
| #define HAVE_MEMORY_H 1
| #define HAVE_STRINGS_H 1
| #define HAVE_INTTYPES_H 1
| #define HAVE_STDINT_H 1
| #define HAVE_UNISTD_H 1
| #define HAVE_DLFCN_H 1
| #define LT_OBJDIR ".libs/"
| #define USE_ASM 1
| #define HAVE_PTHREAD_PRIO_INHERIT 1
| #define HAVE_PTHREAD 1
| #define _FILE_OFFSET_BITS 64
| #define HAVE_DECL_STRERROR_R 1
| #define HAVE_STRERROR_R 1
| #define STRERROR_R_CHAR_P 1
| #define HAVE_FUNC_ATTRIBUTE_VISIBILITY 1
| #define HAVE_LIBRT 1
| #define FDELT_TYPE long int
| #define HAVE_ENDIAN_H 1
| #define HAVE_BYTESWAP_H 1
| #define HAVE_STDIO_H 1
| #define HAVE_STDLIB_H 1
| #define HAVE_UNISTD_H 1
| #define HAVE_STRINGS_H 1
| #define HAVE_SYS_TYPES_H 1
| #define HAVE_SYS_STAT_H 1
| #define HAVE_SYS_SELECT_H 1
| #define HAVE_SYS_PRCTL_H 1
| #define HAVE_DECL_STRNLEN 1
| #define HAVE_DECL_DAEMON 1
| #define HAVE_DECL_LE16TOH 1
| #define HAVE_DECL_LE32TOH 1
| #define HAVE_DECL_LE64TOH 1
| #define HAVE_DECL_HTOLE16 1
| #define HAVE_DECL_HTOLE32 1
| #define HAVE_DECL_HTOLE64 1
| #define HAVE_DECL_BE16TOH 1
| #define HAVE_DECL_BE32TOH 1
| #define HAVE_DECL_BE64TOH 1
| #define HAVE_DECL_HTOBE16 1
| #define HAVE_DECL_HTOBE32 1
| #define HAVE_DECL_HTOBE64 1
| #define HAVE_DECL_BSWAP_16 1
| #define HAVE_DECL_BSWAP_32 1
| #define HAVE_DECL_BSWAP_64 1
| #define HAVE_DECL___BUILTIN_CLZ 1
| #define HAVE_DECL___BUILTIN_CLZL 1
| #define HAVE_DECL___BUILTIN_CLZLL 1
| #define HAVE_MSG_NOSIGNAL 1
| #define HAVE_MSG_DONTWAIT 1
| #define HAVE_MALLOC_INFO 1
| #define HAVE_MALLOPT_ARENA_MAX 1
| #define HAVE_VISIBILITY_ATTRIBUTE 1
| #define HAVE_SYS_GETRANDOM 1
| /* end confdefs.h.  */
| #include <unistd.h>
|  #include <sys/random.h>
| int
| main ()
| {
|  getentropy(nullptr, 32)
|   ;
|   return 0;
| }
configure:23517: result: no
configure:23523: checking for sysctl KERN_ARND
configure:23538: arm-linux-gnueabihf-g++ -std=c++11 -c -pipe -O2  -fPIC -I/home/ravenpi/Ravencoin-2.5.1/depends/arm-linux-gnueabihf/share/../include/  -DHAVE_BUILD_INFO -D__STDC_FORMAT_MACROS -fPIC -D_FILE_OFFSET_BITS=64 conftest.cpp >&5
conftest.cpp: In function 'int main()':
conftest.cpp:73:40: error: 'KERN_ARND' was not declared in this scope
  static const int name[2] = {CTL_KERN, KERN_ARND};
                                        ^
conftest.cpp:74:49: error: invalid conversion from 'const int*' to 'int*' [-fpermissive]
     sysctl(name, 2, nullptr, nullptr, nullptr, 0);
                                                 ^
In file included from conftest.cpp:69:0:
/usr/arm-linux-gnueabihf/include/sys/sysctl.h:68:12: note:   initializing argument 1 of 'int sysctl(int*, int, void*, size_t*, void*, size_t)'
 extern int sysctl (int *__name, int __nlen, void *__oldval,
            ^
configure:23538: $? = 1
configure: failed program was:
| /* confdefs.h */
| #define PACKAGE_NAME "Raven Core"
| #define PACKAGE_TARNAME "raven"
| #define PACKAGE_VERSION "2.5.1"
| #define PACKAGE_STRING "Raven Core 2.5.1"
| #define PACKAGE_BUGREPORT "https://github.com/RavenProject/Ravencoin/issues"
| #define PACKAGE_URL "https://ravencoin.org/"
| #define HAVE_CXX11 1
| #define STDC_HEADERS 1
| #define HAVE_SYS_TYPES_H 1
| #define HAVE_SYS_STAT_H 1
| #define HAVE_STDLIB_H 1
| #define HAVE_STRING_H 1
| #define HAVE_MEMORY_H 1
| #define HAVE_STRINGS_H 1
| #define HAVE_INTTYPES_H 1
| #define HAVE_STDINT_H 1
| #define HAVE_UNISTD_H 1
| #define HAVE_DLFCN_H 1
| #define LT_OBJDIR ".libs/"
| #define USE_ASM 1
| #define HAVE_PTHREAD_PRIO_INHERIT 1
| #define HAVE_PTHREAD 1
| #define _FILE_OFFSET_BITS 64
| #define HAVE_DECL_STRERROR_R 1
| #define HAVE_STRERROR_R 1
| #define STRERROR_R_CHAR_P 1
| #define HAVE_FUNC_ATTRIBUTE_VISIBILITY 1
| #define HAVE_LIBRT 1
| #define FDELT_TYPE long int
| #define HAVE_ENDIAN_H 1
| #define HAVE_BYTESWAP_H 1
| #define HAVE_STDIO_H 1
| #define HAVE_STDLIB_H 1
| #define HAVE_UNISTD_H 1
| #define HAVE_STRINGS_H 1
| #define HAVE_SYS_TYPES_H 1
| #define HAVE_SYS_STAT_H 1
| #define HAVE_SYS_SELECT_H 1
| #define HAVE_SYS_PRCTL_H 1
| #define HAVE_DECL_STRNLEN 1
| #define HAVE_DECL_DAEMON 1
| #define HAVE_DECL_LE16TOH 1
| #define HAVE_DECL_LE32TOH 1
| #define HAVE_DECL_LE64TOH 1
| #define HAVE_DECL_HTOLE16 1
| #define HAVE_DECL_HTOLE32 1
| #define HAVE_DECL_HTOLE64 1
| #define HAVE_DECL_BE16TOH 1
| #define HAVE_DECL_BE32TOH 1
| #define HAVE_DECL_BE64TOH 1
| #define HAVE_DECL_HTOBE16 1
| #define HAVE_DECL_HTOBE32 1
| #define HAVE_DECL_HTOBE64 1
| #define HAVE_DECL_BSWAP_16 1
| #define HAVE_DECL_BSWAP_32 1
| #define HAVE_DECL_BSWAP_64 1
| #define HAVE_DECL___BUILTIN_CLZ 1
| #define HAVE_DECL___BUILTIN_CLZL 1
| #define HAVE_DECL___BUILTIN_CLZLL 1
| #define HAVE_MSG_NOSIGNAL 1
| #define HAVE_MSG_DONTWAIT 1
| #define HAVE_MALLOC_INFO 1
| #define HAVE_MALLOPT_ARENA_MAX 1
| #define HAVE_VISIBILITY_ATTRIBUTE 1
| #define HAVE_SYS_GETRANDOM 1
| /* end confdefs.h.  */
| #include <sys/types.h>
|   #include <sys/sysctl.h>
| int
| main ()
| {
|  static const int name[2] = {CTL_KERN, KERN_ARND};
|     sysctl(name, 2, nullptr, nullptr, nullptr, 0);
|   ;
|   return 0;
| }
configure:23544: result: no
configure:23552: checking whether C++ compiler accepts -fvisibility=hidden
configure:23571: arm-linux-gnueabihf-g++ -std=c++11 -c -pipe -O2  -fPIC  -fvisibility=hidden -I/home/ravenpi/Ravencoin-2.5.1/depends/arm-linux-gnueabihf/share/../include/  -DHAVE_BUILD_INFO -D__STDC_FORMAT_MACROS -fPIC -D_FILE_OFFSET_BITS=64 conftest.cpp >&5
configure:23571: $? = 0
configure:23579: result: yes
configure:23610: checking for Berkeley DB C++ headers
configure:23640: arm-linux-gnueabihf-g++ -std=c++11 -c -pipe -O2  -fPIC -I/home/ravenpi/Ravencoin-2.5.1/depends/arm-linux-gnueabihf/share/../include/  -DHAVE_BUILD_INFO -D__STDC_FORMAT_MACROS -fPIC -D_FILE_OFFSET_BITS=64 conftest.cpp >&5
conftest.cpp:69:35: fatal error: bdb4.8/db_cxx.h: No such file or directory
compilation terminated.
configure:23640: $? = 1
configure: failed program was:
| /* confdefs.h */
| #define PACKAGE_NAME "Raven Core"
| #define PACKAGE_TARNAME "raven"
| #define PACKAGE_VERSION "2.5.1"
| #define PACKAGE_STRING "Raven Core 2.5.1"
| #define PACKAGE_BUGREPORT "https://github.com/RavenProject/Ravencoin/issues"
| #define PACKAGE_URL "https://ravencoin.org/"
| #define HAVE_CXX11 1
| #define STDC_HEADERS 1
| #define HAVE_SYS_TYPES_H 1
| #define HAVE_SYS_STAT_H 1
| #define HAVE_STDLIB_H 1
| #define HAVE_STRING_H 1
| #define HAVE_MEMORY_H 1
| #define HAVE_STRINGS_H 1
| #define HAVE_INTTYPES_H 1
| #define HAVE_STDINT_H 1
| #define HAVE_UNISTD_H 1
| #define HAVE_DLFCN_H 1
| #define LT_OBJDIR ".libs/"
| #define USE_ASM 1
| #define HAVE_PTHREAD_PRIO_INHERIT 1
| #define HAVE_PTHREAD 1
| #define _FILE_OFFSET_BITS 64
| #define HAVE_DECL_STRERROR_R 1
| #define HAVE_STRERROR_R 1
| #define STRERROR_R_CHAR_P 1
| #define HAVE_FUNC_ATTRIBUTE_VISIBILITY 1
| #define HAVE_LIBRT 1
| #define FDELT_TYPE long int
| #define HAVE_ENDIAN_H 1
| #define HAVE_BYTESWAP_H 1
| #define HAVE_STDIO_H 1
| #define HAVE_STDLIB_H 1
| #define HAVE_UNISTD_H 1
| #define HAVE_STRINGS_H 1
| #define HAVE_SYS_TYPES_H 1
| #define HAVE_SYS_STAT_H 1
| #define HAVE_SYS_SELECT_H 1
| #define HAVE_SYS_PRCTL_H 1
| #define HAVE_DECL_STRNLEN 1
| #define HAVE_DECL_DAEMON 1
| #define HAVE_DECL_LE16TOH 1
| #define HAVE_DECL_LE32TOH 1
| #define HAVE_DECL_LE64TOH 1
| #define HAVE_DECL_HTOLE16 1
| #define HAVE_DECL_HTOLE32 1
| #define HAVE_DECL_HTOLE64 1
| #define HAVE_DECL_BE16TOH 1
| #define HAVE_DECL_BE32TOH 1
| #define HAVE_DECL_BE64TOH 1
| #define HAVE_DECL_HTOBE16 1
| #define HAVE_DECL_HTOBE32 1
| #define HAVE_DECL_HTOBE64 1
| #define HAVE_DECL_BSWAP_16 1
| #define HAVE_DECL_BSWAP_32 1
| #define HAVE_DECL_BSWAP_64 1
| #define HAVE_DECL___BUILTIN_CLZ 1
| #define HAVE_DECL___BUILTIN_CLZL 1
| #define HAVE_DECL___BUILTIN_CLZLL 1
| #define HAVE_MSG_NOSIGNAL 1
| #define HAVE_MSG_DONTWAIT 1
| #define HAVE_MALLOC_INFO 1
| #define HAVE_MALLOPT_ARENA_MAX 1
| #define HAVE_VISIBILITY_ATTRIBUTE 1
| #define HAVE_SYS_GETRANDOM 1
| /* end confdefs.h.  */
| 
|         #include <bdb4.8/db_cxx.h>
| 
| int
| main ()
| {
| 
|         #if !((DB_VERSION_MAJOR == 4 && DB_VERSION_MINOR >= 8) || DB_VERSION_MAJOR > 4)
|           #error "failed to find bdb 4.8+"
|         #endif
| 
|   ;
|   return 0;
| }
configure:23640: arm-linux-gnueabihf-g++ -std=c++11 -c -pipe -O2  -fPIC -I/home/ravenpi/Ravencoin-2.5.1/depends/arm-linux-gnueabihf/share/../include/  -DHAVE_BUILD_INFO -D__STDC_FORMAT_MACROS -fPIC -D_FILE_OFFSET_BITS=64 conftest.cpp >&5
conftest.cpp:69:37: fatal error: libdb4.8/db_cxx.h: No such file or directory
compilation terminated.
configure:23640: $? = 1
configure: failed program was:
| /* confdefs.h */
| #define PACKAGE_NAME "Raven Core"
| #define PACKAGE_TARNAME "raven"
| #define PACKAGE_VERSION "2.5.1"
| #define PACKAGE_STRING "Raven Core 2.5.1"
| #define PACKAGE_BUGREPORT "https://github.com/RavenProject/Ravencoin/issues"
| #define PACKAGE_URL "https://ravencoin.org/"
| #define HAVE_CXX11 1
| #define STDC_HEADERS 1
| #define HAVE_SYS_TYPES_H 1
| #define HAVE_SYS_STAT_H 1
| #define HAVE_STDLIB_H 1
| #define HAVE_STRING_H 1
| #define HAVE_MEMORY_H 1
| #define HAVE_STRINGS_H 1
| #define HAVE_INTTYPES_H 1
| #define HAVE_STDINT_H 1
| #define HAVE_UNISTD_H 1
| #define HAVE_DLFCN_H 1
| #define LT_OBJDIR ".libs/"
| #define USE_ASM 1
| #define HAVE_PTHREAD_PRIO_INHERIT 1
| #define HAVE_PTHREAD 1
| #define _FILE_OFFSET_BITS 64
| #define HAVE_DECL_STRERROR_R 1
| #define HAVE_STRERROR_R 1
| #define STRERROR_R_CHAR_P 1
| #define HAVE_FUNC_ATTRIBUTE_VISIBILITY 1
| #define HAVE_LIBRT 1
| #define FDELT_TYPE long int
| #define HAVE_ENDIAN_H 1
| #define HAVE_BYTESWAP_H 1
| #define HAVE_STDIO_H 1
| #define HAVE_STDLIB_H 1
| #define HAVE_UNISTD_H 1
| #define HAVE_STRINGS_H 1
| #define HAVE_SYS_TYPES_H 1
| #define HAVE_SYS_STAT_H 1
| #define HAVE_SYS_SELECT_H 1
| #define HAVE_SYS_PRCTL_H 1
| #define HAVE_DECL_STRNLEN 1
| #define HAVE_DECL_DAEMON 1
| #define HAVE_DECL_LE16TOH 1
| #define HAVE_DECL_LE32TOH 1
| #define HAVE_DECL_LE64TOH 1
| #define HAVE_DECL_HTOLE16 1
| #define HAVE_DECL_HTOLE32 1
| #define HAVE_DECL_HTOLE64 1
| #define HAVE_DECL_BE16TOH 1
| #define HAVE_DECL_BE32TOH 1
| #define HAVE_DECL_BE64TOH 1
| #define HAVE_DECL_HTOBE16 1
| #define HAVE_DECL_HTOBE32 1
| #define HAVE_DECL_HTOBE64 1
| #define HAVE_DECL_BSWAP_16 1
| #define HAVE_DECL_BSWAP_32 1
| #define HAVE_DECL_BSWAP_64 1
| #define HAVE_DECL___BUILTIN_CLZ 1
| #define HAVE_DECL___BUILTIN_CLZL 1
| #define HAVE_DECL___BUILTIN_CLZLL 1
| #define HAVE_MSG_NOSIGNAL 1
| #define HAVE_MSG_DONTWAIT 1
| #define HAVE_MALLOC_INFO 1
| #define HAVE_MALLOPT_ARENA_MAX 1
| #define HAVE_VISIBILITY_ATTRIBUTE 1
| #define HAVE_SYS_GETRANDOM 1
| /* end confdefs.h.  */
| 
|         #include <libdb4.8/db_cxx.h>
| 
| int
| main ()
| {
| 
|         #if !((DB_VERSION_MAJOR == 4 && DB_VERSION_MINOR >= 8) || DB_VERSION_MAJOR > 4)
|           #error "failed to find bdb 4.8+"
|         #endif
| 
|   ;
|   return 0;
| }
configure:23640: arm-linux-gnueabihf-g++ -std=c++11 -c -pipe -O2  -fPIC -I/home/ravenpi/Ravencoin-2.5.1/depends/arm-linux-gnueabihf/share/../include/  -DHAVE_BUILD_INFO -D__STDC_FORMAT_MACROS -fPIC -D_FILE_OFFSET_BITS=64 conftest.cpp >&5
conftest.cpp:69:34: fatal error: db4.8/db_cxx.h: No such file or directory
compilation terminated.
configure:23640: $? = 1
configure: failed program was:
| /* confdefs.h */
| #define PACKAGE_NAME "Raven Core"
| #define PACKAGE_TARNAME "raven"
| #define PACKAGE_VERSION "2.5.1"
| #define PACKAGE_STRING "Raven Core 2.5.1"
| #define PACKAGE_BUGREPORT "https://github.com/RavenProject/Ravencoin/issues"
| #define PACKAGE_URL "https://ravencoin.org/"
| #define HAVE_CXX11 1
| #define STDC_HEADERS 1
| #define HAVE_SYS_TYPES_H 1
| #define HAVE_SYS_STAT_H 1
| #define HAVE_STDLIB_H 1
| #define HAVE_STRING_H 1
| #define HAVE_MEMORY_H 1
| #define HAVE_STRINGS_H 1
| #define HAVE_INTTYPES_H 1
| #define HAVE_STDINT_H 1
| #define HAVE_UNISTD_H 1
| #define HAVE_DLFCN_H 1
| #define LT_OBJDIR ".libs/"
| #define USE_ASM 1
| #define HAVE_PTHREAD_PRIO_INHERIT 1
| #define HAVE_PTHREAD 1
| #define _FILE_OFFSET_BITS 64
| #define HAVE_DECL_STRERROR_R 1
| #define HAVE_STRERROR_R 1
| #define STRERROR_R_CHAR_P 1
| #define HAVE_FUNC_ATTRIBUTE_VISIBILITY 1
| #define HAVE_LIBRT 1
| #define FDELT_TYPE long int
| #define HAVE_ENDIAN_H 1
| #define HAVE_BYTESWAP_H 1
| #define HAVE_STDIO_H 1
| #define HAVE_STDLIB_H 1
| #define HAVE_UNISTD_H 1
| #define HAVE_STRINGS_H 1
| #define HAVE_SYS_TYPES_H 1
| #define HAVE_SYS_STAT_H 1
| #define HAVE_SYS_SELECT_H 1
| #define HAVE_SYS_PRCTL_H 1
| #define HAVE_DECL_STRNLEN 1
| #define HAVE_DECL_DAEMON 1
| #define HAVE_DECL_LE16TOH 1
| #define HAVE_DECL_LE32TOH 1
| #define HAVE_DECL_LE64TOH 1
| #define HAVE_DECL_HTOLE16 1
| #define HAVE_DECL_HTOLE32 1
| #define HAVE_DECL_HTOLE64 1
| #define HAVE_DECL_BE16TOH 1
| #define HAVE_DECL_BE32TOH 1
| #define HAVE_DECL_BE64TOH 1
| #define HAVE_DECL_HTOBE16 1
| #define HAVE_DECL_HTOBE32 1
| #define HAVE_DECL_HTOBE64 1
| #define HAVE_DECL_BSWAP_16 1
| #define HAVE_DECL_BSWAP_32 1
| #define HAVE_DECL_BSWAP_64 1
| #define HAVE_DECL___BUILTIN_CLZ 1
| #define HAVE_DECL___BUILTIN_CLZL 1
| #define HAVE_DECL___BUILTIN_CLZLL 1
| #define HAVE_MSG_NOSIGNAL 1
| #define HAVE_MSG_DONTWAIT 1
| #define HAVE_MALLOC_INFO 1
| #define HAVE_MALLOPT_ARENA_MAX 1
| #define HAVE_VISIBILITY_ATTRIBUTE 1
| #define HAVE_SYS_GETRANDOM 1
| /* end confdefs.h.  */
| 
|         #include <db4.8/db_cxx.h>
| 
| int
| main ()
| {
| 
|         #if !((DB_VERSION_MAJOR == 4 && DB_VERSION_MINOR >= 8) || DB_VERSION_MAJOR > 4)
|           #error "failed to find bdb 4.8+"
|         #endif
| 
|   ;
|   return 0;
| }
configure:23640: arm-linux-gnueabihf-g++ -std=c++11 -c -pipe -O2  -fPIC -I/home/ravenpi/Ravencoin-2.5.1/depends/arm-linux-gnueabihf/share/../include/  -DHAVE_BUILD_INFO -D__STDC_FORMAT_MACROS -fPIC -D_FILE_OFFSET_BITS=64 conftest.cpp >&5
conftest.cpp:69:34: fatal error: bdb48/db_cxx.h: No such file or directory
compilation terminated.
configure:23640: $? = 1
configure: failed program was:
| /* confdefs.h */
| #define PACKAGE_NAME "Raven Core"
| #define PACKAGE_TARNAME "raven"
| #define PACKAGE_VERSION "2.5.1"
| #define PACKAGE_STRING "Raven Core 2.5.1"
| #define PACKAGE_BUGREPORT "https://github.com/RavenProject/Ravencoin/issues"
| #define PACKAGE_URL "https://ravencoin.org/"
| #define HAVE_CXX11 1
| #define STDC_HEADERS 1
| #define HAVE_SYS_TYPES_H 1
| #define HAVE_SYS_STAT_H 1
| #define HAVE_STDLIB_H 1
| #define HAVE_STRING_H 1
| #define HAVE_MEMORY_H 1
| #define HAVE_STRINGS_H 1
| #define HAVE_INTTYPES_H 1
| #define HAVE_STDINT_H 1
| #define HAVE_UNISTD_H 1
| #define HAVE_DLFCN_H 1
| #define LT_OBJDIR ".libs/"
| #define USE_ASM 1
| #define HAVE_PTHREAD_PRIO_INHERIT 1
| #define HAVE_PTHREAD 1
| #define _FILE_OFFSET_BITS 64
| #define HAVE_DECL_STRERROR_R 1
| #define HAVE_STRERROR_R 1
| #define STRERROR_R_CHAR_P 1
| #define HAVE_FUNC_ATTRIBUTE_VISIBILITY 1
| #define HAVE_LIBRT 1
| #define FDELT_TYPE long int
| #define HAVE_ENDIAN_H 1
| #define HAVE_BYTESWAP_H 1
| #define HAVE_STDIO_H 1
| #define HAVE_STDLIB_H 1
| #define HAVE_UNISTD_H 1
| #define HAVE_STRINGS_H 1
| #define HAVE_SYS_TYPES_H 1
| #define HAVE_SYS_STAT_H 1
| #define HAVE_SYS_SELECT_H 1
| #define HAVE_SYS_PRCTL_H 1
| #define HAVE_DECL_STRNLEN 1
| #define HAVE_DECL_DAEMON 1
| #define HAVE_DECL_LE16TOH 1
| #define HAVE_DECL_LE32TOH 1
| #define HAVE_DECL_LE64TOH 1
| #define HAVE_DECL_HTOLE16 1
| #define HAVE_DECL_HTOLE32 1
| #define HAVE_DECL_HTOLE64 1
| #define HAVE_DECL_BE16TOH 1
| #define HAVE_DECL_BE32TOH 1
| #define HAVE_DECL_BE64TOH 1
| #define HAVE_DECL_HTOBE16 1
| #define HAVE_DECL_HTOBE32 1
| #define HAVE_DECL_HTOBE64 1
| #define HAVE_DECL_BSWAP_16 1
| #define HAVE_DECL_BSWAP_32 1
| #define HAVE_DECL_BSWAP_64 1
| #define HAVE_DECL___BUILTIN_CLZ 1
| #define HAVE_DECL___BUILTIN_CLZL 1
| #define HAVE_DECL___BUILTIN_CLZLL 1
| #define HAVE_MSG_NOSIGNAL 1
| #define HAVE_MSG_DONTWAIT 1
| #define HAVE_MALLOC_INFO 1
| #define HAVE_MALLOPT_ARENA_MAX 1
| #define HAVE_VISIBILITY_ATTRIBUTE 1
| #define HAVE_SYS_GETRANDOM 1
| /* end confdefs.h.  */
| 
|         #include <bdb48/db_cxx.h>
| 
| int
| main ()
| {
| 
|         #if !((DB_VERSION_MAJOR == 4 && DB_VERSION_MINOR >= 8) || DB_VERSION_MAJOR > 4)
|           #error "failed to find bdb 4.8+"
|         #endif
| 
|   ;
|   return 0;
| }
configure:23640: arm-linux-gnueabihf-g++ -std=c++11 -c -pipe -O2  -fPIC -I/home/ravenpi/Ravencoin-2.5.1/depends/arm-linux-gnueabihf/share/../include/  -DHAVE_BUILD_INFO -D__STDC_FORMAT_MACROS -fPIC -D_FILE_OFFSET_BITS=64 conftest.cpp >&5
conftest.cpp:69:36: fatal error: libdb48/db_cxx.h: No such file or directory
compilation terminated.
configure:23640: $? = 1
configure: failed program was:
| /* confdefs.h */
| #define PACKAGE_NAME "Raven Core"
| #define PACKAGE_TARNAME "raven"
| #define PACKAGE_VERSION "2.5.1"
| #define PACKAGE_STRING "Raven Core 2.5.1"
| #define PACKAGE_BUGREPORT "https://github.com/RavenProject/Ravencoin/issues"
| #define PACKAGE_URL "https://ravencoin.org/"
| #define HAVE_CXX11 1
| #define STDC_HEADERS 1
| #define HAVE_SYS_TYPES_H 1
| #define HAVE_SYS_STAT_H 1
| #define HAVE_STDLIB_H 1
| #define HAVE_STRING_H 1
| #define HAVE_MEMORY_H 1
| #define HAVE_STRINGS_H 1
| #define HAVE_INTTYPES_H 1
| #define HAVE_STDINT_H 1
| #define HAVE_UNISTD_H 1
| #define HAVE_DLFCN_H 1
| #define LT_OBJDIR ".libs/"
| #define USE_ASM 1
| #define HAVE_PTHREAD_PRIO_INHERIT 1
| #define HAVE_PTHREAD 1
| #define _FILE_OFFSET_BITS 64
| #define HAVE_DECL_STRERROR_R 1
| #define HAVE_STRERROR_R 1
| #define STRERROR_R_CHAR_P 1
| #define HAVE_FUNC_ATTRIBUTE_VISIBILITY 1
| #define HAVE_LIBRT 1
| #define FDELT_TYPE long int
| #define HAVE_ENDIAN_H 1
| #define HAVE_BYTESWAP_H 1
| #define HAVE_STDIO_H 1
| #define HAVE_STDLIB_H 1
| #define HAVE_UNISTD_H 1
| #define HAVE_STRINGS_H 1
| #define HAVE_SYS_TYPES_H 1
| #define HAVE_SYS_STAT_H 1
| #define HAVE_SYS_SELECT_H 1
| #define HAVE_SYS_PRCTL_H 1
| #define HAVE_DECL_STRNLEN 1
| #define HAVE_DECL_DAEMON 1
| #define HAVE_DECL_LE16TOH 1
| #define HAVE_DECL_LE32TOH 1
| #define HAVE_DECL_LE64TOH 1
| #define HAVE_DECL_HTOLE16 1
| #define HAVE_DECL_HTOLE32 1
| #define HAVE_DECL_HTOLE64 1
| #define HAVE_DECL_BE16TOH 1
| #define HAVE_DECL_BE32TOH 1
| #define HAVE_DECL_BE64TOH 1
| #define HAVE_DECL_HTOBE16 1
| #define HAVE_DECL_HTOBE32 1
| #define HAVE_DECL_HTOBE64 1
| #define HAVE_DECL_BSWAP_16 1
| #define HAVE_DECL_BSWAP_32 1
| #define HAVE_DECL_BSWAP_64 1
| #define HAVE_DECL___BUILTIN_CLZ 1
| #define HAVE_DECL___BUILTIN_CLZL 1
| #define HAVE_DECL___BUILTIN_CLZLL 1
| #define HAVE_MSG_NOSIGNAL 1
| #define HAVE_MSG_DONTWAIT 1
| #define HAVE_MALLOC_INFO 1
| #define HAVE_MALLOPT_ARENA_MAX 1
| #define HAVE_VISIBILITY_ATTRIBUTE 1
| #define HAVE_SYS_GETRANDOM 1
| /* end confdefs.h.  */
| 
|         #include <libdb48/db_cxx.h>
| 
| int
| main ()
| {
| 
|         #if !((DB_VERSION_MAJOR == 4 && DB_VERSION_MINOR >= 8) || DB_VERSION_MAJOR > 4)
|           #error "failed to find bdb 4.8+"
|         #endif
| 
|   ;
|   return 0;
| }
configure:23640: arm-linux-gnueabihf-g++ -std=c++11 -c -pipe -O2  -fPIC -I/home/ravenpi/Ravencoin-2.5.1/depends/arm-linux-gnueabihf/share/../include/  -DHAVE_BUILD_INFO -D__STDC_FORMAT_MACROS -fPIC -D_FILE_OFFSET_BITS=64 conftest.cpp >&5
conftest.cpp:69:33: fatal error: db48/db_cxx.h: No such file or directory
compilation terminated.
configure:23640: $? = 1
configure: failed program was:
| /* confdefs.h */
| #define PACKAGE_NAME "Raven Core"
| #define PACKAGE_TARNAME "raven"
| #define PACKAGE_VERSION "2.5.1"
| #define PACKAGE_STRING "Raven Core 2.5.1"
| #define PACKAGE_BUGREPORT "https://github.com/RavenProject/Ravencoin/issues"
| #define PACKAGE_URL "https://ravencoin.org/"
| #define HAVE_CXX11 1
| #define STDC_HEADERS 1
| #define HAVE_SYS_TYPES_H 1
| #define HAVE_SYS_STAT_H 1
| #define HAVE_STDLIB_H 1
| #define HAVE_STRING_H 1
| #define HAVE_MEMORY_H 1
| #define HAVE_STRINGS_H 1
| #define HAVE_INTTYPES_H 1
| #define HAVE_STDINT_H 1
| #define HAVE_UNISTD_H 1
| #define HAVE_DLFCN_H 1
| #define LT_OBJDIR ".libs/"
| #define USE_ASM 1
| #define HAVE_PTHREAD_PRIO_INHERIT 1
| #define HAVE_PTHREAD 1
| #define _FILE_OFFSET_BITS 64
| #define HAVE_DECL_STRERROR_R 1
| #define HAVE_STRERROR_R 1
| #define STRERROR_R_CHAR_P 1
| #define HAVE_FUNC_ATTRIBUTE_VISIBILITY 1
| #define HAVE_LIBRT 1
| #define FDELT_TYPE long int
| #define HAVE_ENDIAN_H 1
| #define HAVE_BYTESWAP_H 1
| #define HAVE_STDIO_H 1
| #define HAVE_STDLIB_H 1
| #define HAVE_UNISTD_H 1
| #define HAVE_STRINGS_H 1
| #define HAVE_SYS_TYPES_H 1
| #define HAVE_SYS_STAT_H 1
| #define HAVE_SYS_SELECT_H 1
| #define HAVE_SYS_PRCTL_H 1
| #define HAVE_DECL_STRNLEN 1
| #define HAVE_DECL_DAEMON 1
| #define HAVE_DECL_LE16TOH 1
| #define HAVE_DECL_LE32TOH 1
| #define HAVE_DECL_LE64TOH 1
| #define HAVE_DECL_HTOLE16 1
| #define HAVE_DECL_HTOLE32 1
| #define HAVE_DECL_HTOLE64 1
| #define HAVE_DECL_BE16TOH 1
| #define HAVE_DECL_BE32TOH 1
| #define HAVE_DECL_BE64TOH 1
| #define HAVE_DECL_HTOBE16 1
| #define HAVE_DECL_HTOBE32 1
| #define HAVE_DECL_HTOBE64 1
| #define HAVE_DECL_BSWAP_16 1
| #define HAVE_DECL_BSWAP_32 1
| #define HAVE_DECL_BSWAP_64 1
| #define HAVE_DECL___BUILTIN_CLZ 1
| #define HAVE_DECL___BUILTIN_CLZL 1
| #define HAVE_DECL___BUILTIN_CLZLL 1
| #define HAVE_MSG_NOSIGNAL 1
| #define HAVE_MSG_DONTWAIT 1
| #define HAVE_MALLOC_INFO 1
| #define HAVE_MALLOPT_ARENA_MAX 1
| #define HAVE_VISIBILITY_ATTRIBUTE 1
| #define HAVE_SYS_GETRANDOM 1
| /* end confdefs.h.  */
| 
|         #include <db48/db_cxx.h>
| 
| int
| main ()
| {
| 
|         #if !((DB_VERSION_MAJOR == 4 && DB_VERSION_MINOR >= 8) || DB_VERSION_MAJOR > 4)
|           #error "failed to find bdb 4.8+"
|         #endif
| 
|   ;
|   return 0;
| }
configure:23640: arm-linux-gnueabihf-g++ -std=c++11 -c -pipe -O2  -fPIC -I/home/ravenpi/Ravencoin-2.5.1/depends/arm-linux-gnueabihf/share/../include/  -DHAVE_BUILD_INFO -D__STDC_FORMAT_MACROS -fPIC -D_FILE_OFFSET_BITS=64 conftest.cpp >&5
conftest.cpp:69:33: fatal error: bdb4/db_cxx.h: No such file or directory
compilation terminated.
configure:23640: $? = 1
configure: failed program was:
| /* confdefs.h */
| #define PACKAGE_NAME "Raven Core"
| #define PACKAGE_TARNAME "raven"
| #define PACKAGE_VERSION "2.5.1"
| #define PACKAGE_STRING "Raven Core 2.5.1"
| #define PACKAGE_BUGREPORT "https://github.com/RavenProject/Ravencoin/issues"
| #define PACKAGE_URL "https://ravencoin.org/"
| #define HAVE_CXX11 1
| #define STDC_HEADERS 1
| #define HAVE_SYS_TYPES_H 1
| #define HAVE_SYS_STAT_H 1
| #define HAVE_STDLIB_H 1
| #define HAVE_STRING_H 1
| #define HAVE_MEMORY_H 1
| #define HAVE_STRINGS_H 1
| #define HAVE_INTTYPES_H 1
| #define HAVE_STDINT_H 1
| #define HAVE_UNISTD_H 1
| #define HAVE_DLFCN_H 1
| #define LT_OBJDIR ".libs/"
| #define USE_ASM 1
| #define HAVE_PTHREAD_PRIO_INHERIT 1
| #define HAVE_PTHREAD 1
| #define _FILE_OFFSET_BITS 64
| #define HAVE_DECL_STRERROR_R 1
| #define HAVE_STRERROR_R 1
| #define STRERROR_R_CHAR_P 1
| #define HAVE_FUNC_ATTRIBUTE_VISIBILITY 1
| #define HAVE_LIBRT 1
| #define FDELT_TYPE long int
| #define HAVE_ENDIAN_H 1
| #define HAVE_BYTESWAP_H 1
| #define HAVE_STDIO_H 1
| #define HAVE_STDLIB_H 1
| #define HAVE_UNISTD_H 1
| #define HAVE_STRINGS_H 1
| #define HAVE_SYS_TYPES_H 1
| #define HAVE_SYS_STAT_H 1
| #define HAVE_SYS_SELECT_H 1
| #define HAVE_SYS_PRCTL_H 1
| #define HAVE_DECL_STRNLEN 1
| #define HAVE_DECL_DAEMON 1
| #define HAVE_DECL_LE16TOH 1
| #define HAVE_DECL_LE32TOH 1
| #define HAVE_DECL_LE64TOH 1
| #define HAVE_DECL_HTOLE16 1
| #define HAVE_DECL_HTOLE32 1
| #define HAVE_DECL_HTOLE64 1
| #define HAVE_DECL_BE16TOH 1
| #define HAVE_DECL_BE32TOH 1
| #define HAVE_DECL_BE64TOH 1
| #define HAVE_DECL_HTOBE16 1
| #define HAVE_DECL_HTOBE32 1
| #define HAVE_DECL_HTOBE64 1
| #define HAVE_DECL_BSWAP_16 1
| #define HAVE_DECL_BSWAP_32 1
| #define HAVE_DECL_BSWAP_64 1
| #define HAVE_DECL___BUILTIN_CLZ 1
| #define HAVE_DECL___BUILTIN_CLZL 1
| #define HAVE_DECL___BUILTIN_CLZLL 1
| #define HAVE_MSG_NOSIGNAL 1
| #define HAVE_MSG_DONTWAIT 1
| #define HAVE_MALLOC_INFO 1
| #define HAVE_MALLOPT_ARENA_MAX 1
| #define HAVE_VISIBILITY_ATTRIBUTE 1
| #define HAVE_SYS_GETRANDOM 1
| /* end confdefs.h.  */
| 
|         #include <bdb4/db_cxx.h>
| 
| int
| main ()
| {
| 
|         #if !((DB_VERSION_MAJOR == 4 && DB_VERSION_MINOR >= 8) || DB_VERSION_MAJOR > 4)
|           #error "failed to find bdb 4.8+"
|         #endif
| 
|   ;
|   return 0;
| }
configure:23640: arm-linux-gnueabihf-g++ -std=c++11 -c -pipe -O2  -fPIC -I/home/ravenpi/Ravencoin-2.5.1/depends/arm-linux-gnueabihf/share/../include/  -DHAVE_BUILD_INFO -D__STDC_FORMAT_MACROS -fPIC -D_FILE_OFFSET_BITS=64 conftest.cpp >&5
conftest.cpp:69:35: fatal error: libdb4/db_cxx.h: No such file or directory
compilation terminated.
configure:23640: $? = 1
configure: failed program was:
| /* confdefs.h */
| #define PACKAGE_NAME "Raven Core"
| #define PACKAGE_TARNAME "raven"
| #define PACKAGE_VERSION "2.5.1"
| #define PACKAGE_STRING "Raven Core 2.5.1"
| #define PACKAGE_BUGREPORT "https://github.com/RavenProject/Ravencoin/issues"
| #define PACKAGE_URL "https://ravencoin.org/"
| #define HAVE_CXX11 1
| #define STDC_HEADERS 1
| #define HAVE_SYS_TYPES_H 1
| #define HAVE_SYS_STAT_H 1
| #define HAVE_STDLIB_H 1
| #define HAVE_STRING_H 1
| #define HAVE_MEMORY_H 1
| #define HAVE_STRINGS_H 1
| #define HAVE_INTTYPES_H 1
| #define HAVE_STDINT_H 1
| #define HAVE_UNISTD_H 1
| #define HAVE_DLFCN_H 1
| #define LT_OBJDIR ".libs/"
| #define USE_ASM 1
| #define HAVE_PTHREAD_PRIO_INHERIT 1
| #define HAVE_PTHREAD 1
| #define _FILE_OFFSET_BITS 64
| #define HAVE_DECL_STRERROR_R 1
| #define HAVE_STRERROR_R 1
| #define STRERROR_R_CHAR_P 1
| #define HAVE_FUNC_ATTRIBUTE_VISIBILITY 1
| #define HAVE_LIBRT 1
| #define FDELT_TYPE long int
| #define HAVE_ENDIAN_H 1
| #define HAVE_BYTESWAP_H 1
| #define HAVE_STDIO_H 1
| #define HAVE_STDLIB_H 1
| #define HAVE_UNISTD_H 1
| #define HAVE_STRINGS_H 1
| #define HAVE_SYS_TYPES_H 1
| #define HAVE_SYS_STAT_H 1
| #define HAVE_SYS_SELECT_H 1
| #define HAVE_SYS_PRCTL_H 1
| #define HAVE_DECL_STRNLEN 1
| #define HAVE_DECL_DAEMON 1
| #define HAVE_DECL_LE16TOH 1
| #define HAVE_DECL_LE32TOH 1
| #define HAVE_DECL_LE64TOH 1
| #define HAVE_DECL_HTOLE16 1
| #define HAVE_DECL_HTOLE32 1
| #define HAVE_DECL_HTOLE64 1
| #define HAVE_DECL_BE16TOH 1
| #define HAVE_DECL_BE32TOH 1
| #define HAVE_DECL_BE64TOH 1
| #define HAVE_DECL_HTOBE16 1
| #define HAVE_DECL_HTOBE32 1
| #define HAVE_DECL_HTOBE64 1
| #define HAVE_DECL_BSWAP_16 1
| #define HAVE_DECL_BSWAP_32 1
| #define HAVE_DECL_BSWAP_64 1
| #define HAVE_DECL___BUILTIN_CLZ 1
| #define HAVE_DECL___BUILTIN_CLZL 1
| #define HAVE_DECL___BUILTIN_CLZLL 1
| #define HAVE_MSG_NOSIGNAL 1
| #define HAVE_MSG_DONTWAIT 1
| #define HAVE_MALLOC_INFO 1
| #define HAVE_MALLOPT_ARENA_MAX 1
| #define HAVE_VISIBILITY_ATTRIBUTE 1
| #define HAVE_SYS_GETRANDOM 1
| /* end confdefs.h.  */
| 
|         #include <libdb4/db_cxx.h>
| 
| int
| main ()
| {
| 
|         #if !((DB_VERSION_MAJOR == 4 && DB_VERSION_MINOR >= 8) || DB_VERSION_MAJOR > 4)
|           #error "failed to find bdb 4.8+"
|         #endif
| 
|   ;
|   return 0;
| }
configure:23640: arm-linux-gnueabihf-g++ -std=c++11 -c -pipe -O2  -fPIC -I/home/ravenpi/Ravencoin-2.5.1/depends/arm-linux-gnueabihf/share/../include/  -DHAVE_BUILD_INFO -D__STDC_FORMAT_MACROS -fPIC -D_FILE_OFFSET_BITS=64 conftest.cpp >&5
conftest.cpp:69:32: fatal error: db4/db_cxx.h: No such file or directory
compilation terminated.
configure:23640: $? = 1
configure: failed program was:
| /* confdefs.h */
| #define PACKAGE_NAME "Raven Core"
| #define PACKAGE_TARNAME "raven"
| #define PACKAGE_VERSION "2.5.1"
| #define PACKAGE_STRING "Raven Core 2.5.1"
| #define PACKAGE_BUGREPORT "https://github.com/RavenProject/Ravencoin/issues"
| #define PACKAGE_URL "https://ravencoin.org/"
| #define HAVE_CXX11 1
| #define STDC_HEADERS 1
| #define HAVE_SYS_TYPES_H 1
| #define HAVE_SYS_STAT_H 1
| #define HAVE_STDLIB_H 1
| #define HAVE_STRING_H 1
| #define HAVE_MEMORY_H 1
| #define HAVE_STRINGS_H 1
| #define HAVE_INTTYPES_H 1
| #define HAVE_STDINT_H 1
| #define HAVE_UNISTD_H 1
| #define HAVE_DLFCN_H 1
| #define LT_OBJDIR ".libs/"
| #define USE_ASM 1
| #define HAVE_PTHREAD_PRIO_INHERIT 1
| #define HAVE_PTHREAD 1
| #define _FILE_OFFSET_BITS 64
| #define HAVE_DECL_STRERROR_R 1
| #define HAVE_STRERROR_R 1
| #define STRERROR_R_CHAR_P 1
| #define HAVE_FUNC_ATTRIBUTE_VISIBILITY 1
| #define HAVE_LIBRT 1
| #define FDELT_TYPE long int
| #define HAVE_ENDIAN_H 1
| #define HAVE_BYTESWAP_H 1
| #define HAVE_STDIO_H 1
| #define HAVE_STDLIB_H 1
| #define HAVE_UNISTD_H 1
| #define HAVE_STRINGS_H 1
| #define HAVE_SYS_TYPES_H 1
| #define HAVE_SYS_STAT_H 1
| #define HAVE_SYS_SELECT_H 1
| #define HAVE_SYS_PRCTL_H 1
| #define HAVE_DECL_STRNLEN 1
| #define HAVE_DECL_DAEMON 1
| #define HAVE_DECL_LE16TOH 1
| #define HAVE_DECL_LE32TOH 1
| #define HAVE_DECL_LE64TOH 1
| #define HAVE_DECL_HTOLE16 1
| #define HAVE_DECL_HTOLE32 1
| #define HAVE_DECL_HTOLE64 1
| #define HAVE_DECL_BE16TOH 1
| #define HAVE_DECL_BE32TOH 1
| #define HAVE_DECL_BE64TOH 1
| #define HAVE_DECL_HTOBE16 1
| #define HAVE_DECL_HTOBE32 1
| #define HAVE_DECL_HTOBE64 1
| #define HAVE_DECL_BSWAP_16 1
| #define HAVE_DECL_BSWAP_32 1
| #define HAVE_DECL_BSWAP_64 1
| #define HAVE_DECL___BUILTIN_CLZ 1
| #define HAVE_DECL___BUILTIN_CLZL 1
| #define HAVE_DECL___BUILTIN_CLZLL 1
| #define HAVE_MSG_NOSIGNAL 1
| #define HAVE_MSG_DONTWAIT 1
| #define HAVE_MALLOC_INFO 1
| #define HAVE_MALLOPT_ARENA_MAX 1
| #define HAVE_VISIBILITY_ATTRIBUTE 1
| #define HAVE_SYS_GETRANDOM 1
| /* end confdefs.h.  */
| 
|         #include <db4/db_cxx.h>
| 
| int
| main ()
| {
| 
|         #if !((DB_VERSION_MAJOR == 4 && DB_VERSION_MINOR >= 8) || DB_VERSION_MAJOR > 4)
|           #error "failed to find bdb 4.8+"
|         #endif
| 
|   ;
|   return 0;
| }
configure:23640: arm-linux-gnueabihf-g++ -std=c++11 -c -pipe -O2  -fPIC -I/home/ravenpi/Ravencoin-2.5.1/depends/arm-linux-gnueabihf/share/../include/  -DHAVE_BUILD_INFO -D__STDC_FORMAT_MACROS -fPIC -D_FILE_OFFSET_BITS=64 conftest.cpp >&5
conftest.cpp:69:33: fatal error: bdb5/db_cxx.h: No such file or directory
compilation terminated.
configure:23640: $? = 1
configure: failed program was:
| /* confdefs.h */
| #define PACKAGE_NAME "Raven Core"
| #define PACKAGE_TARNAME "raven"
| #define PACKAGE_VERSION "2.5.1"
| #define PACKAGE_STRING "Raven Core 2.5.1"
| #define PACKAGE_BUGREPORT "https://github.com/RavenProject/Ravencoin/issues"
| #define PACKAGE_URL "https://ravencoin.org/"
| #define HAVE_CXX11 1
| #define STDC_HEADERS 1
| #define HAVE_SYS_TYPES_H 1
| #define HAVE_SYS_STAT_H 1
| #define HAVE_STDLIB_H 1
| #define HAVE_STRING_H 1
| #define HAVE_MEMORY_H 1
| #define HAVE_STRINGS_H 1
| #define HAVE_INTTYPES_H 1
| #define HAVE_STDINT_H 1
| #define HAVE_UNISTD_H 1
| #define HAVE_DLFCN_H 1
| #define LT_OBJDIR ".libs/"
| #define USE_ASM 1
| #define HAVE_PTHREAD_PRIO_INHERIT 1
| #define HAVE_PTHREAD 1
| #define _FILE_OFFSET_BITS 64
| #define HAVE_DECL_STRERROR_R 1
| #define HAVE_STRERROR_R 1
| #define STRERROR_R_CHAR_P 1
| #define HAVE_FUNC_ATTRIBUTE_VISIBILITY 1
| #define HAVE_LIBRT 1
| #define FDELT_TYPE long int
| #define HAVE_ENDIAN_H 1
| #define HAVE_BYTESWAP_H 1
| #define HAVE_STDIO_H 1
| #define HAVE_STDLIB_H 1
| #define HAVE_UNISTD_H 1
| #define HAVE_STRINGS_H 1
| #define HAVE_SYS_TYPES_H 1
| #define HAVE_SYS_STAT_H 1
| #define HAVE_SYS_SELECT_H 1
| #define HAVE_SYS_PRCTL_H 1
| #define HAVE_DECL_STRNLEN 1
| #define HAVE_DECL_DAEMON 1
| #define HAVE_DECL_LE16TOH 1
| #define HAVE_DECL_LE32TOH 1
| #define HAVE_DECL_LE64TOH 1
| #define HAVE_DECL_HTOLE16 1
| #define HAVE_DECL_HTOLE32 1
| #define HAVE_DECL_HTOLE64 1
| #define HAVE_DECL_BE16TOH 1
| #define HAVE_DECL_BE32TOH 1
| #define HAVE_DECL_BE64TOH 1
| #define HAVE_DECL_HTOBE16 1
| #define HAVE_DECL_HTOBE32 1
| #define HAVE_DECL_HTOBE64 1
| #define HAVE_DECL_BSWAP_16 1
| #define HAVE_DECL_BSWAP_32 1
| #define HAVE_DECL_BSWAP_64 1
| #define HAVE_DECL___BUILTIN_CLZ 1
| #define HAVE_DECL___BUILTIN_CLZL 1
| #define HAVE_DECL___BUILTIN_CLZLL 1
| #define HAVE_MSG_NOSIGNAL 1
| #define HAVE_MSG_DONTWAIT 1
| #define HAVE_MALLOC_INFO 1
| #define HAVE_MALLOPT_ARENA_MAX 1
| #define HAVE_VISIBILITY_ATTRIBUTE 1
| #define HAVE_SYS_GETRANDOM 1
| /* end confdefs.h.  */
| 
|         #include <bdb5/db_cxx.h>
| 
| int
| main ()
| {
| 
|         #if !((DB_VERSION_MAJOR == 4 && DB_VERSION_MINOR >= 8) || DB_VERSION_MAJOR > 4)
|           #error "failed to find bdb 4.8+"
|         #endif
| 
|   ;
|   return 0;
| }
configure:23640: arm-linux-gnueabihf-g++ -std=c++11 -c -pipe -O2  -fPIC -I/home/ravenpi/Ravencoin-2.5.1/depends/arm-linux-gnueabihf/share/../include/  -DHAVE_BUILD_INFO -D__STDC_FORMAT_MACROS -fPIC -D_FILE_OFFSET_BITS=64 conftest.cpp >&5
conftest.cpp:69:35: fatal error: libdb5/db_cxx.h: No such file or directory
compilation terminated.
configure:23640: $? = 1
configure: failed program was:
| /* confdefs.h */
| #define PACKAGE_NAME "Raven Core"
| #define PACKAGE_TARNAME "raven"
| #define PACKAGE_VERSION "2.5.1"
| #define PACKAGE_STRING "Raven Core 2.5.1"
| #define PACKAGE_BUGREPORT "https://github.com/RavenProject/Ravencoin/issues"
| #define PACKAGE_URL "https://ravencoin.org/"
| #define HAVE_CXX11 1
| #define STDC_HEADERS 1
| #define HAVE_SYS_TYPES_H 1
| #define HAVE_SYS_STAT_H 1
| #define HAVE_STDLIB_H 1
| #define HAVE_STRING_H 1
| #define HAVE_MEMORY_H 1
| #define HAVE_STRINGS_H 1
| #define HAVE_INTTYPES_H 1
| #define HAVE_STDINT_H 1
| #define HAVE_UNISTD_H 1
| #define HAVE_DLFCN_H 1
| #define LT_OBJDIR ".libs/"
| #define USE_ASM 1
| #define HAVE_PTHREAD_PRIO_INHERIT 1
| #define HAVE_PTHREAD 1
| #define _FILE_OFFSET_BITS 64
| #define HAVE_DECL_STRERROR_R 1
| #define HAVE_STRERROR_R 1
| #define STRERROR_R_CHAR_P 1
| #define HAVE_FUNC_ATTRIBUTE_VISIBILITY 1
| #define HAVE_LIBRT 1
| #define FDELT_TYPE long int
| #define HAVE_ENDIAN_H 1
| #define HAVE_BYTESWAP_H 1
| #define HAVE_STDIO_H 1
| #define HAVE_STDLIB_H 1
| #define HAVE_UNISTD_H 1
| #define HAVE_STRINGS_H 1
| #define HAVE_SYS_TYPES_H 1
| #define HAVE_SYS_STAT_H 1
| #define HAVE_SYS_SELECT_H 1
| #define HAVE_SYS_PRCTL_H 1
| #define HAVE_DECL_STRNLEN 1
| #define HAVE_DECL_DAEMON 1
| #define HAVE_DECL_LE16TOH 1
| #define HAVE_DECL_LE32TOH 1
| #define HAVE_DECL_LE64TOH 1
| #define HAVE_DECL_HTOLE16 1
| #define HAVE_DECL_HTOLE32 1
| #define HAVE_DECL_HTOLE64 1
| #define HAVE_DECL_BE16TOH 1
| #define HAVE_DECL_BE32TOH 1
| #define HAVE_DECL_BE64TOH 1
| #define HAVE_DECL_HTOBE16 1
| #define HAVE_DECL_HTOBE32 1
| #define HAVE_DECL_HTOBE64 1
| #define HAVE_DECL_BSWAP_16 1
| #define HAVE_DECL_BSWAP_32 1
| #define HAVE_DECL_BSWAP_64 1
| #define HAVE_DECL___BUILTIN_CLZ 1
| #define HAVE_DECL___BUILTIN_CLZL 1
| #define HAVE_DECL___BUILTIN_CLZLL 1
| #define HAVE_MSG_NOSIGNAL 1
| #define HAVE_MSG_DONTWAIT 1
| #define HAVE_MALLOC_INFO 1
| #define HAVE_MALLOPT_ARENA_MAX 1
| #define HAVE_VISIBILITY_ATTRIBUTE 1
| #define HAVE_SYS_GETRANDOM 1
| /* end confdefs.h.  */
| 
|         #include <libdb5/db_cxx.h>
| 
| int
| main ()
| {
| 
|         #if !((DB_VERSION_MAJOR == 4 && DB_VERSION_MINOR >= 8) || DB_VERSION_MAJOR > 4)
|           #error "failed to find bdb 4.8+"
|         #endif
| 
|   ;
|   return 0;
| }
configure:23640: arm-linux-gnueabihf-g++ -std=c++11 -c -pipe -O2  -fPIC -I/home/ravenpi/Ravencoin-2.5.1/depends/arm-linux-gnueabihf/share/../include/  -DHAVE_BUILD_INFO -D__STDC_FORMAT_MACROS -fPIC -D_FILE_OFFSET_BITS=64 conftest.cpp >&5
conftest.cpp:69:32: fatal error: db5/db_cxx.h: No such file or directory
compilation terminated.
configure:23640: $? = 1
configure: failed program was:
| /* confdefs.h */
| #define PACKAGE_NAME "Raven Core"
| #define PACKAGE_TARNAME "raven"
| #define PACKAGE_VERSION "2.5.1"
| #define PACKAGE_STRING "Raven Core 2.5.1"
| #define PACKAGE_BUGREPORT "https://github.com/RavenProject/Ravencoin/issues"
| #define PACKAGE_URL "https://ravencoin.org/"
| #define HAVE_CXX11 1
| #define STDC_HEADERS 1
| #define HAVE_SYS_TYPES_H 1
| #define HAVE_SYS_STAT_H 1
| #define HAVE_STDLIB_H 1
| #define HAVE_STRING_H 1
| #define HAVE_MEMORY_H 1
| #define HAVE_STRINGS_H 1
| #define HAVE_INTTYPES_H 1
| #define HAVE_STDINT_H 1
| #define HAVE_UNISTD_H 1
| #define HAVE_DLFCN_H 1
| #define LT_OBJDIR ".libs/"
| #define USE_ASM 1
| #define HAVE_PTHREAD_PRIO_INHERIT 1
| #define HAVE_PTHREAD 1
| #define _FILE_OFFSET_BITS 64
| #define HAVE_DECL_STRERROR_R 1
| #define HAVE_STRERROR_R 1
| #define STRERROR_R_CHAR_P 1
| #define HAVE_FUNC_ATTRIBUTE_VISIBILITY 1
| #define HAVE_LIBRT 1
| #define FDELT_TYPE long int
| #define HAVE_ENDIAN_H 1
| #define HAVE_BYTESWAP_H 1
| #define HAVE_STDIO_H 1
| #define HAVE_STDLIB_H 1
| #define HAVE_UNISTD_H 1
| #define HAVE_STRINGS_H 1
| #define HAVE_SYS_TYPES_H 1
| #define HAVE_SYS_STAT_H 1
| #define HAVE_SYS_SELECT_H 1
| #define HAVE_SYS_PRCTL_H 1
| #define HAVE_DECL_STRNLEN 1
| #define HAVE_DECL_DAEMON 1
| #define HAVE_DECL_LE16TOH 1
| #define HAVE_DECL_LE32TOH 1
| #define HAVE_DECL_LE64TOH 1
| #define HAVE_DECL_HTOLE16 1
| #define HAVE_DECL_HTOLE32 1
| #define HAVE_DECL_HTOLE64 1
| #define HAVE_DECL_BE16TOH 1
| #define HAVE_DECL_BE32TOH 1
| #define HAVE_DECL_BE64TOH 1
| #define HAVE_DECL_HTOBE16 1
| #define HAVE_DECL_HTOBE32 1
| #define HAVE_DECL_HTOBE64 1
| #define HAVE_DECL_BSWAP_16 1
| #define HAVE_DECL_BSWAP_32 1
| #define HAVE_DECL_BSWAP_64 1
| #define HAVE_DECL___BUILTIN_CLZ 1
| #define HAVE_DECL___BUILTIN_CLZL 1
| #define HAVE_DECL___BUILTIN_CLZLL 1
| #define HAVE_MSG_NOSIGNAL 1
| #define HAVE_MSG_DONTWAIT 1
| #define HAVE_MALLOC_INFO 1
| #define HAVE_MALLOPT_ARENA_MAX 1
| #define HAVE_VISIBILITY_ATTRIBUTE 1
| #define HAVE_SYS_GETRANDOM 1
| /* end confdefs.h.  */
| 
|         #include <db5/db_cxx.h>
| 
| int
| main ()
| {
| 
|         #if !((DB_VERSION_MAJOR == 4 && DB_VERSION_MINOR >= 8) || DB_VERSION_MAJOR > 4)
|           #error "failed to find bdb 4.8+"
|         #endif
| 
|   ;
|   return 0;
| }
configure:23640: arm-linux-gnueabihf-g++ -std=c++11 -c -pipe -O2  -fPIC -I/home/ravenpi/Ravencoin-2.5.1/depends/arm-linux-gnueabihf/share/../include/  -DHAVE_BUILD_INFO -D__STDC_FORMAT_MACROS -fPIC -D_FILE_OFFSET_BITS=64 conftest.cpp >&5
conftest.cpp:69:35: fatal error: bdb5.3/db_cxx.h: No such file or directory
compilation terminated.
configure:23640: $? = 1
configure: failed program was:
| /* confdefs.h */
| #define PACKAGE_NAME "Raven Core"
| #define PACKAGE_TARNAME "raven"
| #define PACKAGE_VERSION "2.5.1"
| #define PACKAGE_STRING "Raven Core 2.5.1"
| #define PACKAGE_BUGREPORT "https://github.com/RavenProject/Ravencoin/issues"
| #define PACKAGE_URL "https://ravencoin.org/"
| #define HAVE_CXX11 1
| #define STDC_HEADERS 1
| #define HAVE_SYS_TYPES_H 1
| #define HAVE_SYS_STAT_H 1
| #define HAVE_STDLIB_H 1
| #define HAVE_STRING_H 1
| #define HAVE_MEMORY_H 1
| #define HAVE_STRINGS_H 1
| #define HAVE_INTTYPES_H 1
| #define HAVE_STDINT_H 1
| #define HAVE_UNISTD_H 1
| #define HAVE_DLFCN_H 1
| #define LT_OBJDIR ".libs/"
| #define USE_ASM 1
| #define HAVE_PTHREAD_PRIO_INHERIT 1
| #define HAVE_PTHREAD 1
| #define _FILE_OFFSET_BITS 64
| #define HAVE_DECL_STRERROR_R 1
| #define HAVE_STRERROR_R 1
| #define STRERROR_R_CHAR_P 1
| #define HAVE_FUNC_ATTRIBUTE_VISIBILITY 1
| #define HAVE_LIBRT 1
| #define FDELT_TYPE long int
| #define HAVE_ENDIAN_H 1
| #define HAVE_BYTESWAP_H 1
| #define HAVE_STDIO_H 1
| #define HAVE_STDLIB_H 1
| #define HAVE_UNISTD_H 1
| #define HAVE_STRINGS_H 1
| #define HAVE_SYS_TYPES_H 1
| #define HAVE_SYS_STAT_H 1
| #define HAVE_SYS_SELECT_H 1
| #define HAVE_SYS_PRCTL_H 1
| #define HAVE_DECL_STRNLEN 1
| #define HAVE_DECL_DAEMON 1
| #define HAVE_DECL_LE16TOH 1
| #define HAVE_DECL_LE32TOH 1
| #define HAVE_DECL_LE64TOH 1
| #define HAVE_DECL_HTOLE16 1
| #define HAVE_DECL_HTOLE32 1
| #define HAVE_DECL_HTOLE64 1
| #define HAVE_DECL_BE16TOH 1
| #define HAVE_DECL_BE32TOH 1
| #define HAVE_DECL_BE64TOH 1
| #define HAVE_DECL_HTOBE16 1
| #define HAVE_DECL_HTOBE32 1
| #define HAVE_DECL_HTOBE64 1
| #define HAVE_DECL_BSWAP_16 1
| #define HAVE_DECL_BSWAP_32 1
| #define HAVE_DECL_BSWAP_64 1
| #define HAVE_DECL___BUILTIN_CLZ 1
| #define HAVE_DECL___BUILTIN_CLZL 1
| #define HAVE_DECL___BUILTIN_CLZLL 1
| #define HAVE_MSG_NOSIGNAL 1
| #define HAVE_MSG_DONTWAIT 1
| #define HAVE_MALLOC_INFO 1
| #define HAVE_MALLOPT_ARENA_MAX 1
| #define HAVE_VISIBILITY_ATTRIBUTE 1
| #define HAVE_SYS_GETRANDOM 1
| /* end confdefs.h.  */
| 
|         #include <bdb5.3/db_cxx.h>
| 
| int
| main ()
| {
| 
|         #if !((DB_VERSION_MAJOR == 4 && DB_VERSION_MINOR >= 8) || DB_VERSION_MAJOR > 4)
|           #error "failed to find bdb 4.8+"
|         #endif
| 
|   ;
|   return 0;
| }
configure:23640: arm-linux-gnueabihf-g++ -std=c++11 -c -pipe -O2  -fPIC -I/home/ravenpi/Ravencoin-2.5.1/depends/arm-linux-gnueabihf/share/../include/  -DHAVE_BUILD_INFO -D__STDC_FORMAT_MACROS -fPIC -D_FILE_OFFSET_BITS=64 conftest.cpp >&5
conftest.cpp:69:37: fatal error: libdb5.3/db_cxx.h: No such file or directory
compilation terminated.
configure:23640: $? = 1
configure: failed program was:
| /* confdefs.h */
| #define PACKAGE_NAME "Raven Core"
| #define PACKAGE_TARNAME "raven"
| #define PACKAGE_VERSION "2.5.1"
| #define PACKAGE_STRING "Raven Core 2.5.1"
| #define PACKAGE_BUGREPORT "https://github.com/RavenProject/Ravencoin/issues"
| #define PACKAGE_URL "https://ravencoin.org/"
| #define HAVE_CXX11 1
| #define STDC_HEADERS 1
| #define HAVE_SYS_TYPES_H 1
| #define HAVE_SYS_STAT_H 1
| #define HAVE_STDLIB_H 1
| #define HAVE_STRING_H 1
| #define HAVE_MEMORY_H 1
| #define HAVE_STRINGS_H 1
| #define HAVE_INTTYPES_H 1
| #define HAVE_STDINT_H 1
| #define HAVE_UNISTD_H 1
| #define HAVE_DLFCN_H 1
| #define LT_OBJDIR ".libs/"
| #define USE_ASM 1
| #define HAVE_PTHREAD_PRIO_INHERIT 1
| #define HAVE_PTHREAD 1
| #define _FILE_OFFSET_BITS 64
| #define HAVE_DECL_STRERROR_R 1
| #define HAVE_STRERROR_R 1
| #define STRERROR_R_CHAR_P 1
| #define HAVE_FUNC_ATTRIBUTE_VISIBILITY 1
| #define HAVE_LIBRT 1
| #define FDELT_TYPE long int
| #define HAVE_ENDIAN_H 1
| #define HAVE_BYTESWAP_H 1
| #define HAVE_STDIO_H 1
| #define HAVE_STDLIB_H 1
| #define HAVE_UNISTD_H 1
| #define HAVE_STRINGS_H 1
| #define HAVE_SYS_TYPES_H 1
| #define HAVE_SYS_STAT_H 1
| #define HAVE_SYS_SELECT_H 1
| #define HAVE_SYS_PRCTL_H 1
| #define HAVE_DECL_STRNLEN 1
| #define HAVE_DECL_DAEMON 1
| #define HAVE_DECL_LE16TOH 1
| #define HAVE_DECL_LE32TOH 1
| #define HAVE_DECL_LE64TOH 1
| #define HAVE_DECL_HTOLE16 1
| #define HAVE_DECL_HTOLE32 1
| #define HAVE_DECL_HTOLE64 1
| #define HAVE_DECL_BE16TOH 1
| #define HAVE_DECL_BE32TOH 1
| #define HAVE_DECL_BE64TOH 1
| #define HAVE_DECL_HTOBE16 1
| #define HAVE_DECL_HTOBE32 1
| #define HAVE_DECL_HTOBE64 1
| #define HAVE_DECL_BSWAP_16 1
| #define HAVE_DECL_BSWAP_32 1
| #define HAVE_DECL_BSWAP_64 1
| #define HAVE_DECL___BUILTIN_CLZ 1
| #define HAVE_DECL___BUILTIN_CLZL 1
| #define HAVE_DECL___BUILTIN_CLZLL 1
| #define HAVE_MSG_NOSIGNAL 1
| #define HAVE_MSG_DONTWAIT 1
| #define HAVE_MALLOC_INFO 1
| #define HAVE_MALLOPT_ARENA_MAX 1
| #define HAVE_VISIBILITY_ATTRIBUTE 1
| #define HAVE_SYS_GETRANDOM 1
| /* end confdefs.h.  */
| 
|         #include <libdb5.3/db_cxx.h>
| 
| int
| main ()
| {
| 
|         #if !((DB_VERSION_MAJOR == 4 && DB_VERSION_MINOR >= 8) || DB_VERSION_MAJOR > 4)
|           #error "failed to find bdb 4.8+"
|         #endif
| 
|   ;
|   return 0;
| }
configure:23640: arm-linux-gnueabihf-g++ -std=c++11 -c -pipe -O2  -fPIC -I/home/ravenpi/Ravencoin-2.5.1/depends/arm-linux-gnueabihf/share/../include/  -DHAVE_BUILD_INFO -D__STDC_FORMAT_MACROS -fPIC -D_FILE_OFFSET_BITS=64 conftest.cpp >&5
conftest.cpp:69:34: fatal error: db5.3/db_cxx.h: No such file or directory
compilation terminated.
configure:23640: $? = 1
configure: failed program was:
| /* confdefs.h */
| #define PACKAGE_NAME "Raven Core"
| #define PACKAGE_TARNAME "raven"
| #define PACKAGE_VERSION "2.5.1"
| #define PACKAGE_STRING "Raven Core 2.5.1"
| #define PACKAGE_BUGREPORT "https://github.com/RavenProject/Ravencoin/issues"
| #define PACKAGE_URL "https://ravencoin.org/"
| #define HAVE_CXX11 1
| #define STDC_HEADERS 1
| #define HAVE_SYS_TYPES_H 1
| #define HAVE_SYS_STAT_H 1
| #define HAVE_STDLIB_H 1
| #define HAVE_STRING_H 1
| #define HAVE_MEMORY_H 1
| #define HAVE_STRINGS_H 1
| #define HAVE_INTTYPES_H 1
| #define HAVE_STDINT_H 1
| #define HAVE_UNISTD_H 1
| #define HAVE_DLFCN_H 1
| #define LT_OBJDIR ".libs/"
| #define USE_ASM 1
| #define HAVE_PTHREAD_PRIO_INHERIT 1
| #define HAVE_PTHREAD 1
| #define _FILE_OFFSET_BITS 64
| #define HAVE_DECL_STRERROR_R 1
| #define HAVE_STRERROR_R 1
| #define STRERROR_R_CHAR_P 1
| #define HAVE_FUNC_ATTRIBUTE_VISIBILITY 1
| #define HAVE_LIBRT 1
| #define FDELT_TYPE long int
| #define HAVE_ENDIAN_H 1
| #define HAVE_BYTESWAP_H 1
| #define HAVE_STDIO_H 1
| #define HAVE_STDLIB_H 1
| #define HAVE_UNISTD_H 1
| #define HAVE_STRINGS_H 1
| #define HAVE_SYS_TYPES_H 1
| #define HAVE_SYS_STAT_H 1
| #define HAVE_SYS_SELECT_H 1
| #define HAVE_SYS_PRCTL_H 1
| #define HAVE_DECL_STRNLEN 1
| #define HAVE_DECL_DAEMON 1
| #define HAVE_DECL_LE16TOH 1
| #define HAVE_DECL_LE32TOH 1
| #define HAVE_DECL_LE64TOH 1
| #define HAVE_DECL_HTOLE16 1
| #define HAVE_DECL_HTOLE32 1
| #define HAVE_DECL_HTOLE64 1
| #define HAVE_DECL_BE16TOH 1
| #define HAVE_DECL_BE32TOH 1
| #define HAVE_DECL_BE64TOH 1
| #define HAVE_DECL_HTOBE16 1
| #define HAVE_DECL_HTOBE32 1
| #define HAVE_DECL_HTOBE64 1
| #define HAVE_DECL_BSWAP_16 1
| #define HAVE_DECL_BSWAP_32 1
| #define HAVE_DECL_BSWAP_64 1
| #define HAVE_DECL___BUILTIN_CLZ 1
| #define HAVE_DECL___BUILTIN_CLZL 1
| #define HAVE_DECL___BUILTIN_CLZLL 1
| #define HAVE_MSG_NOSIGNAL 1
| #define HAVE_MSG_DONTWAIT 1
| #define HAVE_MALLOC_INFO 1
| #define HAVE_MALLOPT_ARENA_MAX 1
| #define HAVE_VISIBILITY_ATTRIBUTE 1
| #define HAVE_SYS_GETRANDOM 1
| /* end confdefs.h.  */
| 
|         #include <db5.3/db_cxx.h>
| 
| int
| main ()
| {
| 
|         #if !((DB_VERSION_MAJOR == 4 && DB_VERSION_MINOR >= 8) || DB_VERSION_MAJOR > 4)
|           #error "failed to find bdb 4.8+"
|         #endif
| 
|   ;
|   return 0;
| }
configure:23640: arm-linux-gnueabihf-g++ -std=c++11 -c -pipe -O2  -fPIC -I/home/ravenpi/Ravencoin-2.5.1/depends/arm-linux-gnueabihf/share/../include/  -DHAVE_BUILD_INFO -D__STDC_FORMAT_MACROS -fPIC -D_FILE_OFFSET_BITS=64 conftest.cpp >&5
conftest.cpp:69:32: fatal error: bdb/db_cxx.h: No such file or directory
compilation terminated.
configure:23640: $? = 1
configure: failed program was:
| /* confdefs.h */
| #define PACKAGE_NAME "Raven Core"
| #define PACKAGE_TARNAME "raven"
| #define PACKAGE_VERSION "2.5.1"
| #define PACKAGE_STRING "Raven Core 2.5.1"
| #define PACKAGE_BUGREPORT "https://github.com/RavenProject/Ravencoin/issues"
| #define PACKAGE_URL "https://ravencoin.org/"
| #define HAVE_CXX11 1
| #define STDC_HEADERS 1
| #define HAVE_SYS_TYPES_H 1
| #define HAVE_SYS_STAT_H 1
| #define HAVE_STDLIB_H 1
| #define HAVE_STRING_H 1
| #define HAVE_MEMORY_H 1
| #define HAVE_STRINGS_H 1
| #define HAVE_INTTYPES_H 1
| #define HAVE_STDINT_H 1
| #define HAVE_UNISTD_H 1
| #define HAVE_DLFCN_H 1
| #define LT_OBJDIR ".libs/"
| #define USE_ASM 1
| #define HAVE_PTHREAD_PRIO_INHERIT 1
| #define HAVE_PTHREAD 1
| #define _FILE_OFFSET_BITS 64
| #define HAVE_DECL_STRERROR_R 1
| #define HAVE_STRERROR_R 1
| #define STRERROR_R_CHAR_P 1
| #define HAVE_FUNC_ATTRIBUTE_VISIBILITY 1
| #define HAVE_LIBRT 1
| #define FDELT_TYPE long int
| #define HAVE_ENDIAN_H 1
| #define HAVE_BYTESWAP_H 1
| #define HAVE_STDIO_H 1
| #define HAVE_STDLIB_H 1
| #define HAVE_UNISTD_H 1
| #define HAVE_STRINGS_H 1
| #define HAVE_SYS_TYPES_H 1
| #define HAVE_SYS_STAT_H 1
| #define HAVE_SYS_SELECT_H 1
| #define HAVE_SYS_PRCTL_H 1
| #define HAVE_DECL_STRNLEN 1
| #define HAVE_DECL_DAEMON 1
| #define HAVE_DECL_LE16TOH 1
| #define HAVE_DECL_LE32TOH 1
| #define HAVE_DECL_LE64TOH 1
| #define HAVE_DECL_HTOLE16 1
| #define HAVE_DECL_HTOLE32 1
| #define HAVE_DECL_HTOLE64 1
| #define HAVE_DECL_BE16TOH 1
| #define HAVE_DECL_BE32TOH 1
| #define HAVE_DECL_BE64TOH 1
| #define HAVE_DECL_HTOBE16 1
| #define HAVE_DECL_HTOBE32 1
| #define HAVE_DECL_HTOBE64 1
| #define HAVE_DECL_BSWAP_16 1
| #define HAVE_DECL_BSWAP_32 1
| #define HAVE_DECL_BSWAP_64 1
| #define HAVE_DECL___BUILTIN_CLZ 1
| #define HAVE_DECL___BUILTIN_CLZL 1
| #define HAVE_DECL___BUILTIN_CLZLL 1
| #define HAVE_MSG_NOSIGNAL 1
| #define HAVE_MSG_DONTWAIT 1
| #define HAVE_MALLOC_INFO 1
| #define HAVE_MALLOPT_ARENA_MAX 1
| #define HAVE_VISIBILITY_ATTRIBUTE 1
| #define HAVE_SYS_GETRANDOM 1
| /* end confdefs.h.  */
| 
|         #include <bdb/db_cxx.h>
| 
| int
| main ()
| {
| 
|         #if !((DB_VERSION_MAJOR == 4 && DB_VERSION_MINOR >= 8) || DB_VERSION_MAJOR > 4)
|           #error "failed to find bdb 4.8+"
|         #endif
| 
|   ;
|   return 0;
| }
configure:23640: arm-linux-gnueabihf-g++ -std=c++11 -c -pipe -O2  -fPIC -I/home/ravenpi/Ravencoin-2.5.1/depends/arm-linux-gnueabihf/share/../include/  -DHAVE_BUILD_INFO -D__STDC_FORMAT_MACROS -fPIC -D_FILE_OFFSET_BITS=64 conftest.cpp >&5
conftest.cpp:69:34: fatal error: libdb/db_cxx.h: No such file or directory
compilation terminated.
configure:23640: $? = 1
configure: failed program was:
| /* confdefs.h */
| #define PACKAGE_NAME "Raven Core"
| #define PACKAGE_TARNAME "raven"
| #define PACKAGE_VERSION "2.5.1"
| #define PACKAGE_STRING "Raven Core 2.5.1"
| #define PACKAGE_BUGREPORT "https://github.com/RavenProject/Ravencoin/issues"
| #define PACKAGE_URL "https://ravencoin.org/"
| #define HAVE_CXX11 1
| #define STDC_HEADERS 1
| #define HAVE_SYS_TYPES_H 1
| #define HAVE_SYS_STAT_H 1
| #define HAVE_STDLIB_H 1
| #define HAVE_STRING_H 1
| #define HAVE_MEMORY_H 1
| #define HAVE_STRINGS_H 1
| #define HAVE_INTTYPES_H 1
| #define HAVE_STDINT_H 1
| #define HAVE_UNISTD_H 1
| #define HAVE_DLFCN_H 1
| #define LT_OBJDIR ".libs/"
| #define USE_ASM 1
| #define HAVE_PTHREAD_PRIO_INHERIT 1
| #define HAVE_PTHREAD 1
| #define _FILE_OFFSET_BITS 64
| #define HAVE_DECL_STRERROR_R 1
| #define HAVE_STRERROR_R 1
| #define STRERROR_R_CHAR_P 1
| #define HAVE_FUNC_ATTRIBUTE_VISIBILITY 1
| #define HAVE_LIBRT 1
| #define FDELT_TYPE long int
| #define HAVE_ENDIAN_H 1
| #define HAVE_BYTESWAP_H 1
| #define HAVE_STDIO_H 1
| #define HAVE_STDLIB_H 1
| #define HAVE_UNISTD_H 1
| #define HAVE_STRINGS_H 1
| #define HAVE_SYS_TYPES_H 1
| #define HAVE_SYS_STAT_H 1
| #define HAVE_SYS_SELECT_H 1
| #define HAVE_SYS_PRCTL_H 1
| #define HAVE_DECL_STRNLEN 1
| #define HAVE_DECL_DAEMON 1
| #define HAVE_DECL_LE16TOH 1
| #define HAVE_DECL_LE32TOH 1
| #define HAVE_DECL_LE64TOH 1
| #define HAVE_DECL_HTOLE16 1
| #define HAVE_DECL_HTOLE32 1
| #define HAVE_DECL_HTOLE64 1
| #define HAVE_DECL_BE16TOH 1
| #define HAVE_DECL_BE32TOH 1
| #define HAVE_DECL_BE64TOH 1
| #define HAVE_DECL_HTOBE16 1
| #define HAVE_DECL_HTOBE32 1
| #define HAVE_DECL_HTOBE64 1
| #define HAVE_DECL_BSWAP_16 1
| #define HAVE_DECL_BSWAP_32 1
| #define HAVE_DECL_BSWAP_64 1
| #define HAVE_DECL___BUILTIN_CLZ 1
| #define HAVE_DECL___BUILTIN_CLZL 1
| #define HAVE_DECL___BUILTIN_CLZLL 1
| #define HAVE_MSG_NOSIGNAL 1
| #define HAVE_MSG_DONTWAIT 1
| #define HAVE_MALLOC_INFO 1
| #define HAVE_MALLOPT_ARENA_MAX 1
| #define HAVE_VISIBILITY_ATTRIBUTE 1
| #define HAVE_SYS_GETRANDOM 1
| /* end confdefs.h.  */
| 
|         #include <libdb/db_cxx.h>
| 
| int
| main ()
| {
| 
|         #if !((DB_VERSION_MAJOR == 4 && DB_VERSION_MINOR >= 8) || DB_VERSION_MAJOR > 4)
|           #error "failed to find bdb 4.8+"
|         #endif
| 
|   ;
|   return 0;
| }
configure:23640: arm-linux-gnueabihf-g++ -std=c++11 -c -pipe -O2  -fPIC -I/home/ravenpi/Ravencoin-2.5.1/depends/arm-linux-gnueabihf/share/../include/  -DHAVE_BUILD_INFO -D__STDC_FORMAT_MACROS -fPIC -D_FILE_OFFSET_BITS=64 conftest.cpp >&5
conftest.cpp:69:31: fatal error: db/db_cxx.h: No such file or directory
compilation terminated.
configure:23640: $? = 1
configure: failed program was:
| /* confdefs.h */
| #define PACKAGE_NAME "Raven Core"
| #define PACKAGE_TARNAME "raven"
| #define PACKAGE_VERSION "2.5.1"
| #define PACKAGE_STRING "Raven Core 2.5.1"
| #define PACKAGE_BUGREPORT "https://github.com/RavenProject/Ravencoin/issues"
| #define PACKAGE_URL "https://ravencoin.org/"
| #define HAVE_CXX11 1
| #define STDC_HEADERS 1
| #define HAVE_SYS_TYPES_H 1
| #define HAVE_SYS_STAT_H 1
| #define HAVE_STDLIB_H 1
| #define HAVE_STRING_H 1
| #define HAVE_MEMORY_H 1
| #define HAVE_STRINGS_H 1
| #define HAVE_INTTYPES_H 1
| #define HAVE_STDINT_H 1
| #define HAVE_UNISTD_H 1
| #define HAVE_DLFCN_H 1
| #define LT_OBJDIR ".libs/"
| #define USE_ASM 1
| #define HAVE_PTHREAD_PRIO_INHERIT 1
| #define HAVE_PTHREAD 1
| #define _FILE_OFFSET_BITS 64
| #define HAVE_DECL_STRERROR_R 1
| #define HAVE_STRERROR_R 1
| #define STRERROR_R_CHAR_P 1
| #define HAVE_FUNC_ATTRIBUTE_VISIBILITY 1
| #define HAVE_LIBRT 1
| #define FDELT_TYPE long int
| #define HAVE_ENDIAN_H 1
| #define HAVE_BYTESWAP_H 1
| #define HAVE_STDIO_H 1
| #define HAVE_STDLIB_H 1
| #define HAVE_UNISTD_H 1
| #define HAVE_STRINGS_H 1
| #define HAVE_SYS_TYPES_H 1
| #define HAVE_SYS_STAT_H 1
| #define HAVE_SYS_SELECT_H 1
| #define HAVE_SYS_PRCTL_H 1
| #define HAVE_DECL_STRNLEN 1
| #define HAVE_DECL_DAEMON 1
| #define HAVE_DECL_LE16TOH 1
| #define HAVE_DECL_LE32TOH 1
| #define HAVE_DECL_LE64TOH 1
| #define HAVE_DECL_HTOLE16 1
| #define HAVE_DECL_HTOLE32 1
| #define HAVE_DECL_HTOLE64 1
| #define HAVE_DECL_BE16TOH 1
| #define HAVE_DECL_BE32TOH 1
| #define HAVE_DECL_BE64TOH 1
| #define HAVE_DECL_HTOBE16 1
| #define HAVE_DECL_HTOBE32 1
| #define HAVE_DECL_HTOBE64 1
| #define HAVE_DECL_BSWAP_16 1
| #define HAVE_DECL_BSWAP_32 1
| #define HAVE_DECL_BSWAP_64 1
| #define HAVE_DECL___BUILTIN_CLZ 1
| #define HAVE_DECL___BUILTIN_CLZL 1
| #define HAVE_DECL___BUILTIN_CLZLL 1
| #define HAVE_MSG_NOSIGNAL 1
| #define HAVE_MSG_DONTWAIT 1
| #define HAVE_MALLOC_INFO 1
| #define HAVE_MALLOPT_ARENA_MAX 1
| #define HAVE_VISIBILITY_ATTRIBUTE 1
| #define HAVE_SYS_GETRANDOM 1
| /* end confdefs.h.  */
| 
|         #include <db/db_cxx.h>
| 
| int
| main ()
| {
| 
|         #if !((DB_VERSION_MAJOR == 4 && DB_VERSION_MINOR >= 8) || DB_VERSION_MAJOR > 4)
|           #error "failed to find bdb 4.8+"
|         #endif
| 
|   ;
|   return 0;
| }
configure:23640: arm-linux-gnueabihf-g++ -std=c++11 -c -pipe -O2  -fPIC -I/home/ravenpi/Ravencoin-2.5.1/depends/arm-linux-gnueabihf/share/../include/  -DHAVE_BUILD_INFO -D__STDC_FORMAT_MACROS -fPIC -D_FILE_OFFSET_BITS=64 conftest.cpp >&5
configure:23640: $? = 0
configure:23669: arm-linux-gnueabihf-g++ -std=c++11 -c -pipe -O2  -fPIC -I/home/ravenpi/Ravencoin-2.5.1/depends/arm-linux-gnueabihf/share/../include/  -DHAVE_BUILD_INFO -D__STDC_FORMAT_MACROS -fPIC -D_FILE_OFFSET_BITS=64 conftest.cpp >&5
configure:23669: $? = 0
configure:23712: result: default
configure:23735: checking for main in -ldb_cxx-4.8
configure:23754: arm-linux-gnueabihf-g++ -std=c++11 -o conftest -pipe -O2  -fPIC -I/home/ravenpi/Ravencoin-2.5.1/depends/arm-linux-gnueabihf/share/../include/  -DHAVE_BUILD_INFO -D__STDC_FORMAT_MACROS -fPIC -D_FILE_OFFSET_BITS=64 -L/home/ravenpi/Ravencoin-2.5.1/depends/arm-linux-gnueabihf/share/../lib -static-libstdc++ conftest.cpp -ldb_cxx-4.8  -lrt  >&5
configure:23754: $? = 0
configure:23764: result: yes
configure:23786: checking miniupnpc/miniwget.h usability
configure:23786: arm-linux-gnueabihf-g++ -std=c++11 -c -pipe -O2  -fPIC -I/home/ravenpi/Ravencoin-2.5.1/depends/arm-linux-gnueabihf/share/../include/  -DHAVE_BUILD_INFO -D__STDC_FORMAT_MACROS -fPIC -D_FILE_OFFSET_BITS=64 conftest.cpp >&5
configure:23786: $? = 0
configure:23786: result: yes
configure:23786: checking miniupnpc/miniwget.h presence
configure:23786: arm-linux-gnueabihf-g++ -std=c++11 -E -I/home/ravenpi/Ravencoin-2.5.1/depends/arm-linux-gnueabihf/share/../include/  -DHAVE_BUILD_INFO -D__STDC_FORMAT_MACROS -fPIC -D_FILE_OFFSET_BITS=64 conftest.cpp
configure:23786: $? = 0
configure:23786: result: yes
configure:23786: checking for miniupnpc/miniwget.h
configure:23786: result: yes
configure:23791: checking for main in -lminiupnpc
configure:23810: arm-linux-gnueabihf-g++ -std=c++11 -o conftest -pipe -O2  -fPIC -I/home/ravenpi/Ravencoin-2.5.1/depends/arm-linux-gnueabihf/share/../include/  -DHAVE_BUILD_INFO -D__STDC_FORMAT_MACROS -fPIC -D_FILE_OFFSET_BITS=64 -L/home/ravenpi/Ravencoin-2.5.1/depends/arm-linux-gnueabihf/share/../lib -static-libstdc++ conftest.cpp -lminiupnpc  -lrt  >&5
configure:23810: $? = 0
configure:23819: result: yes
configure:23786: checking miniupnpc/miniupnpc.h usability
configure:23786: arm-linux-gnueabihf-g++ -std=c++11 -c -pipe -O2  -fPIC -I/home/ravenpi/Ravencoin-2.5.1/depends/arm-linux-gnueabihf/share/../include/  -DHAVE_BUILD_INFO -D__STDC_FORMAT_MACROS -fPIC -D_FILE_OFFSET_BITS=64 conftest.cpp >&5
configure:23786: $? = 0
configure:23786: result: yes
configure:23786: checking miniupnpc/miniupnpc.h presence
configure:23786: arm-linux-gnueabihf-g++ -std=c++11 -E -I/home/ravenpi/Ravencoin-2.5.1/depends/arm-linux-gnueabihf/share/../include/  -DHAVE_BUILD_INFO -D__STDC_FORMAT_MACROS -fPIC -D_FILE_OFFSET_BITS=64 conftest.cpp
configure:23786: $? = 0
configure:23786: result: yes
configure:23786: checking for miniupnpc/miniupnpc.h
configure:23786: result: yes
configure:23791: checking for main in -lminiupnpc
configure:23819: result: yes
configure:23786: checking miniupnpc/upnpcommands.h usability
configure:23786: arm-linux-gnueabihf-g++ -std=c++11 -c -pipe -O2  -fPIC -I/home/ravenpi/Ravencoin-2.5.1/depends/arm-linux-gnueabihf/share/../include/  -DHAVE_BUILD_INFO -D__STDC_FORMAT_MACROS -fPIC -D_FILE_OFFSET_BITS=64 conftest.cpp >&5
configure:23786: $? = 0
configure:23786: result: yes
configure:23786: checking miniupnpc/upnpcommands.h presence
configure:23786: arm-linux-gnueabihf-g++ -std=c++11 -E -I/home/ravenpi/Ravencoin-2.5.1/depends/arm-linux-gnueabihf/share/../include/  -DHAVE_BUILD_INFO -D__STDC_FORMAT_MACROS -fPIC -D_FILE_OFFSET_BITS=64 conftest.cpp
configure:23786: $? = 0
configure:23786: result: yes
configure:23786: checking for miniupnpc/upnpcommands.h
configure:23786: result: yes
configure:23791: checking for main in -lminiupnpc
configure:23819: result: yes
configure:23786: checking miniupnpc/upnperrors.h usability
configure:23786: arm-linux-gnueabihf-g++ -std=c++11 -c -pipe -O2  -fPIC -I/home/ravenpi/Ravencoin-2.5.1/depends/arm-linux-gnueabihf/share/../include/  -DHAVE_BUILD_INFO -D__STDC_FORMAT_MACROS -fPIC -D_FILE_OFFSET_BITS=64 conftest.cpp >&5
configure:23786: $? = 0
configure:23786: result: yes
configure:23786: checking miniupnpc/upnperrors.h presence
configure:23786: arm-linux-gnueabihf-g++ -std=c++11 -E -I/home/ravenpi/Ravencoin-2.5.1/depends/arm-linux-gnueabihf/share/../include/  -DHAVE_BUILD_INFO -D__STDC_FORMAT_MACROS -fPIC -D_FILE_OFFSET_BITS=64 conftest.cpp
configure:23786: $? = 0
configure:23786: result: yes
configure:23786: checking for miniupnpc/upnperrors.h
configure:23786: result: yes
configure:23791: checking for main in -lminiupnpc
configure:23819: result: yes
configure:27021: checking whether to build Raven Core GUI
configure:27051: result: no (Qt)
configure:27125: checking for boostlib >= 1.47.0
configure:27210: arm-linux-gnueabihf-g++ -std=c++11 -c -pipe -O2  -fPIC -I/home/ravenpi/Ravencoin-2.5.1/depends/arm-linux-gnueabihf/share/../include/  -DHAVE_BUILD_INFO -D__STDC_FORMAT_MACROS -fPIC -D_FILE_OFFSET_BITS=64 -I/home/ravenpi/Ravencoin-2.5.1/depends/arm-linux-gnueabihf/share/../include conftest.cpp >&5
configure:27210: $? = 0
configure:27212: result: yes
configure:27399: checking whether the Boost::System library is available
configure:27424: arm-linux-gnueabihf-g++ -std=c++11 -c  -I/home/ravenpi/Ravencoin-2.5.1/depends/arm-linux-gnueabihf/share/../include/  -DHAVE_BUILD_INFO -D__STDC_FORMAT_MACROS -fPIC -D_FILE_OFFSET_BITS=64 -I/home/ravenpi/Ravencoin-2.5.1/depends/arm-linux-gnueabihf/share/../include conftest.cpp >&5
configure:27424: $? = 0
configure:27439: result: yes
configure:27455: checking for exit in -lboost_system-mt
configure:27480: arm-linux-gnueabihf-g++ -std=c++11 -o conftest -pipe -O2  -fPIC -I/home/ravenpi/Ravencoin-2.5.1/depends/arm-linux-gnueabihf/share/../include/  -DHAVE_BUILD_INFO -D__STDC_FORMAT_MACROS -fPIC -D_FILE_OFFSET_BITS=64 -I/home/ravenpi/Ravencoin-2.5.1/depends/arm-linux-gnueabihf/share/../include -L/home/ravenpi/Ravencoin-2.5.1/depends/arm-linux-gnueabihf/share/../lib -static-libstdc++ -L/home/ravenpi/Ravencoin-2.5.1/depends/arm-linux-gnueabihf/share/../lib conftest.cpp -lboost_system-mt  -lrt  >&5
configure:27480: $? = 0
configure:27490: result: yes
configure:27645: checking whether the Boost::Filesystem library is available
configure:27669: arm-linux-gnueabihf-g++ -std=c++11 -c -pipe -O2  -fPIC -I/home/ravenpi/Ravencoin-2.5.1/depends/arm-linux-gnueabihf/share/../include/  -DHAVE_BUILD_INFO -D__STDC_FORMAT_MACROS -fPIC -D_FILE_OFFSET_BITS=64 -I/home/ravenpi/Ravencoin-2.5.1/depends/arm-linux-gnueabihf/share/../include conftest.cpp >&5
configure:27669: $? = 0
configure:27683: result: yes
configure:27695: checking for exit in -lboost_filesystem-mt
configure:27720: arm-linux-gnueabihf-g++ -std=c++11 -o conftest -pipe -O2  -fPIC -I/home/ravenpi/Ravencoin-2.5.1/depends/arm-linux-gnueabihf/share/../include/  -DHAVE_BUILD_INFO -D__STDC_FORMAT_MACROS -fPIC -D_FILE_OFFSET_BITS=64 -I/home/ravenpi/Ravencoin-2.5.1/depends/arm-linux-gnueabihf/share/../include -L/home/ravenpi/Ravencoin-2.5.1/depends/arm-linux-gnueabihf/share/../lib -static-libstdc++ -L/home/ravenpi/Ravencoin-2.5.1/depends/arm-linux-gnueabihf/share/../lib conftest.cpp -lboost_filesystem-mt  -lrt  -lboost_system-mt >&5
configure:27720: $? = 0
configure:27730: result: yes
configure:27880: checking whether the Boost::Program_Options library is available
configure:27904: arm-linux-gnueabihf-g++ -std=c++11 -c -pipe -O2  -fPIC -I/home/ravenpi/Ravencoin-2.5.1/depends/arm-linux-gnueabihf/share/../include/  -DHAVE_BUILD_INFO -D__STDC_FORMAT_MACROS -fPIC -D_FILE_OFFSET_BITS=64 -I/home/ravenpi/Ravencoin-2.5.1/depends/arm-linux-gnueabihf/share/../include conftest.cpp >&5
configure:27904: $? = 0
configure:27918: result: yes
configure:27929: checking for exit in -lboost_program_options-mt
configure:27954: arm-linux-gnueabihf-g++ -std=c++11 -o conftest -pipe -O2  -fPIC -I/home/ravenpi/Ravencoin-2.5.1/depends/arm-linux-gnueabihf/share/../include/  -DHAVE_BUILD_INFO -D__STDC_FORMAT_MACROS -fPIC -D_FILE_OFFSET_BITS=64 -I/home/ravenpi/Ravencoin-2.5.1/depends/arm-linux-gnueabihf/share/../include -L/home/ravenpi/Ravencoin-2.5.1/depends/arm-linux-gnueabihf/share/../lib -static-libstdc++ -L/home/ravenpi/Ravencoin-2.5.1/depends/arm-linux-gnueabihf/share/../lib conftest.cpp -lboost_program_options-mt  -lrt  >&5
configure:27954: $? = 0
configure:27964: result: yes
configure:28107: checking whether the Boost::Thread library is available
configure:28139: arm-linux-gnueabihf-g++ -std=c++11 -c -pthread -pipe -O2  -fPIC -I/home/ravenpi/Ravencoin-2.5.1/depends/arm-linux-gnueabihf/share/../include/  -DHAVE_BUILD_INFO -D__STDC_FORMAT_MACROS -fPIC -D_FILE_OFFSET_BITS=64 -I/home/ravenpi/Ravencoin-2.5.1/depends/arm-linux-gnueabihf/share/../include conftest.cpp >&5
configure:28139: $? = 0
configure:28154: result: yes
configure:28184: checking for exit in -lboost_thread-mt
configure:28209: arm-linux-gnueabihf-g++ -std=c++11 -o conftest -pipe -O2  -fPIC -I/home/ravenpi/Ravencoin-2.5.1/depends/arm-linux-gnueabihf/share/../include/  -DHAVE_BUILD_INFO -D__STDC_FORMAT_MACROS -fPIC -D_FILE_OFFSET_BITS=64 -I/home/ravenpi/Ravencoin-2.5.1/depends/arm-linux-gnueabihf/share/../include -L/home/ravenpi/Ravencoin-2.5.1/depends/arm-linux-gnueabihf/share/../lib -static-libstdc++ -L/home/ravenpi/Ravencoin-2.5.1/depends/arm-linux-gnueabihf/share/../lib conftest.cpp -lboost_thread-mt  -lrt  >&5
configure:28209: $? = 0
configure:28219: result: yes
configure:28379: checking whether the Boost::Chrono library is available
configure:28403: arm-linux-gnueabihf-g++ -std=c++11 -c -pipe -O2  -fPIC -I/home/ravenpi/Ravencoin-2.5.1/depends/arm-linux-gnueabihf/share/../include/  -DHAVE_BUILD_INFO -D__STDC_FORMAT_MACROS -fPIC -D_FILE_OFFSET_BITS=64 -pthread -I/home/ravenpi/Ravencoin-2.5.1/depends/arm-linux-gnueabihf/share/../include conftest.cpp >&5
configure:28403: $? = 0
configure:28418: result: yes
configure:28434: checking for exit in -lboost_chrono-mt
configure:28459: arm-linux-gnueabihf-g++ -std=c++11 -o conftest -pipe -O2  -fPIC -I/home/ravenpi/Ravencoin-2.5.1/depends/arm-linux-gnueabihf/share/../include/  -DHAVE_BUILD_INFO -D__STDC_FORMAT_MACROS -fPIC -D_FILE_OFFSET_BITS=64 -pthread -I/home/ravenpi/Ravencoin-2.5.1/depends/arm-linux-gnueabihf/share/../include -L/home/ravenpi/Ravencoin-2.5.1/depends/arm-linux-gnueabihf/share/../lib -static-libstdc++ -L/home/ravenpi/Ravencoin-2.5.1/depends/arm-linux-gnueabihf/share/../lib conftest.cpp -lboost_chrono-mt  -lrt  >&5
configure:28459: $? = 0
configure:28469: result: yes
configure:28593: checking for working boost reduced exports
configure:28616: arm-linux-gnueabihf-g++ -std=c++11 -E -DBOOST_SP_USE_STD_ATOMIC -DBOOST_AC_USE_STD_ATOMIC -pthread -I/home/ravenpi/Ravencoin-2.5.1/depends/arm-linux-gnueabihf/share/../include -I/home/ravenpi/Ravencoin-2.5.1/depends/arm-linux-gnueabihf/share/../include/  -DHAVE_BUILD_INFO -D__STDC_FORMAT_MACROS -fPIC -D_FILE_OFFSET_BITS=64 conftest.cpp
configure:28616: $? = 0
configure:28618: result: yes
configure:28633: checking whether the linker accepts -Wl,--exclude-libs,ALL
configure:28652: arm-linux-gnueabihf-g++ -std=c++11 -o conftest -pipe -O2  -fPIC -fvisibility=hidden -I/home/ravenpi/Ravencoin-2.5.1/depends/arm-linux-gnueabihf/share/../include/  -DHAVE_BUILD_INFO -D__STDC_FORMAT_MACROS -fPIC -D_FILE_OFFSET_BITS=64 -L/home/ravenpi/Ravencoin-2.5.1/depends/arm-linux-gnueabihf/share/../lib -static-libstdc++  -Wl,--exclude-libs,ALL conftest.cpp -lrt  >&5
configure:28652: $? = 0
configure:28661: result: yes
configure:28711: checking whether the Boost::Unit_Test_Framework library is available
configure:28734: arm-linux-gnueabihf-g++ -std=c++11 -c -pipe -O2  -fPIC -fvisibility=hidden -I/home/ravenpi/Ravencoin-2.5.1/depends/arm-linux-gnueabihf/share/../include/  -DHAVE_BUILD_INFO -D__STDC_FORMAT_MACROS -fPIC -D_FILE_OFFSET_BITS=64 -DBOOST_SP_USE_STD_ATOMIC -DBOOST_AC_USE_STD_ATOMIC -pthread -I/home/ravenpi/Ravencoin-2.5.1/depends/arm-linux-gnueabihf/share/../include conftest.cpp >&5
configure:28734: $? = 0
configure:28748: result: yes
configure:28860: checking for dynamic linked boost test
configure:28875: arm-linux-gnueabihf-g++ -std=c++11 -o conftest -pipe -O2  -fPIC -fvisibility=hidden -I/home/ravenpi/Ravencoin-2.5.1/depends/arm-linux-gnueabihf/share/../include/  -DHAVE_BUILD_INFO -D__STDC_FORMAT_MACROS -fPIC -D_FILE_OFFSET_BITS=64 -DBOOST_SP_USE_STD_ATOMIC -DBOOST_AC_USE_STD_ATOMIC -pthread -I/home/ravenpi/Ravencoin-2.5.1/depends/arm-linux-gnueabihf/share/../include -L/home/ravenpi/Ravencoin-2.5.1/depends/arm-linux-gnueabihf/share/../lib -static-libstdc++ conftest.cpp -lrt  -L/home/ravenpi/Ravencoin-2.5.1/depends/arm-linux-gnueabihf/share/../lib -lboost_unit_test_framework-mt >&5
/tmp/ccClDhAN.o: In function `main':
conftest.cpp:(.text.startup+0x8): undefined reference to `boost::unit_test::unit_test_main(bool (*)(), int, char**)'
collect2: error: ld returned 1 exit status
configure:28875: $? = 1
configure: failed program was:
| /* confdefs.h */
| #define PACKAGE_NAME "Raven Core"
| #define PACKAGE_TARNAME "raven"
| #define PACKAGE_VERSION "2.5.1"
| #define PACKAGE_STRING "Raven Core 2.5.1"
| #define PACKAGE_BUGREPORT "https://github.com/RavenProject/Ravencoin/issues"
| #define PACKAGE_URL "https://ravencoin.org/"
| #define HAVE_CXX11 1
| #define STDC_HEADERS 1
| #define HAVE_SYS_TYPES_H 1
| #define HAVE_SYS_STAT_H 1
| #define HAVE_STDLIB_H 1
| #define HAVE_STRING_H 1
| #define HAVE_MEMORY_H 1
| #define HAVE_STRINGS_H 1
| #define HAVE_INTTYPES_H 1
| #define HAVE_STDINT_H 1
| #define HAVE_UNISTD_H 1
| #define HAVE_DLFCN_H 1
| #define LT_OBJDIR ".libs/"
| #define USE_ASM 1
| #define HAVE_PTHREAD_PRIO_INHERIT 1
| #define HAVE_PTHREAD 1
| #define _FILE_OFFSET_BITS 64
| #define HAVE_DECL_STRERROR_R 1
| #define HAVE_STRERROR_R 1
| #define STRERROR_R_CHAR_P 1
| #define HAVE_FUNC_ATTRIBUTE_VISIBILITY 1
| #define HAVE_LIBRT 1
| #define FDELT_TYPE long int
| #define HAVE_ENDIAN_H 1
| #define HAVE_BYTESWAP_H 1
| #define HAVE_STDIO_H 1
| #define HAVE_STDLIB_H 1
| #define HAVE_UNISTD_H 1
| #define HAVE_STRINGS_H 1
| #define HAVE_SYS_TYPES_H 1
| #define HAVE_SYS_STAT_H 1
| #define HAVE_SYS_SELECT_H 1
| #define HAVE_SYS_PRCTL_H 1
| #define HAVE_DECL_STRNLEN 1
| #define HAVE_DECL_DAEMON 1
| #define HAVE_DECL_LE16TOH 1
| #define HAVE_DECL_LE32TOH 1
| #define HAVE_DECL_LE64TOH 1
| #define HAVE_DECL_HTOLE16 1
| #define HAVE_DECL_HTOLE32 1
| #define HAVE_DECL_HTOLE64 1
| #define HAVE_DECL_BE16TOH 1
| #define HAVE_DECL_BE32TOH 1
| #define HAVE_DECL_BE64TOH 1
| #define HAVE_DECL_HTOBE16 1
| #define HAVE_DECL_HTOBE32 1
| #define HAVE_DECL_HTOBE64 1
| #define HAVE_DECL_BSWAP_16 1
| #define HAVE_DECL_BSWAP_32 1
| #define HAVE_DECL_BSWAP_64 1
| #define HAVE_DECL___BUILTIN_CLZ 1
| #define HAVE_DECL___BUILTIN_CLZL 1
| #define HAVE_DECL___BUILTIN_CLZLL 1
| #define HAVE_MSG_NOSIGNAL 1
| #define HAVE_MSG_DONTWAIT 1
| #define HAVE_MALLOC_INFO 1
| #define HAVE_MALLOPT_ARENA_MAX 1
| #define HAVE_VISIBILITY_ATTRIBUTE 1
| #define HAVE_SYS_GETRANDOM 1
| #define HAVE_MINIUPNPC_MINIWGET_H 1
| #define HAVE_MINIUPNPC_MINIUPNPC_H 1
| #define HAVE_MINIUPNPC_UPNPCOMMANDS_H 1
| #define HAVE_MINIUPNPC_UPNPERRORS_H 1
| #define HAVE_BOOST /**/
| #define HAVE_BOOST_SYSTEM /**/
| #define HAVE_BOOST_FILESYSTEM /**/
| #define HAVE_BOOST_PROGRAM_OPTIONS /**/
| #define HAVE_BOOST_THREAD /**/
| #define HAVE_BOOST_CHRONO /**/
| #define HAVE_BOOST_UNIT_TEST_FRAMEWORK /**/
| /* end confdefs.h.  */
| 
|        #define BOOST_TEST_DYN_LINK
|        #define BOOST_TEST_MAIN
|         #include <boost/test/unit_test.hpp>
| 
| 
configure:28880: result: no
configure:28902: checking for mismatched boost c++11 scoped enums
configure:28930: arm-linux-gnueabihf-g++ -std=c++11 -o conftest -pipe -O2  -fPIC -fvisibility=hidden -I/home/ravenpi/Ravencoin-2.5.1/depends/arm-linux-gnueabihf/share/../include/  -DHAVE_BUILD_INFO -D__STDC_FORMAT_MACROS -fPIC -D_FILE_OFFSET_BITS=64 -DBOOST_SP_USE_STD_ATOMIC -DBOOST_AC_USE_STD_ATOMIC -pthread -I/home/ravenpi/Ravencoin-2.5.1/depends/arm-linux-gnueabihf/share/../include -L/home/ravenpi/Ravencoin-2.5.1/depends/arm-linux-gnueabihf/share/../lib -static-libstdc++ conftest.cpp -L/home/ravenpi/Ravencoin-2.5.1/depends/arm-linux-gnueabihf/share/../lib -lboost_system-mt -lboost_filesystem-mt -lboost_program_options-mt -lboost_thread-mt -lboost_chrono-mt -lrt  >&5
conftest.cpp: In function 'int main()':
conftest.cpp:96:5: error: 'choke' was not declared in this scope
     choke;
     ^
configure:28930: $? = 1
configure: failed program was:
| /* confdefs.h */
| #define PACKAGE_NAME "Raven Core"
| #define PACKAGE_TARNAME "raven"
| #define PACKAGE_VERSION "2.5.1"
| #define PACKAGE_STRING "Raven Core 2.5.1"
| #define PACKAGE_BUGREPORT "https://github.com/RavenProject/Ravencoin/issues"
| #define PACKAGE_URL "https://ravencoin.org/"
| #define HAVE_CXX11 1
| #define STDC_HEADERS 1
| #define HAVE_SYS_TYPES_H 1
| #define HAVE_SYS_STAT_H 1
| #define HAVE_STDLIB_H 1
| #define HAVE_STRING_H 1
| #define HAVE_MEMORY_H 1
| #define HAVE_STRINGS_H 1
| #define HAVE_INTTYPES_H 1
| #define HAVE_STDINT_H 1
| #define HAVE_UNISTD_H 1
| #define HAVE_DLFCN_H 1
| #define LT_OBJDIR ".libs/"
| #define USE_ASM 1
| #define HAVE_PTHREAD_PRIO_INHERIT 1
| #define HAVE_PTHREAD 1
| #define _FILE_OFFSET_BITS 64
| #define HAVE_DECL_STRERROR_R 1
| #define HAVE_STRERROR_R 1
| #define STRERROR_R_CHAR_P 1
| #define HAVE_FUNC_ATTRIBUTE_VISIBILITY 1
| #define HAVE_LIBRT 1
| #define FDELT_TYPE long int
| #define HAVE_ENDIAN_H 1
| #define HAVE_BYTESWAP_H 1
| #define HAVE_STDIO_H 1
| #define HAVE_STDLIB_H 1
| #define HAVE_UNISTD_H 1
| #define HAVE_STRINGS_H 1
| #define HAVE_SYS_TYPES_H 1
| #define HAVE_SYS_STAT_H 1
| #define HAVE_SYS_SELECT_H 1
| #define HAVE_SYS_PRCTL_H 1
| #define HAVE_DECL_STRNLEN 1
| #define HAVE_DECL_DAEMON 1
| #define HAVE_DECL_LE16TOH 1
| #define HAVE_DECL_LE32TOH 1
| #define HAVE_DECL_LE64TOH 1
| #define HAVE_DECL_HTOLE16 1
| #define HAVE_DECL_HTOLE32 1
| #define HAVE_DECL_HTOLE64 1
| #define HAVE_DECL_BE16TOH 1
| #define HAVE_DECL_BE32TOH 1
| #define HAVE_DECL_BE64TOH 1
| #define HAVE_DECL_HTOBE16 1
| #define HAVE_DECL_HTOBE32 1
| #define HAVE_DECL_HTOBE64 1
| #define HAVE_DECL_BSWAP_16 1
| #define HAVE_DECL_BSWAP_32 1
| #define HAVE_DECL_BSWAP_64 1
| #define HAVE_DECL___BUILTIN_CLZ 1
| #define HAVE_DECL___BUILTIN_CLZL 1
| #define HAVE_DECL___BUILTIN_CLZLL 1
| #define HAVE_MSG_NOSIGNAL 1
| #define HAVE_MSG_DONTWAIT 1
| #define HAVE_MALLOC_INFO 1
| #define HAVE_MALLOPT_ARENA_MAX 1
| #define HAVE_VISIBILITY_ATTRIBUTE 1
| #define HAVE_SYS_GETRANDOM 1
| #define HAVE_MINIUPNPC_MINIWGET_H 1
| #define HAVE_MINIUPNPC_MINIUPNPC_H 1
| #define HAVE_MINIUPNPC_UPNPCOMMANDS_H 1
| #define HAVE_MINIUPNPC_UPNPERRORS_H 1
| #define HAVE_BOOST /**/
| #define HAVE_BOOST_SYSTEM /**/
| #define HAVE_BOOST_FILESYSTEM /**/
| #define HAVE_BOOST_PROGRAM_OPTIONS /**/
| #define HAVE_BOOST_THREAD /**/
| #define HAVE_BOOST_CHRONO /**/
| #define HAVE_BOOST_UNIT_TEST_FRAMEWORK /**/
| /* end confdefs.h.  */
| 
|   #include <boost/config.hpp>
|   #include <boost/version.hpp>
|   #if !defined(BOOST_NO_SCOPED_ENUMS) && !defined(BOOST_NO_CXX11_SCOPED_ENUMS) && BOOST_VERSION < 105700
|   #define BOOST_NO_SCOPED_ENUMS
|   #define BOOST_NO_CXX11_SCOPED_ENUMS
|   #define CHECK
|   #endif
|   #include <boost/filesystem.hpp>
| 
| int
| main ()
| {
| 
|   #if defined(CHECK)
|     boost::filesystem::copy_file("foo", "bar");
|   #else
|     choke;
|   #endif
| 
|   ;
|   return 0;
| }
configure:28934: result: ok
configure:28966: arm-linux-gnueabihf-g++ -std=c++11 -o conftest -pipe -O2  -fPIC -fvisibility=hidden -I/home/ravenpi/Ravencoin-2.5.1/depends/arm-linux-gnueabihf/share/../include/  -DHAVE_BUILD_INFO -D__STDC_FORMAT_MACROS -fPIC -D_FILE_OFFSET_BITS=64 -DBOOST_SP_USE_STD_ATOMIC -DBOOST_AC_USE_STD_ATOMIC -pthread -I/home/ravenpi/Ravencoin-2.5.1/depends/arm-linux-gnueabihf/share/../include -L/home/ravenpi/Ravencoin-2.5.1/depends/arm-linux-gnueabihf/share/../lib -static-libstdc++ conftest.cpp -L/home/ravenpi/Ravencoin-2.5.1/depends/arm-linux-gnueabihf/share/../lib -lboost_system-mt -lboost_filesystem-mt -lboost_program_options-mt -lboost_thread-mt -lboost_chrono-mt -lrt  >&5
configure:28966: $? = 0
configure:29028: checking for SSL
configure:29035: $PKG_CONFIG --exists --print-errors "libssl"
configure:29038: $? = 0
configure:29052: $PKG_CONFIG --exists --print-errors "libssl"
configure:29055: $? = 0
configure:29093: result: yes
configure:29099: checking for CRYPTO
configure:29106: $PKG_CONFIG --exists --print-errors "libcrypto"
configure:29109: $? = 0
configure:29123: $PKG_CONFIG --exists --print-errors "libcrypto"
configure:29126: $? = 0
configure:29164: result: yes
configure:29353: checking for EVENT
configure:29360: $PKG_CONFIG --exists --print-errors "libevent"
configure:29363: $? = 0
configure:29377: $PKG_CONFIG --exists --print-errors "libevent"
configure:29380: $? = 0
configure:29418: result: yes
configure:29425: checking for EVENT_PTHREADS
configure:29432: $PKG_CONFIG --exists --print-errors "libevent_pthreads"
configure:29435: $? = 0
configure:29449: $PKG_CONFIG --exists --print-errors "libevent_pthreads"
configure:29452: $? = 0
configure:29490: result: yes
configure:29500: checking for ZMQ
configure:29507: $PKG_CONFIG --exists --print-errors "libzmq >= 4"
configure:29510: $? = 0
configure:29524: $PKG_CONFIG --exists --print-errors "libzmq >= 4"
configure:29527: $? = 0
configure:29575: result: yes
configure:29968: checking whether EVP_MD_CTX_new is declared
configure:29968: arm-linux-gnueabihf-g++ -std=c++11 -c -pipe -O2  -fPIC -fvisibility=hidden -I/home/ravenpi/Ravencoin-2.5.1/depends/arm-linux-gnueabihf/include -I/home/ravenpi/Ravencoin-2.5.1/depends/arm-linux-gnueabihf/include -I/home/ravenpi/Ravencoin-2.5.1/depends/arm-linux-gnueabihf/share/../include/  -DHAVE_BUILD_INFO -D__STDC_FORMAT_MACROS -fPIC -D_FILE_OFFSET_BITS=64 conftest.cpp >&5
conftest.cpp: In function 'int main()':
conftest.cpp:122:10: error: 'EVP_MD_CTX_new' was not declared in this scope
   (void) EVP_MD_CTX_new;
          ^
configure:29968: $? = 1
configure: failed program was:
| /* confdefs.h */
| #define PACKAGE_NAME "Raven Core"
| #define PACKAGE_TARNAME "raven"
| #define PACKAGE_VERSION "2.5.1"
| #define PACKAGE_STRING "Raven Core 2.5.1"
| #define PACKAGE_BUGREPORT "https://github.com/RavenProject/Ravencoin/issues"
| #define PACKAGE_URL "https://ravencoin.org/"
| #define HAVE_CXX11 1
| #define STDC_HEADERS 1
| #define HAVE_SYS_TYPES_H 1
| #define HAVE_SYS_STAT_H 1
| #define HAVE_STDLIB_H 1
| #define HAVE_STRING_H 1
| #define HAVE_MEMORY_H 1
| #define HAVE_STRINGS_H 1
| #define HAVE_INTTYPES_H 1
| #define HAVE_STDINT_H 1
| #define HAVE_UNISTD_H 1
| #define HAVE_DLFCN_H 1
| #define LT_OBJDIR ".libs/"
| #define USE_ASM 1
| #define HAVE_PTHREAD_PRIO_INHERIT 1
| #define HAVE_PTHREAD 1
| #define _FILE_OFFSET_BITS 64
| #define HAVE_DECL_STRERROR_R 1
| #define HAVE_STRERROR_R 1
| #define STRERROR_R_CHAR_P 1
| #define HAVE_FUNC_ATTRIBUTE_VISIBILITY 1
| #define HAVE_LIBRT 1
| #define FDELT_TYPE long int
| #define HAVE_ENDIAN_H 1
| #define HAVE_BYTESWAP_H 1
| #define HAVE_STDIO_H 1
| #define HAVE_STDLIB_H 1
| #define HAVE_UNISTD_H 1
| #define HAVE_STRINGS_H 1
| #define HAVE_SYS_TYPES_H 1
| #define HAVE_SYS_STAT_H 1
| #define HAVE_SYS_SELECT_H 1
| #define HAVE_SYS_PRCTL_H 1
| #define HAVE_DECL_STRNLEN 1
| #define HAVE_DECL_DAEMON 1
| #define HAVE_DECL_LE16TOH 1
| #define HAVE_DECL_LE32TOH 1
| #define HAVE_DECL_LE64TOH 1
| #define HAVE_DECL_HTOLE16 1
| #define HAVE_DECL_HTOLE32 1
| #define HAVE_DECL_HTOLE64 1
| #define HAVE_DECL_BE16TOH 1
| #define HAVE_DECL_BE32TOH 1
| #define HAVE_DECL_BE64TOH 1
| #define HAVE_DECL_HTOBE16 1
| #define HAVE_DECL_HTOBE32 1
| #define HAVE_DECL_HTOBE64 1
| #define HAVE_DECL_BSWAP_16 1
| #define HAVE_DECL_BSWAP_32 1
| #define HAVE_DECL_BSWAP_64 1
| #define HAVE_DECL___BUILTIN_CLZ 1
| #define HAVE_DECL___BUILTIN_CLZL 1
| #define HAVE_DECL___BUILTIN_CLZLL 1
| #define HAVE_MSG_NOSIGNAL 1
| #define HAVE_MSG_DONTWAIT 1
| #define HAVE_MALLOC_INFO 1
| #define HAVE_MALLOPT_ARENA_MAX 1
| #define HAVE_VISIBILITY_ATTRIBUTE 1
| #define HAVE_SYS_GETRANDOM 1
| #define HAVE_MINIUPNPC_MINIWGET_H 1
| #define HAVE_MINIUPNPC_MINIUPNPC_H 1
| #define HAVE_MINIUPNPC_UPNPCOMMANDS_H 1
| #define HAVE_MINIUPNPC_UPNPERRORS_H 1
| #define HAVE_BOOST /**/
| #define HAVE_BOOST_SYSTEM /**/
| #define HAVE_BOOST_FILESYSTEM /**/
| #define HAVE_BOOST_PROGRAM_OPTIONS /**/
| #define HAVE_BOOST_THREAD /**/
| #define HAVE_BOOST_CHRONO /**/
| #define HAVE_BOOST_UNIT_TEST_FRAMEWORK /**/
| #define HAVE_WORKING_BOOST_SLEEP_FOR 1
| #define ENABLE_ZMQ 1
| /* end confdefs.h.  */
| #include <stdio.h>
| #ifdef HAVE_SYS_TYPES_H
| # include <sys/types.h>
| #endif
| #ifdef HAVE_SYS_STAT_H
| # include <sys/stat.h>
| #endif
| #ifdef STDC_HEADERS
| # include <stdlib.h>
| # include <stddef.h>
| #else
| # ifdef HAVE_STDLIB_H
| #  include <stdlib.h>
| # endif
| #endif
| #ifdef HAVE_STRING_H
| # if !defined STDC_HEADERS && defined HAVE_MEMORY_H
| #  include <memory.h>
| # endif
| # include <string.h>
| #endif
| #ifdef HAVE_STRINGS_H
| # include <strings.h>
| #endif
| #ifdef HAVE_INTTYPES_H
| # include <inttypes.h>
| #endif
| #ifdef HAVE_STDINT_H
| # include <stdint.h>
| #endif
| #ifdef HAVE_UNISTD_H
| # include <unistd.h>
| #endif
| #include <openssl/x509_vfy.h>
| 
| 
| int
| main ()
| {
| #ifndef EVP_MD_CTX_new
| #ifdef __cplusplus
|   (void) EVP_MD_CTX_new;
| #else
|   (void) EVP_MD_CTX_new;
| #endif
| #endif
| 
|   ;
|   return 0;
| }
configure:29968: result: no
configure:30268: checking whether to build ravend
configure:30278: result: yes
configure:30281: checking whether to build raven-cli
configure:30291: result: yes
configure:30294: checking whether to build raven-tx
configure:30304: result: no
configure:30307: checking whether to build libraries
configure:30324: result: yes
configure:30335: checking if ccache should be used
configure:30348: result: yes
configure:30352: checking whether C preprocessor accepts -Qunused-arguments
configure:30371: arm-linux-gnueabihf-gcc -E -I/home/ravenpi/Ravencoin-2.5.1/depends/arm-linux-gnueabihf/share/../include/  -DHAVE_BUILD_INFO -D__STDC_FORMAT_MACROS -fPIC -D_FILE_OFFSET_BITS=64  -Qunused-arguments conftest.c
arm-linux-gnueabihf-gcc: error: unrecognized command line option '-Qunused-arguments'
configure:30371: $? = 1
configure: failed program was:
| /* confdefs.h */
| #define PACKAGE_NAME "Raven Core"
| #define PACKAGE_TARNAME "raven"
| #define PACKAGE_VERSION "2.5.1"
| #define PACKAGE_STRING "Raven Core 2.5.1"
| #define PACKAGE_BUGREPORT "https://github.com/RavenProject/Ravencoin/issues"
| #define PACKAGE_URL "https://ravencoin.org/"
| #define HAVE_CXX11 1
| #define STDC_HEADERS 1
| #define HAVE_SYS_TYPES_H 1
| #define HAVE_SYS_STAT_H 1
| #define HAVE_STDLIB_H 1
| #define HAVE_STRING_H 1
| #define HAVE_MEMORY_H 1
| #define HAVE_STRINGS_H 1
| #define HAVE_INTTYPES_H 1
| #define HAVE_STDINT_H 1
| #define HAVE_UNISTD_H 1
| #define HAVE_DLFCN_H 1
| #define LT_OBJDIR ".libs/"
| #define USE_ASM 1
| #define HAVE_PTHREAD_PRIO_INHERIT 1
| #define HAVE_PTHREAD 1
| #define _FILE_OFFSET_BITS 64
| #define HAVE_DECL_STRERROR_R 1
| #define HAVE_STRERROR_R 1
| #define STRERROR_R_CHAR_P 1
| #define HAVE_FUNC_ATTRIBUTE_VISIBILITY 1
| #define HAVE_LIBRT 1
| #define FDELT_TYPE long int
| #define HAVE_ENDIAN_H 1
| #define HAVE_BYTESWAP_H 1
| #define HAVE_STDIO_H 1
| #define HAVE_STDLIB_H 1
| #define HAVE_UNISTD_H 1
| #define HAVE_STRINGS_H 1
| #define HAVE_SYS_TYPES_H 1
| #define HAVE_SYS_STAT_H 1
| #define HAVE_SYS_SELECT_H 1
| #define HAVE_SYS_PRCTL_H 1
| #define HAVE_DECL_STRNLEN 1
| #define HAVE_DECL_DAEMON 1
| #define HAVE_DECL_LE16TOH 1
| #define HAVE_DECL_LE32TOH 1
| #define HAVE_DECL_LE64TOH 1
| #define HAVE_DECL_HTOLE16 1
| #define HAVE_DECL_HTOLE32 1
| #define HAVE_DECL_HTOLE64 1
| #define HAVE_DECL_BE16TOH 1
| #define HAVE_DECL_BE32TOH 1
| #define HAVE_DECL_BE64TOH 1
| #define HAVE_DECL_HTOBE16 1
| #define HAVE_DECL_HTOBE32 1
| #define HAVE_DECL_HTOBE64 1
| #define HAVE_DECL_BSWAP_16 1
| #define HAVE_DECL_BSWAP_32 1
| #define HAVE_DECL_BSWAP_64 1
| #define HAVE_DECL___BUILTIN_CLZ 1
| #define HAVE_DECL___BUILTIN_CLZL 1
| #define HAVE_DECL___BUILTIN_CLZLL 1
| #define HAVE_MSG_NOSIGNAL 1
| #define HAVE_MSG_DONTWAIT 1
| #define HAVE_MALLOC_INFO 1
| #define HAVE_MALLOPT_ARENA_MAX 1
| #define HAVE_VISIBILITY_ATTRIBUTE 1
| #define HAVE_SYS_GETRANDOM 1
| #define HAVE_MINIUPNPC_MINIWGET_H 1
| #define HAVE_MINIUPNPC_MINIUPNPC_H 1
| #define HAVE_MINIUPNPC_UPNPCOMMANDS_H 1
| #define HAVE_MINIUPNPC_UPNPERRORS_H 1
| #define HAVE_BOOST /**/
| #define HAVE_BOOST_SYSTEM /**/
| #define HAVE_BOOST_FILESYSTEM /**/
| #define HAVE_BOOST_PROGRAM_OPTIONS /**/
| #define HAVE_BOOST_THREAD /**/
| #define HAVE_BOOST_CHRONO /**/
| #define HAVE_BOOST_UNIT_TEST_FRAMEWORK /**/
| #define HAVE_WORKING_BOOST_SLEEP_FOR 1
| #define ENABLE_ZMQ 1
| #define HAVE_DECL_EVP_MD_CTX_NEW 0
| #define HAVE_CONSENSUS_LIB 1
| /* end confdefs.h.  */
| 
| int
| main ()
| {
| 
|   ;
|   return 0;
| }
configure:30379: result: no
configure:30389: checking if wallet should be enabled
configure:30392: result: yes
configure:30405: checking whether to build with support for UPnP
configure:30415: result: yes
configure:30417: checking whether to build with UPnP enabled by default
configure:30425: result: no
configure:30501: checking whether to build test_raven
configure:30504: result: yes
configure:30513: checking whether to reduce exports
configure:30516: result: yes
configure:30870: checking that generated files are newer than configure
configure:30876: result: done
configure:31000: creating ./config.status

## ---------------------- ##
## Running config.status. ##
## ---------------------- ##

This file was extended by Raven Core config.status 2.5.1, which was
generated by GNU Autoconf 2.69.  Invocation command line was

  CONFIG_FILES    = 
  CONFIG_HEADERS  = 
  CONFIG_LINKS    = 
  CONFIG_COMMANDS = 
  $ ./config.status 

on terminalserver

config.status:1416: creating libravenconsensus.pc
config.status:1416: creating Makefile
config.status:1416: creating src/Makefile
config.status:1416: creating doc/man/Makefile
config.status:1416: creating share/setup.nsi
config.status:1416: creating share/qt/Info.plist
config.status:1416: creating test/config.ini
config.status:1416: creating contrib/devtools/split-debug.sh
config.status:1416: creating doc/Doxyfile
config.status:1416: creating src/config/raven-config.h
config.status:1676: executing depfiles commands
config.status:1676: executing libtool commands
configure:33524: === configuring in src/univalue (/home/ravenpi/Ravencoin-2.5.1/src/univalue)
configure:33587: running /bin/bash ./configure --disable-option-checking '--prefix=/home/ravenpi/Ravencoin-2.5.1/depends/arm-linux-gnueabihf'  '--enable-glibc-back-compat' '--enable-reduce-exports' 'LDFLAGS=-static-libstdc++' '--disable-shared' '--with-pic' '--with-bignum=no' '--enable-module-recovery' '--disable-jni' --cache-file=/dev/null --srcdir=.
configure:33524: === configuring in src/secp256k1 (/home/ravenpi/Ravencoin-2.5.1/src/secp256k1)
configure:33587: running /bin/bash ./configure --disable-option-checking '--prefix=/home/ravenpi/Ravencoin-2.5.1/depends/arm-linux-gnueabihf'  '--enable-glibc-back-compat' '--enable-reduce-exports' 'LDFLAGS=-static-libstdc++' '--disable-shared' '--with-pic' '--with-bignum=no' '--enable-module-recovery' '--disable-jni' --cache-file=/dev/null --srcdir=.

## ---------------- ##
## Cache variables. ##
## ---------------- ##

ac_cv_build=x86_64-pc-linux-gnu
ac_cv_c_bigendian=no
ac_cv_c_compiler_gnu=yes
ac_cv_cxx_compiler_gnu=yes
ac_cv_env_ARFLAGS_set=
ac_cv_env_ARFLAGS_value=
ac_cv_env_BDB_CFLAGS_set=
ac_cv_env_BDB_CFLAGS_value=
ac_cv_env_BDB_LIBS_set=
ac_cv_env_BDB_LIBS_value=
ac_cv_env_CCC_set=
ac_cv_env_CCC_value=
ac_cv_env_CC_set=
ac_cv_env_CC_value=
ac_cv_env_CFLAGS_set=
ac_cv_env_CFLAGS_value=
ac_cv_env_CPPFLAGS_set=
ac_cv_env_CPPFLAGS_value=
ac_cv_env_CPP_set=
ac_cv_env_CPP_value=
ac_cv_env_CRYPTO_CFLAGS_set=
ac_cv_env_CRYPTO_CFLAGS_value=
ac_cv_env_CRYPTO_LIBS_set=
ac_cv_env_CRYPTO_LIBS_value=
ac_cv_env_CXXCPP_set=
ac_cv_env_CXXCPP_value=
ac_cv_env_CXXFLAGS_set=
ac_cv_env_CXXFLAGS_value=
ac_cv_env_CXX_set=
ac_cv_env_CXX_value=
ac_cv_env_EVENT_CFLAGS_set=
ac_cv_env_EVENT_CFLAGS_value=
ac_cv_env_EVENT_LIBS_set=
ac_cv_env_EVENT_LIBS_value=
ac_cv_env_EVENT_PTHREADS_CFLAGS_set=
ac_cv_env_EVENT_PTHREADS_CFLAGS_value=
ac_cv_env_EVENT_PTHREADS_LIBS_set=
ac_cv_env_EVENT_PTHREADS_LIBS_value=
ac_cv_env_LDFLAGS_set=set
ac_cv_env_LDFLAGS_value=-static-libstdc++
ac_cv_env_LIBS_set=
ac_cv_env_LIBS_value=
ac_cv_env_LT_SYS_LIBRARY_PATH_set=
ac_cv_env_LT_SYS_LIBRARY_PATH_value=
ac_cv_env_OBJCXXFLAGS_set=
ac_cv_env_OBJCXXFLAGS_value=
ac_cv_env_OBJCXX_set=
ac_cv_env_OBJCXX_value=
ac_cv_env_PKG_CONFIG_LIBDIR_set=
ac_cv_env_PKG_CONFIG_LIBDIR_value=
ac_cv_env_PKG_CONFIG_PATH_set=
ac_cv_env_PKG_CONFIG_PATH_value=
ac_cv_env_PKG_CONFIG_set=
ac_cv_env_PKG_CONFIG_value=
ac_cv_env_PROTOBUF_CFLAGS_set=
ac_cv_env_PROTOBUF_CFLAGS_value=
ac_cv_env_PROTOBUF_LIBS_set=
ac_cv_env_PROTOBUF_LIBS_value=
ac_cv_env_PYTHONPATH_set=
ac_cv_env_PYTHONPATH_value=
ac_cv_env_QR_CFLAGS_set=
ac_cv_env_QR_CFLAGS_value=
ac_cv_env_QR_LIBS_set=
ac_cv_env_QR_LIBS_value=
ac_cv_env_QT4_CFLAGS_set=
ac_cv_env_QT4_CFLAGS_value=
ac_cv_env_QT4_LIBS_set=
ac_cv_env_QT4_LIBS_value=
ac_cv_env_QT5_CFLAGS_set=
ac_cv_env_QT5_CFLAGS_value=
ac_cv_env_QT5_LIBS_set=
ac_cv_env_QT5_LIBS_value=
ac_cv_env_QTPLATFORM_CFLAGS_set=
ac_cv_env_QTPLATFORM_CFLAGS_value=
ac_cv_env_QTPLATFORM_LIBS_set=
ac_cv_env_QTPLATFORM_LIBS_value=
ac_cv_env_QTPRINT_CFLAGS_set=
ac_cv_env_QTPRINT_CFLAGS_value=
ac_cv_env_QTPRINT_LIBS_set=
ac_cv_env_QTPRINT_LIBS_value=
ac_cv_env_QTXCBQPA_CFLAGS_set=
ac_cv_env_QTXCBQPA_CFLAGS_value=
ac_cv_env_QTXCBQPA_LIBS_set=
ac_cv_env_QTXCBQPA_LIBS_value=
ac_cv_env_QT_DBUS_CFLAGS_set=
ac_cv_env_QT_DBUS_CFLAGS_value=
ac_cv_env_QT_DBUS_LIBS_set=
ac_cv_env_QT_DBUS_LIBS_value=
ac_cv_env_QT_TEST_CFLAGS_set=
ac_cv_env_QT_TEST_CFLAGS_value=
ac_cv_env_QT_TEST_LIBS_set=
ac_cv_env_QT_TEST_LIBS_value=
ac_cv_env_SSL_CFLAGS_set=
ac_cv_env_SSL_CFLAGS_value=
ac_cv_env_SSL_LIBS_set=
ac_cv_env_SSL_LIBS_value=
ac_cv_env_UNIVALUE_CFLAGS_set=
ac_cv_env_UNIVALUE_CFLAGS_value=
ac_cv_env_UNIVALUE_LIBS_set=
ac_cv_env_UNIVALUE_LIBS_value=
ac_cv_env_X11XCB_CFLAGS_set=
ac_cv_env_X11XCB_CFLAGS_value=
ac_cv_env_X11XCB_LIBS_set=
ac_cv_env_X11XCB_LIBS_value=
ac_cv_env_ZMQ_CFLAGS_set=
ac_cv_env_ZMQ_CFLAGS_value=
ac_cv_env_ZMQ_LIBS_set=
ac_cv_env_ZMQ_LIBS_value=
ac_cv_env_build_alias_set=
ac_cv_env_build_alias_value=
ac_cv_env_host_alias_set=
ac_cv_env_host_alias_value=
ac_cv_env_target_alias_set=
ac_cv_env_target_alias_value=
ac_cv_func_strerror_r=yes
ac_cv_func_strerror_r_char_p=yes
ac_cv_have_decl_EVP_MD_CTX_new=no
ac_cv_have_decl___builtin_clz=yes
ac_cv_have_decl___builtin_clzl=yes
ac_cv_have_decl___builtin_clzll=yes
ac_cv_have_decl_be16toh=yes
ac_cv_have_decl_be32toh=yes
ac_cv_have_decl_be64toh=yes
ac_cv_have_decl_bswap_16=yes
ac_cv_have_decl_bswap_32=yes
ac_cv_have_decl_bswap_64=yes
ac_cv_have_decl_daemon=yes
ac_cv_have_decl_htobe16=yes
ac_cv_have_decl_htobe32=yes
ac_cv_have_decl_htobe64=yes
ac_cv_have_decl_htole16=yes
ac_cv_have_decl_htole32=yes
ac_cv_have_decl_htole64=yes
ac_cv_have_decl_le16toh=yes
ac_cv_have_decl_le32toh=yes
ac_cv_have_decl_le64toh=yes
ac_cv_have_decl_strerror_r=yes
ac_cv_have_decl_strnlen=yes
ac_cv_header_byteswap_h=yes
ac_cv_header_dlfcn_h=yes
ac_cv_header_endian_h=yes
ac_cv_header_inttypes_h=yes
ac_cv_header_memory_h=yes
ac_cv_header_miniupnpc_miniupnpc_h=yes
ac_cv_header_miniupnpc_miniwget_h=yes
ac_cv_header_miniupnpc_upnpcommands_h=yes
ac_cv_header_miniupnpc_upnperrors_h=yes
ac_cv_header_stdc=yes
ac_cv_header_stdint_h=yes
ac_cv_header_stdio_h=yes
ac_cv_header_stdlib_h=yes
ac_cv_header_string_h=yes
ac_cv_header_strings_h=yes
ac_cv_header_sys_endian_h=no
ac_cv_header_sys_prctl_h=yes
ac_cv_header_sys_select_h=yes
ac_cv_header_sys_stat_h=yes
ac_cv_header_sys_types_h=yes
ac_cv_header_unistd_h=yes
ac_cv_host=arm-unknown-linux-gnueabihf
ac_cv_lib_boost_chrono_mt___exit=yes
ac_cv_lib_boost_filesystem_mt___exit=yes
ac_cv_lib_boost_program_options_mt___exit=yes
ac_cv_lib_boost_system_mt___exit=yes
ac_cv_lib_boost_thread_mt___exit=yes
ac_cv_lib_db_cxx_4_8___main=yes
ac_cv_lib_miniupnpc_main=yes
ac_cv_lib_rt_clock_gettime=yes
ac_cv_objcxx_compiler_gnu=no
ac_cv_objext=o
ac_cv_path_AR=/usr/bin/arm-linux-gnueabihf-ar
ac_cv_path_CCACHE=/home/ravenpi/Ravencoin-2.5.1/depends/arm-linux-gnueabihf/share/../native/bin/ccache
ac_cv_path_CPPFILT=/usr/bin/arm-linux-gnueabihf-c++filt
ac_cv_path_EGREP='/bin/grep -E'
ac_cv_path_FGREP='/bin/grep -F'
ac_cv_path_GCOV=/usr/bin/arm-linux-gnueabihf-gcov
ac_cv_path_GIT=/usr/bin/git
ac_cv_path_GREP=/bin/grep
ac_cv_path_HEXDUMP=/usr/bin/hexdump
ac_cv_path_OBJCOPY=/usr/bin/arm-linux-gnueabihf-objcopy
ac_cv_path_PKG_CONFIG='/usr/bin/pkg-config --static'
ac_cv_path_PYTHON=/usr/bin/python3.5
ac_cv_path_RANLIB=/usr/bin/arm-linux-gnueabihf-ranlib
ac_cv_path_READELF=/usr/bin/arm-linux-gnueabihf-readelf
ac_cv_path_SED=/bin/sed
ac_cv_path_STRIP=/usr/bin/arm-linux-gnueabihf-strip
ac_cv_path_ac_pt_AR=arm-linux-gnueabihf-ar
ac_cv_path_ac_pt_NM=arm-linux-gnueabihf-nm
ac_cv_path_ac_pt_RANLIB=arm-linux-gnueabihf-ranlib
ac_cv_path_install='/usr/bin/install -c'
ac_cv_path_lt_DD=/bin/dd
ac_cv_path_mkdir=/bin/mkdir
ac_cv_prog_AR=arm-linux-gnueabihf-ar
ac_cv_prog_AWK=gawk
ac_cv_prog_CC=arm-linux-gnueabihf-gcc
ac_cv_prog_CPP='arm-linux-gnueabihf-gcc -E'
ac_cv_prog_CXXCPP='arm-linux-gnueabihf-g++ -std=c++11 -E'
ac_cv_prog_OBJCXX='arm-linux-gnueabihf-g++ -std=c++11'
ac_cv_prog_OBJDUMP=arm-linux-gnueabihf-objdump
ac_cv_prog_RANLIB=arm-linux-gnueabihf-ranlib
ac_cv_prog_STRIP=arm-linux-gnueabihf-strip
ac_cv_prog_ac_ct_MANIFEST_TOOL=mt
ac_cv_prog_cc_c89=
ac_cv_prog_cc_g=yes
ac_cv_prog_cxx_g=yes
ac_cv_prog_make_make_set=yes
ac_cv_prog_objcxx_g=no
ac_cv_sys_file_offset_bits=64
ac_cv_sys_largefile_CC=no
am_cv_CC_dependencies_compiler_type=gcc3
am_cv_CXX_dependencies_compiler_type=gcc3
am_cv_OBJCXX_dependencies_compiler_type=gcc3
am_cv_make_support_nested_variables=yes
am_cv_prog_cc_c_o=yes
ax_cv_PTHREAD_CLANG=no
ax_cv_PTHREAD_JOINABLE_ATTR=PTHREAD_CREATE_JOINABLE
ax_cv_PTHREAD_PRIO_INHERIT=yes
ax_cv_PTHREAD_SPECIAL_FLAGS=no
ax_cv_boost_chrono=yes
ax_cv_boost_filesystem=yes
ax_cv_boost_program_options=yes
ax_cv_boost_system=yes
ax_cv_boost_thread=yes
ax_cv_boost_unit_test_framework=yes
ax_cv_check_ccppflags___Qunused_arguments=no
ax_cv_check_cxxcppflags___D_FORTIFY_SOURCE_2=yes
ax_cv_check_cxxcppflags___U_FORTIFY_SOURCE=yes
ax_cv_check_cxxflags___Werror=yes
ax_cv_check_cxxflags___Wstack_protector=yes
ax_cv_check_cxxflags___fPIC=yes
ax_cv_check_cxxflags___fPIE=yes
ax_cv_check_cxxflags___fstack_protector_all=yes
ax_cv_check_cxxflags___fvisibility_hidden=yes
ax_cv_check_cxxflags__msse4_2=no
ax_cv_check_ldflags___Wl___dynamicbase=no
ax_cv_check_ldflags___Wl___exclude_libs_ALL=yes
ax_cv_check_ldflags___Wl___high_entropy_va=no
ax_cv_check_ldflags___Wl___large_address_aware=no
ax_cv_check_ldflags___Wl___nxcompat=no
ax_cv_check_ldflags___Wl___wrap___divmoddi4=yes
ax_cv_check_ldflags___Wl___wrap_log2f=yes
ax_cv_check_ldflags___Wl__z_now=yes
ax_cv_check_ldflags___Wl__z_relro=yes
ax_cv_check_ldflags___pie=yes
ax_cv_cxx_compile_cxx11__std_cpp11=yes
ax_cv_have_func_attribute_dllexport=no
ax_cv_have_func_attribute_dllimport=no
ax_cv_have_func_attribute_visibility=yes
lt_cv_ar_at_file=@
lt_cv_archive_cmds_need_lc=no
lt_cv_deplibs_check_method=pass_all
lt_cv_file_magic_cmd='$MAGIC_CMD'
lt_cv_file_magic_test_file=
lt_cv_ld_reload_flag=-r
lt_cv_nm_interface='BSD nm'
lt_cv_objdir=.libs
lt_cv_path_LD=/usr/arm-linux-gnueabihf/bin/ld
lt_cv_path_LDCXX=/usr/arm-linux-gnueabihf/bin/ld
lt_cv_path_NM=arm-linux-gnueabihf-nm
lt_cv_path_mainfest_tool=no
lt_cv_prog_compiler_c_o=yes
lt_cv_prog_compiler_c_o_CXX=yes
lt_cv_prog_compiler_pic='-fPIC -DPIC'
lt_cv_prog_compiler_pic_CXX='-fPIC -DPIC'
lt_cv_prog_compiler_pic_works=yes
lt_cv_prog_compiler_pic_works_CXX=yes
lt_cv_prog_compiler_rtti_exceptions=no
lt_cv_prog_compiler_static_works=yes
lt_cv_prog_compiler_static_works_CXX=yes
lt_cv_prog_gnu_ld=yes
lt_cv_prog_gnu_ldcxx=yes
lt_cv_sharedlib_from_linklib_cmd='printf %s\n'
lt_cv_shlibpath_overrides_runpath=no
lt_cv_sys_global_symbol_pipe='sed -n -e '\''s/^.*[	 ]\([ABCDGIRSTW][ABCDGIRSTW]*\)[	 ][	 ]*\([_A-Za-z][_A-Za-z0-9]*\)$/\1 \2 \2/p'\'' | sed '\''/ __gnu_lto/d'\'''
lt_cv_sys_global_symbol_to_c_name_address='sed -n -e '\''s/^: \(.*\) .*$/  {"\1", (void *) 0},/p'\'' -e '\''s/^[ABCDGIRSTW][ABCDGIRSTW]* .* \(.*\)$/  {"\1", (void *) \&\1},/p'\'''
lt_cv_sys_global_symbol_to_c_name_address_lib_prefix='sed -n -e '\''s/^: \(.*\) .*$/  {"\1", (void *) 0},/p'\'' -e '\''s/^[ABCDGIRSTW][ABCDGIRSTW]* .* \(lib.*\)$/  {"\1", (void *) \&\1},/p'\'' -e '\''s/^[ABCDGIRSTW][ABCDGIRSTW]* .* \(.*\)$/  {"lib\1", (void *) \&\1},/p'\'''
lt_cv_sys_global_symbol_to_cdecl='sed -n -e '\''s/^T .* \(.*\)$/extern int \1();/p'\'' -e '\''s/^[ABCDGIRSTW][ABCDGIRSTW]* .* \(.*\)$/extern char \1;/p'\'''
lt_cv_sys_global_symbol_to_import=
lt_cv_sys_max_cmd_len=1572864
lt_cv_to_host_file_cmd=func_convert_file_noop
lt_cv_to_tool_file_cmd=func_convert_file_noop
lt_cv_truncate_bin='/bin/dd bs=4096 count=1'
pkg_cv_CRYPTO_CFLAGS=-I/home/ravenpi/Ravencoin-2.5.1/depends/arm-linux-gnueabihf/include
pkg_cv_CRYPTO_LIBS='-L/home/ravenpi/Ravencoin-2.5.1/depends/arm-linux-gnueabihf/lib -lcrypto -ldl'
pkg_cv_EVENT_CFLAGS=-I/home/ravenpi/Ravencoin-2.5.1/depends/arm-linux-gnueabihf/include
pkg_cv_EVENT_LIBS='-L/home/ravenpi/Ravencoin-2.5.1/depends/arm-linux-gnueabihf/lib -levent'
pkg_cv_EVENT_PTHREADS_CFLAGS='-pthread -I/home/ravenpi/Ravencoin-2.5.1/depends/arm-linux-gnueabihf/include'
pkg_cv_EVENT_PTHREADS_LIBS='-L/home/ravenpi/Ravencoin-2.5.1/depends/arm-linux-gnueabihf/lib -levent_pthreads -levent'
pkg_cv_SSL_CFLAGS=-I/home/ravenpi/Ravencoin-2.5.1/depends/arm-linux-gnueabihf/include
pkg_cv_SSL_LIBS='-L/home/ravenpi/Ravencoin-2.5.1/depends/arm-linux-gnueabihf/lib -lssl -lcrypto -ldl'
pkg_cv_ZMQ_CFLAGS=-I/home/ravenpi/Ravencoin-2.5.1/depends/arm-linux-gnueabihf/include
pkg_cv_ZMQ_LIBS='-L/home/ravenpi/Ravencoin-2.5.1/depends/arm-linux-gnueabihf/lib -lzmq'

## ----------------- ##
## Output variables. ##
## ----------------- ##

ACLOCAL='${SHELL} /home/ravenpi/Ravencoin-2.5.1/build-aux/missing aclocal-1.15'
AMDEPBACKSLASH='\'
AMDEP_FALSE='#'
AMDEP_TRUE=''
AMTAR='$${TAR-tar}'
AM_BACKSLASH='\'
AM_DEFAULT_V='$(AM_DEFAULT_VERBOSITY)'
AM_DEFAULT_VERBOSITY='0'
AM_V='$(V)'
AR='/usr/bin/arm-linux-gnueabihf-ar'
ARFLAGS='cr'
AUTOCONF='${SHELL} /home/ravenpi/Ravencoin-2.5.1/build-aux/missing autoconf'
AUTOHEADER='${SHELL} /home/ravenpi/Ravencoin-2.5.1/build-aux/missing autoheader'
AUTOMAKE='${SHELL} /home/ravenpi/Ravencoin-2.5.1/build-aux/missing automake-1.15'
AWK='gawk'
BDB_CFLAGS=''
BDB_CPPFLAGS=''
BDB_LIBS='-ldb_cxx-4.8'
BOOST_CHRONO_LIB='-lboost_chrono-mt'
BOOST_CPPFLAGS='-DBOOST_SP_USE_STD_ATOMIC -DBOOST_AC_USE_STD_ATOMIC -pthread -I/home/ravenpi/Ravencoin-2.5.1/depends/arm-linux-gnueabihf/share/../include'
BOOST_FILESYSTEM_LIB='-lboost_filesystem-mt'
BOOST_LDFLAGS='-L/home/ravenpi/Ravencoin-2.5.1/depends/arm-linux-gnueabihf/share/../lib'
BOOST_LIBS='-L/home/ravenpi/Ravencoin-2.5.1/depends/arm-linux-gnueabihf/share/../lib -lboost_system-mt -lboost_filesystem-mt -lboost_program_options-mt -lboost_thread-mt -lboost_chrono-mt'
BOOST_PROGRAM_OPTIONS_LIB='-lboost_program_options-mt'
BOOST_SYSTEM_LIB='-lboost_system-mt'
BOOST_THREAD_LIB='-lboost_thread-mt'
BOOST_UNIT_TEST_FRAMEWORK_LIB='-lboost_unit_test_framework-mt'
BREW=''
BUILD_DARWIN_FALSE=''
BUILD_DARWIN_TRUE='#'
BUILD_RAVEND_FALSE='#'
BUILD_RAVEND_TRUE=''
BUILD_RAVEN_CLI_FALSE='#'
BUILD_RAVEN_CLI_TRUE=''
BUILD_RAVEN_LIBS_FALSE='#'
BUILD_RAVEN_LIBS_TRUE=''
BUILD_RAVEN_TX_FALSE=''
BUILD_RAVEN_TX_TRUE='#'
CC='/home/ravenpi/Ravencoin-2.5.1/depends/arm-linux-gnueabihf/share/../native/bin/ccache arm-linux-gnueabihf-gcc'
CCACHE='/home/ravenpi/Ravencoin-2.5.1/depends/arm-linux-gnueabihf/share/../native/bin/ccache'
CCDEPMODE='depmode=gcc3'
CFLAGS='-pipe -O2 '
CLIENT_VERSION_BUILD='0'
CLIENT_VERSION_IS_RELEASE='true'
CLIENT_VERSION_MAJOR='2'
CLIENT_VERSION_MINOR='5'
CLIENT_VERSION_REVISION='1'
COMPAT_LDFLAGS=' -Wl,--wrap=__divmoddi4 -Wl,--wrap=log2f'
COPYRIGHT_HOLDERS='The %s developers'
COPYRIGHT_HOLDERS_FINAL='The Raven Core developers'
COPYRIGHT_HOLDERS_SUBSTITUTION='Raven Core'
COPYRIGHT_YEAR='2018'
CPP='arm-linux-gnueabihf-gcc -E'
CPPFILT='/usr/bin/arm-linux-gnueabihf-c++filt'
CPPFLAGS='-I/home/ravenpi/Ravencoin-2.5.1/depends/arm-linux-gnueabihf/share/../include/  -DHAVE_BUILD_INFO -D__STDC_FORMAT_MACROS -fPIC -D_FILE_OFFSET_BITS=64'
CRYPTO_CFLAGS='-I/home/ravenpi/Ravencoin-2.5.1/depends/arm-linux-gnueabihf/include'
CRYPTO_LIBS='-L/home/ravenpi/Ravencoin-2.5.1/depends/arm-linux-gnueabihf/lib -lcrypto -ldl'
CXX='/home/ravenpi/Ravencoin-2.5.1/depends/arm-linux-gnueabihf/share/../native/bin/ccache arm-linux-gnueabihf-g++ -std=c++11'
CXXCPP='arm-linux-gnueabihf-g++ -std=c++11 -E'
CXXDEPMODE='depmode=gcc3'
CXXFLAGS='-pipe -O2  -fPIC -fvisibility=hidden'
CYGPATH_W='echo'
DEFS='-DHAVE_CONFIG_H'
DEPDIR='.deps'
DLLTOOL='false'
DSYMUTIL=''
DUMPBIN=''
ECHO_C=''
ECHO_N='-n'
ECHO_T=''
EGREP='/bin/grep -E'
EMBEDDED_LEVELDB_FALSE='#'
EMBEDDED_LEVELDB_TRUE=''
EMBEDDED_UNIVALUE_FALSE='#'
EMBEDDED_UNIVALUE_TRUE=''
ENABLE_BENCH_FALSE='#'
ENABLE_BENCH_TRUE=''
ENABLE_HWCRC32_FALSE=''
ENABLE_HWCRC32_TRUE='#'
ENABLE_MAN_FALSE='#'
ENABLE_MAN_TRUE=''
ENABLE_QT_FALSE=''
ENABLE_QT_TESTS_FALSE=''
ENABLE_QT_TESTS_TRUE='#'
ENABLE_QT_TRUE='#'
ENABLE_TESTS_FALSE='#'
ENABLE_TESTS_TRUE=''
ENABLE_WALLET_FALSE='#'
ENABLE_WALLET_TRUE=''
ENABLE_ZMQ_FALSE='#'
ENABLE_ZMQ_TRUE=''
ERROR_CXXFLAGS=''
EVENT_CFLAGS='-I/home/ravenpi/Ravencoin-2.5.1/depends/arm-linux-gnueabihf/include'
EVENT_LIBS='-L/home/ravenpi/Ravencoin-2.5.1/depends/arm-linux-gnueabihf/lib -levent'
EVENT_PTHREADS_CFLAGS='-pthread -I/home/ravenpi/Ravencoin-2.5.1/depends/arm-linux-gnueabihf/include'
EVENT_PTHREADS_LIBS='-L/home/ravenpi/Ravencoin-2.5.1/depends/arm-linux-gnueabihf/lib -levent_pthreads -levent'
EXEEXT=''
EXTENDED_FUNCTIONAL_TESTS=''
FGREP='/bin/grep -F'
GCOV='/usr/bin/arm-linux-gnueabihf-gcov'
GENHTML=''
GENISOIMAGE=''
GIT='/usr/bin/git'
GLIBC_BACK_COMPAT_FALSE='#'
GLIBC_BACK_COMPAT_TRUE=''
GREP='/bin/grep'
HARDENED_CPPFLAGS=' -U_FORTIFY_SOURCE -D_FORTIFY_SOURCE=2'
HARDENED_CXXFLAGS=' -Wstack-protector -fstack-protector-all'
HARDENED_LDFLAGS=' -Wl,-z,relro -Wl,-z,now -pie'
HARDEN_FALSE='#'
HARDEN_TRUE=''
HAVE_CXX11='1'
HEXDUMP='/usr/bin/hexdump'
IMAGEMAGICK_CONVERT=''
INSTALLNAMETOOL=''
INSTALL_DATA='${INSTALL} -m 644'
INSTALL_PROGRAM='${INSTALL}'
INSTALL_SCRIPT='${INSTALL}'
INSTALL_STRIP_PROGRAM='$(install_sh) -c -s'
LCOV=''
LCOV_OPTS=''
LD='/usr/arm-linux-gnueabihf/bin/ld'
LDFLAGS='-L/home/ravenpi/Ravencoin-2.5.1/depends/arm-linux-gnueabihf/share/../lib -static-libstdc++'
LEVELDB_CPPFLAGS=''
LEVELDB_TARGET_FLAGS='-DOS_LINUX'
LIBLEVELDB=''
LIBMEMENV=''
LIBOBJS=''
LIBS='-lrt '
LIBTOOL='$(SHELL) $(top_builddir)/libtool'
LIBTOOL_APP_LDFLAGS=''
LIPO=''
LN_S='ln -s'
LRELEASE=''
LTLIBOBJS=''
LT_SYS_LIBRARY_PATH=''
LUPDATE=''
MAINT=''
MAINTAINER_MODE_FALSE='#'
MAINTAINER_MODE_TRUE=''
MAKEINFO='${SHELL} /home/ravenpi/Ravencoin-2.5.1/build-aux/missing makeinfo'
MAKENSIS=''
MANIFEST_TOOL=':'
MINIUPNPC_CPPFLAGS=''
MINIUPNPC_LIBS='-lminiupnpc'
MKDIR_P='/bin/mkdir -p'
MOC=''
MOC_DEFS='-DHAVE_CONFIG_H -I$(srcdir)'
NM='arm-linux-gnueabihf-nm'
NMEDIT=''
OBJCOPY='/usr/bin/arm-linux-gnueabihf-objcopy'
OBJCXX='arm-linux-gnueabihf-g++ -std=c++11'
OBJCXXDEPMODE='depmode=gcc3'
OBJCXXFLAGS=''
OBJDUMP='arm-linux-gnueabihf-objdump'
OBJEXT='o'
OTOOL64=''
OTOOL=''
PACKAGE='raven'
PACKAGE_BUGREPORT='https://github.com/RavenProject/Ravencoin/issues'
PACKAGE_NAME='Raven Core'
PACKAGE_STRING='Raven Core 2.5.1'
PACKAGE_TARNAME='raven'
PACKAGE_URL='https://ravencoin.org/'
PACKAGE_VERSION='2.5.1'
PATH_SEPARATOR=':'
PIC_FLAGS='-fPIC'
PIE_FLAGS='-fPIE'
PKG_CONFIG='/usr/bin/pkg-config --static'
PKG_CONFIG_LIBDIR=''
PKG_CONFIG_PATH='/home/ravenpi/Ravencoin-2.5.1/depends/arm-linux-gnueabihf/share/../share/pkgconfig:/home/ravenpi/Ravencoin-2.5.1/depends/arm-linux-gnueabihf/share/../lib/pkgconfig'
PORT=''
PROTOBUF_CFLAGS=''
PROTOBUF_LIBS=''
PROTOC=''
PTHREAD_CC='arm-linux-gnueabihf-gcc'
PTHREAD_CFLAGS='-pthread'
PTHREAD_LIBS=''
PYTHON='/usr/bin/python3.5'
PYTHONPATH='/home/ravenpi/Ravencoin-2.5.1/depends/arm-linux-gnueabihf/share/../native/lib/python/dist-packages:'
QR_CFLAGS=''
QR_LIBS=''
QT4_CFLAGS=''
QT4_LIBS=''
QT5_CFLAGS=''
QT5_LIBS=''
QTPLATFORM_CFLAGS=''
QTPLATFORM_LIBS=''
QTPRINT_CFLAGS=''
QTPRINT_LIBS=''
QTXCBQPA_CFLAGS=''
QTXCBQPA_LIBS=''
QT_DBUS_CFLAGS=''
QT_DBUS_INCLUDES=''
QT_DBUS_LIBS=''
QT_INCLUDES=''
QT_LDFLAGS=''
QT_LIBS=''
QT_PIE_FLAGS=''
QT_SELECT='qt'
QT_TEST_CFLAGS=''
QT_TEST_INCLUDES=''
QT_TEST_LIBS=''
QT_TRANSLATION_DIR='/home/ravenpi/Ravencoin-2.5.1/depends/arm-linux-gnueabihf/share/../translations'
RANLIB='/usr/bin/arm-linux-gnueabihf-ranlib'
RAVEN_CLI_NAME='raven-cli'
RAVEN_DAEMON_NAME='ravend'
RAVEN_GUI_NAME='raven-qt'
RAVEN_TX_NAME='raven-tx'
RCC=''
READELF='/usr/bin/arm-linux-gnueabihf-readelf'
RELDFLAGS='-Wl,--exclude-libs,ALL'
RSVG_CONVERT=''
SED='/bin/sed'
SET_MAKE=''
SHELL='/bin/bash'
SSE42_CXXFLAGS=''
SSL_CFLAGS='-I/home/ravenpi/Ravencoin-2.5.1/depends/arm-linux-gnueabihf/include'
SSL_LIBS='-L/home/ravenpi/Ravencoin-2.5.1/depends/arm-linux-gnueabihf/lib -lssl -lcrypto -ldl'
STRIP='/usr/bin/arm-linux-gnueabihf-strip'
TARGET_DARWIN_FALSE=''
TARGET_DARWIN_TRUE='#'
TARGET_WINDOWS_FALSE=''
TARGET_WINDOWS_TRUE='#'
TESTDEFS=''
TIFFCP=''
UIC=''
UNIVALUE_CFLAGS='-I$(srcdir)/univalue/include'
UNIVALUE_LIBS='univalue/libunivalue.la'
USE_ASM_FALSE='#'
USE_ASM_TRUE=''
USE_LCOV_FALSE=''
USE_LCOV_TRUE='#'
USE_QRCODE=''
USE_QRCODE_FALSE=''
USE_QRCODE_TRUE='#'
USE_UPNP=''
VERSION='2.5.1'
WINDOWS_BITS=''
WINDRES=''
X11XCB_CFLAGS=''
X11XCB_LIBS=''
XGETTEXT=''
ZMQ_CFLAGS='-I/home/ravenpi/Ravencoin-2.5.1/depends/arm-linux-gnueabihf/include'
ZMQ_LIBS='-L/home/ravenpi/Ravencoin-2.5.1/depends/arm-linux-gnueabihf/lib -lzmq'
ac_ct_AR=''
ac_ct_CC=''
ac_ct_CXX=''
ac_ct_DUMPBIN=''
ac_ct_OBJCXX=''
am__EXEEXT_FALSE=''
am__EXEEXT_TRUE='#'
am__fastdepCC_FALSE='#'
am__fastdepCC_TRUE=''
am__fastdepCXX_FALSE='#'
am__fastdepCXX_TRUE=''
am__fastdepOBJCXX_FALSE='#'
am__fastdepOBJCXX_TRUE=''
am__include='include'
am__isrc=''
am__leading_dot='.'
am__nodep='_no'
am__quote=''
am__tar='$${TAR-tar} chof - "$$tardir"'
am__untar='$${TAR-tar} xf -'
ax_pthread_config=''
bindir='${exec_prefix}/bin'
build='x86_64-pc-linux-gnu'
build_alias=''
build_cpu='x86_64'
build_os='linux-gnu'
build_vendor='pc'
datadir='${datarootdir}'
datarootdir='${prefix}/share'
docdir='${datarootdir}/doc/${PACKAGE_TARNAME}'
dvidir='${docdir}'
exec_prefix='${prefix}'
host='arm-unknown-linux-gnueabihf'
host_alias='arm-linux-gnueabihf'
host_cpu='arm'
host_os='linux-gnueabihf'
host_vendor='unknown'
htmldir='${docdir}'
includedir='${prefix}/include'
infodir='${datarootdir}/info'
install_sh='${SHELL} /home/ravenpi/Ravencoin-2.5.1/build-aux/install-sh'
libdir='${exec_prefix}/lib'
libexecdir='${exec_prefix}/libexec'
localedir='${datarootdir}/locale'
localstatedir='${prefix}/var'
mandir='${datarootdir}/man'
mkdir_p='$(MKDIR_P)'
oldincludedir='/usr/include'
pdfdir='${docdir}'
prefix='/home/ravenpi/Ravencoin-2.5.1/depends/arm-linux-gnueabihf'
program_transform_name='s,x,x,'
psdir='${docdir}'
runstatedir='${localstatedir}/run'
sbindir='${exec_prefix}/sbin'
sharedstatedir='${prefix}/com'
subdirs=' src/univalue src/secp256k1'
sysconfdir='${prefix}/etc'
target_alias=''

## ----------- ##
## confdefs.h. ##
## ----------- ##

/* confdefs.h */
#define PACKAGE_NAME "Raven Core"
#define PACKAGE_TARNAME "raven"
#define PACKAGE_VERSION "2.5.1"
#define PACKAGE_STRING "Raven Core 2.5.1"
#define PACKAGE_BUGREPORT "https://github.com/RavenProject/Ravencoin/issues"
#define PACKAGE_URL "https://ravencoin.org/"
#define HAVE_CXX11 1
#define STDC_HEADERS 1
#define HAVE_SYS_TYPES_H 1
#define HAVE_SYS_STAT_H 1
#define HAVE_STDLIB_H 1
#define HAVE_STRING_H 1
#define HAVE_MEMORY_H 1
#define HAVE_STRINGS_H 1
#define HAVE_INTTYPES_H 1
#define HAVE_STDINT_H 1
#define HAVE_UNISTD_H 1
#define HAVE_DLFCN_H 1
#define LT_OBJDIR ".libs/"
#define USE_ASM 1
#define HAVE_PTHREAD_PRIO_INHERIT 1
#define HAVE_PTHREAD 1
#define _FILE_OFFSET_BITS 64
#define HAVE_DECL_STRERROR_R 1
#define HAVE_STRERROR_R 1
#define STRERROR_R_CHAR_P 1
#define HAVE_FUNC_ATTRIBUTE_VISIBILITY 1
#define HAVE_LIBRT 1
#define FDELT_TYPE long int
#define HAVE_ENDIAN_H 1
#define HAVE_BYTESWAP_H 1
#define HAVE_STDIO_H 1
#define HAVE_STDLIB_H 1
#define HAVE_UNISTD_H 1
#define HAVE_STRINGS_H 1
#define HAVE_SYS_TYPES_H 1
#define HAVE_SYS_STAT_H 1
#define HAVE_SYS_SELECT_H 1
#define HAVE_SYS_PRCTL_H 1
#define HAVE_DECL_STRNLEN 1
#define HAVE_DECL_DAEMON 1
#define HAVE_DECL_LE16TOH 1
#define HAVE_DECL_LE32TOH 1
#define HAVE_DECL_LE64TOH 1
#define HAVE_DECL_HTOLE16 1
#define HAVE_DECL_HTOLE32 1
#define HAVE_DECL_HTOLE64 1
#define HAVE_DECL_BE16TOH 1
#define HAVE_DECL_BE32TOH 1
#define HAVE_DECL_BE64TOH 1
#define HAVE_DECL_HTOBE16 1
#define HAVE_DECL_HTOBE32 1
#define HAVE_DECL_HTOBE64 1
#define HAVE_DECL_BSWAP_16 1
#define HAVE_DECL_BSWAP_32 1
#define HAVE_DECL_BSWAP_64 1
#define HAVE_DECL___BUILTIN_CLZ 1
#define HAVE_DECL___BUILTIN_CLZL 1
#define HAVE_DECL___BUILTIN_CLZLL 1
#define HAVE_MSG_NOSIGNAL 1
#define HAVE_MSG_DONTWAIT 1
#define HAVE_MALLOC_INFO 1
#define HAVE_MALLOPT_ARENA_MAX 1
#define HAVE_VISIBILITY_ATTRIBUTE 1
#define HAVE_SYS_GETRANDOM 1
#define HAVE_MINIUPNPC_MINIWGET_H 1
#define HAVE_MINIUPNPC_MINIUPNPC_H 1
#define HAVE_MINIUPNPC_UPNPCOMMANDS_H 1
#define HAVE_MINIUPNPC_UPNPERRORS_H 1
#define HAVE_BOOST /**/
#define HAVE_BOOST_SYSTEM /**/
#define HAVE_BOOST_FILESYSTEM /**/
#define HAVE_BOOST_PROGRAM_OPTIONS /**/
#define HAVE_BOOST_THREAD /**/
#define HAVE_BOOST_CHRONO /**/
#define HAVE_BOOST_UNIT_TEST_FRAMEWORK /**/
#define HAVE_WORKING_BOOST_SLEEP_FOR 1
#define ENABLE_ZMQ 1
#define HAVE_DECL_EVP_MD_CTX_NEW 0
#define HAVE_CONSENSUS_LIB 1
#define ENABLE_WALLET 1
#define USE_UPNP 0
#define CLIENT_VERSION_MAJOR 2
#define CLIENT_VERSION_MINOR 5
#define CLIENT_VERSION_REVISION 1
#define CLIENT_VERSION_BUILD 0
#define CLIENT_VERSION_IS_RELEASE true
#define COPYRIGHT_YEAR 2018
#define COPYRIGHT_HOLDERS "The %s developers"
#define COPYRIGHT_HOLDERS_SUBSTITUTION "Raven Core"
#define COPYRIGHT_HOLDERS_FINAL "The Raven Core developers"

configure: exit 0
